当前时间:10:01:37    当前价格:7.510000 波动价格:0.0 初始波动:-0.29,比率0.0372%
当前时间:10:01:39    当前价格:7.510000 波动价格:0.0 初始波动:-0.29,比率0.0372%
当前时间:10:01:40    当前价格:7.500000 波动价格:-0.01 初始波动:-0.3,比率0.0385%
当前时间:10:01:41    当前价格:7.500000 波动价格:0.0 初始波动:-0.3,比率0.0385%
当前时间:10:01:42    当前价格:7.510000 波动价格:0.01 初始波动:-0.29,比率0.0372%
当前时间:10:01:43    当前价格:7.510000 波动价格:0.0 初始波动:-0.29,比率0.0372%
当前时间:10:01:44    当前价格:7.510000 波动价格:0.0 初始波动:-0.29,比率0.0372%
当前时间:10:01:45    当前价格:7.510000 波动价格:0.0 初始波动:-0.29,比率0.0372%
当前时间:10:01:46    当前价格:7.500000 波动价格:-0.01 初始波动:-0.3,比率0.0385%
当前时间:10:01:47    当前价格:7.500000 波动价格:0.0 初始波动:-0.3,比率0.0385%
当前时间:10:01:48    当前价格:7.500000 波动价格:0.0 初始波动:-0.3,比率0.0385%
当前时间:10:01:49    当前价格:7.510000 波动价格:0.01 初始波动:-0.29,比率0.0372%
当前时间:10:01:50    当前价格:7.500000 波动价格:-0.01 初始波动:-0.3,比率0.0385%
当前时间:10:01:51    当前价格:7.510000 波动价格:0.01 初始波动:-0.29,比率0.0372%
当前时间:10:01:52    当前价格:7.480000 波动价格:-0.03 初始波动:-0.32,比率0.041%
当前时间:10:01:53    当前价格:7.500000 波动价格:0.02 初始波动:-0.3,比率0.0385%
当前时间:10:01:54    当前价格:7.500000 波动价格:0.0 初始波动:-0.3,比率0.0385%
当前时间:10:01:55    当前价格:7.480000 波动价格:-0.02 初始波动:-0.32,比率0.041%
当前时间:10:01:57    当前价格:7.400000 波动价格:-0.08 初始波动:-0.4,比率0.0513%
当前时间:10:01:58    当前价格:7.500000 波动价格:0.1 初始波动:-0.3,比率0.0385%
当前时间:10:01:59    当前价格:7.350000 波动价格:-0.15 初始波动:-0.45,比率0.0577%
当前时间:10:02:01    当前价格:7.358000 波动价格:0.008 初始波动:-0.442,比率0.0567%
当前时间:10:02:02    当前价格:7.500000 波动价格:0.142 初始波动:-0.3,比率0.0385%
当前时间:10:02:04    当前价格:7.350000 波动价格:-0.15 初始波动:-0.45,比率0.0577%
当前时间:10:02:05    当前价格:7.310000 波动价格:-0.04 初始波动:-0.49,比率0.0628%
当前时间:10:02:06    当前价格:7.350000 波动价格:0.04 初始波动:-0.45,比率0.0577%
当前时间:10:02:07    当前价格:7.350000 波动价格:0.0 初始波动:-0.45,比率0.0577%
当前时间:10:02:08    当前价格:7.350000 波动价格:0.0 初始波动:-0.45,比率0.0577%
当前时间:10:02:09    当前价格:7.350000 波动价格:0.0 初始波动:-0.45,比率0.0577%
当前时间:10:02:10    当前价格:7.358000 波动价格:0.008 初始波动:-0.442,比率0.0567%
当前时间:10:02:11    当前价格:7.350000 波动价格:-0.008 初始波动:-0.45,比率0.0577%
当前时间:10:02:31    当前价格:7.500000 波动价格:0.15 初始波动:-0.3,比率0.0385%
当前时间:10:02:32    当前价格:7.500000 波动价格:0.0 初始波动:-0.3,比率0.0385%
当前时间:10:02:33    当前价格:7.500000 波动价格:0.0 初始波动:-0.3,比率0.0385%
当前时间:10:02:34    当前价格:7.500100 波动价格:0.0001 初始波动:-0.2999,比率0.0384%
当前时间:10:02:35    当前价格:7.500100 波动价格:0.0 初始波动:-0.2999,比率0.0384%
当前时间:10:02:36    当前价格:7.500000 波动价格:-0.0001 初始波动:-0.3,比率0.0385%
当前时间:10:02:55    当前价格:7.600100 波动价格:0.1001 初始波动:-0.1999,比率0.0256%
当前时间:10:02:58    当前价格:7.700000 波动价格:0.0999 初始波动:-0.1,比率0.0128%
当前时间:10:02:59    当前价格:7.700000 波动价格:0.0 初始波动:-0.1,比率0.0128%
当前时间:10:03:00    当前价格:7.630000 波动价格:-0.07 初始波动:-0.17,比率0.0218%
当前时间:10:03:04    当前价格:7.688800 波动价格:0.0588 初始波动:-0.1112,比率0.0143%
当前时间:10:03:23    当前价格:7.600000 波动价格:-0.0888 初始波动:-0.2,比率0.0256%
当前时间:10:03:26    当前价格:7.600000 波动价格:0.0 初始波动:-0.2,比率0.0256%
当前时间:10:03:47    当前价格:7.500200 波动价格:-0.0998 初始波动:-0.2998,比率0.0384%
当前时间:10:03:49    当前价格:7.500000 波动价格:-0.0002 初始波动:-0.3,比率0.0385%
当前时间:10:03:52    当前价格:7.500000 波动价格:0.0 初始波动:-0.3,比率0.0385%
当前时间:10:03:54    当前价格:7.500000 波动价格:0.0 初始波动:-0.3,比率0.0385%
当前时间:10:04:15    当前价格:7.499000 波动价格:-0.001 初始波动:-0.301,比率0.0386%
当前时间:10:04:17    当前价格:7.499000 波动价格:0.0 初始波动:-0.301,比率0.0386%
当前时间:10:04:20    当前价格:7.452000 波动价格:-0.047 初始波动:-0.348,比率0.0446%
当前时间:10:04:23    当前价格:7.498990 波动价格:0.04699 初始波动:-0.30101,比率0.0386%
当前时间:10:04:25    当前价格:7.450001 波动价格:-0.048989 初始波动:-0.349999,比率0.0449%
当前时间:10:12:17    当前价格:7.400000 波动价格:0.0 初始波动:-0.4,比率0.0513%
当前时间:10:12:19    当前价格:7.400000 波动价格:0.0 初始波动:-0.4,比率0.0513%
当前时间:10:12:21    当前价格:7.399000 波动价格:-0.001 初始波动:-0.401,比率0.0514%
当前时间:10:12:22    当前价格:7.380000 波动价格:-0.019 初始波动:-0.42,比率0.0538%
当前时间:10:12:44    当前价格:7.360000 波动价格:0.0 初始波动:-0.44,比率0.0564%
当前时间:10:12:50    当前价格:7.360000 波动价格:0.0 初始波动:-0.44,比率0.0564%
当前时间:10:12:51    当前价格:7.360000 波动价格:0.0 初始波动:-0.44,比率0.0564%
当前时间:10:12:54    当前价格:7.360000 波动价格:0.0 初始波动:-0.44,比率0.0564%
当前时间:10:12:55    当前价格:7.360000 波动价格:0.0 初始波动:-0.44,比率0.0564%
当前时间:10:12:56    当前价格:7.360000 波动价格:0.0 初始波动:-0.44,比率0.0564%
当前时间:10:12:59    当前价格:7.360000 波动价格:0.0 初始波动:-0.44,比率0.0564%
当前时间:10:13:00    当前价格:7.360000 波动价格:0.0 初始波动:-0.44,比率0.0564%
当前时间:10:13:01    当前价格:7.360000 波动价格:0.0 初始波动:-0.44,比率0.0564%
当前时间:10:13:02    当前价格:7.360000 波动价格:0.0 初始波动:-0.44,比率0.0564%
当前时间:10:13:04    当前价格:7.360000 波动价格:0.0 初始波动:-0.44,比率0.0564%
当前时间:10:13:05    当前价格:7.360000 波动价格:0.0 初始波动:-0.44,比率0.0564%
当前时间:10:13:07    当前价格:7.360000 波动价格:0.0 初始波动:-0.44,比率0.0564%
当前时间:10:13:09    当前价格:7.360000 波动价格:0.0 初始波动:-0.44,比率0.0564%
当前时间:10:13:11    当前价格:7.360000 波动价格:0.0 初始波动:-0.44,比率0.0564%
当前时间:10:13:13    当前价格:7.360000 波动价格:0.0 初始波动:-0.44,比率0.0564%
当前时间:10:13:14    当前价格:7.360000 波动价格:0.0 初始波动:-0.44,比率0.0564%
当前时间:10:13:15    当前价格:7.360000 波动价格:0.0 初始波动:-0.44,比率0.0564%
当前时间:10:13:16    当前价格:7.360000 波动价格:0.0 初始波动:-0.44,比率0.0564%
当前时间:10:13:18    当前价格:7.369000 波动价格:0.009 初始波动:-0.431,比率0.0553%
当前时间:10:13:19    当前价格:7.360000 波动价格:-0.009 初始波动:-0.44,比率0.0564%
当前时间:10:13:20    当前价格:7.360000 波动价格:0.0 初始波动:-0.44,比率0.0564%
当前时间:10:13:23    当前价格:7.360000 波动价格:0.0 初始波动:-0.44,比率0.0564%
当前时间:10:13:24    当前价格:7.360000 波动价格:0.0 初始波动:-0.44,比率0.0564%
当前时间:10:13:27    当前价格:7.360000 波动价格:0.0 初始波动:-0.44,比率0.0564%
当前时间:10:13:28    当前价格:7.360000 波动价格:0.0 初始波动:-0.44,比率0.0564%
当前时间:10:13:31    当前价格:7.360000 波动价格:0.0 初始波动:-0.44,比率0.0564%
当前时间:10:13:33    当前价格:7.360000 波动价格:0.0 初始波动:-0.44,比率0.0564%
当前时间:10:13:37    当前价格:7.360000 波动价格:0.0 初始波动:-0.44,比率0.0564%
当前时间:10:13:40    当前价格:7.360000 波动价格:0.0 初始波动:-0.44,比率0.0564%
当前时间:10:13:41    当前价格:7.360000 波动价格:0.0 初始波动:-0.44,比率0.0564%
当前时间:10:13:44    当前价格:7.360000 波动价格:0.0 初始波动:-0.44,比率0.0564%
当前时间:10:13:46    当前价格:7.360000 波动价格:0.0 初始波动:-0.44,比率0.0564%
当前时间:10:13:48    当前价格:7.360000 波动价格:0.0 初始波动:-0.44,比率0.0564%
当前时间:10:13:50    当前价格:7.360000 波动价格:0.0 初始波动:-0.44,比率0.0564%
当前时间:10:13:52    当前价格:7.360000 波动价格:0.0 初始波动:-0.44,比率0.0564%
当前时间:10:13:55    当前价格:7.360000 波动价格:0.0 初始波动:-0.44,比率0.0564%
当前时间:10:13:56    当前价格:7.360000 波动价格:0.0 初始波动:-0.44,比率0.0564%
当前时间:10:13:58    当前价格:7.360000 波动价格:0.0 初始波动:-0.44,比率0.0564%
当前时间:10:13:59    当前价格:7.360000 波动价格:0.0 初始波动:-0.44,比率0.0564%
当前时间:10:14:01    当前价格:7.350000 波动价格:-0.01 初始波动:-0.45,比率0.0577%
当前时间:10:14:03    当前价格:7.350000 波动价格:0.0 初始波动:-0.45,比率0.0577%
当前时间:10:14:05    当前价格:7.360000 波动价格:0.01 初始波动:-0.44,比率0.0564%
当前时间:10:14:06    当前价格:7.360000 波动价格:0.0 初始波动:-0.44,比率0.0564%
当前时间:10:14:09    当前价格:7.350000 波动价格:-0.01 初始波动:-0.45,比率0.0577%
当前时间:10:14:12    当前价格:7.350000 波动价格:0.0 初始波动:-0.45,比率0.0577%
当前时间:10:14:13    当前价格:7.342000 波动价格:-0.008 初始波动:-0.458,比率0.0587%
当前时间:10:14:17    当前价格:7.342000 波动价格:0.0 初始波动:-0.458,比率0.0587%
当前时间:10:14:21    当前价格:7.342000 波动价格:0.0 初始波动:-0.458,比率0.0587%
当前时间:10:14:23    当前价格:7.342000 波动价格:0.0 初始波动:-0.458,比率0.0587%
当前时间:10:14:25    当前价格:7.342000 波动价格:0.0 初始波动:-0.458,比率0.0587%
当前时间:10:14:26    当前价格:7.342000 波动价格:0.0 初始波动:-0.458,比率0.0587%
当前时间:10:14:27    当前价格:7.340000 波动价格:-0.002 初始波动:-0.46,比率0.059%
当前时间:10:14:28    当前价格:7.342000 波动价格:0.002 初始波动:-0.458,比率0.0587%
当前时间:10:14:32    当前价格:7.342000 波动价格:0.0 初始波动:-0.458,比率0.0587%
当前时间:10:14:33    当前价格:7.342000 波动价格:0.0 初始波动:-0.458,比率0.0587%
当前时间:10:14:34    当前价格:7.342000 波动价格:0.0 初始波动:-0.458,比率0.0587%
当前时间:10:14:37    当前价格:7.342000 波动价格:0.0 初始波动:-0.458,比率0.0587%
当前时间:10:14:38    当前价格:7.342000 波动价格:0.0 初始波动:-0.458,比率0.0587%
当前时间:10:14:41    当前价格:7.342000 波动价格:0.0 初始波动:-0.458,比率0.0587%
当前时间:10:14:42    当前价格:7.342000 波动价格:0.0 初始波动:-0.458,比率0.0587%
当前时间:10:14:44    当前价格:7.342000 波动价格:0.0 初始波动:-0.458,比率0.0587%
当前时间:10:14:46    当前价格:7.342000 波动价格:0.0 初始波动:-0.458,比率0.0587%
当前时间:10:14:50    当前价格:7.342000 波动价格:0.0 初始波动:-0.458,比率0.0587%
当前时间:10:14:54    当前价格:7.330000 波动价格:-0.012 初始波动:-0.47,比率0.0603%
当前时间:10:14:56    当前价格:7.342000 波动价格:0.012 初始波动:-0.458,比率0.0587%
当前时间:10:15:06    当前价格:7.330000 波动价格:-0.012 初始波动:-0.47,比率0.0603%
当前时间:10:15:13    当前价格:7.334000 波动价格:0.004 初始波动:-0.466,比率0.0597%
当前时间:10:15:14    当前价格:7.330000 波动价格:-0.004 初始波动:-0.47,比率0.0603%
当前时间:10:15:15    当前价格:7.330000 波动价格:0.0 初始波动:-0.47,比率0.0603%
当前时间:10:15:21    当前价格:7.330000 波动价格:0.0 初始波动:-0.47,比率0.0603%
当前时间:10:15:24    当前价格:7.330000 波动价格:0.0 初始波动:-0.47,比率0.0603%
当前时间:10:15:39    当前价格:7.330001 波动价格:1e-06 初始波动:-0.469999,比率0.0603%
当前时间:10:16:00    当前价格:7.334000 波动价格:0.003999 初始波动:-0.466,比率0.0597%
当前时间:10:16:03    当前价格:7.330001 波动价格:-0.003999 初始波动:-0.469999,比率0.0603%
当前时间:10:16:08    当前价格:7.334000 波动价格:0.003999 初始波动:-0.466,比率0.0597%
当前时间:10:16:12    当前价格:7.334000 波动价格:0.0 初始波动:-0.466,比率0.0597%
当前时间:10:16:13    当前价格:7.340000 波动价格:0.006 初始波动:-0.46,比率0.059%
当前时间:10:16:22    当前价格:7.342000 波动价格:0.002 初始波动:-0.458,比率0.0587%
当前时间:10:16:33    当前价格:7.342000 波动价格:0.0 初始波动:-0.458,比率0.0587%
当前时间:10:16:34    当前价格:7.360000 波动价格:0.018 初始波动:-0.44,比率0.0564%
当前时间:10:16:37    当前价格:7.360000 波动价格:0.0 初始波动:-0.44,比率0.0564%
当前时间:10:16:49    当前价格:7.399000 波动价格:0.039 初始波动:-0.401,比率0.0514%
当前时间:10:16:51    当前价格:7.360001 波动价格:-0.038999 初始波动:-0.439999,比率0.0564%
当前时间:10:16:53    当前价格:7.399000 波动价格:0.038999 初始波动:-0.401,比率0.0514%
当前时间:10:17:02    当前价格:7.370000 波动价格:-0.029 初始波动:-0.43,比率0.0551%
当前时间:10:17:06    当前价格:7.400000 波动价格:0.03 初始波动:-0.4,比率0.0513%
当前时间:10:17:08    当前价格:7.400000 波动价格:0.0 初始波动:-0.4,比率0.0513%
当前时间:10:17:11    当前价格:7.399000 波动价格:-0.001 初始波动:-0.401,比率0.0514%
当前时间:10:17:14    当前价格:7.399000 波动价格:0.0 初始波动:-0.401,比率0.0514%
当前时间:10:17:16    当前价格:7.399000 波动价格:0.0 初始波动:-0.401,比率0.0514%
当前时间:10:17:23    当前价格:7.399000 波动价格:0.0 初始波动:-0.401,比率0.0514%
当前时间:10:17:24    当前价格:7.399000 波动价格:0.0 初始波动:-0.401,比率0.0514%
当前时间:10:17:43    当前价格:7.370000 波动价格:-0.029 初始波动:-0.43,比率0.0551%
当前时间:10:17:58    当前价格:7.399900 波动价格:0.0299 初始波动:-0.4001,比率0.0513%
当前时间:10:18:18    当前价格:7.330001 波动价格:-0.069899 初始波动:-0.469999,比率0.0603%
当前时间:10:18:45    当前价格:7.350000 波动价格:0.019999 初始波动:-0.45,比率0.0577%
当前时间:10:19:00    当前价格:7.350000 波动价格:0.0 初始波动:-0.45,比率0.0577%
当前时间:10:19:10    当前价格:7.350000 波动价格:0.0 初始波动:-0.45,比率0.0577%
当前时间:10:19:31    当前价格:7.340000 波动价格:-0.01 初始波动:-0.46,比率0.059%
当前时间:10:19:32    当前价格:7.350000 波动价格:0.01 初始波动:-0.45,比率0.0577%
当前时间:10:19:47    当前价格:7.350000 波动价格:0.0 初始波动:-0.45,比率0.0577%
当前时间:10:20:05    当前价格:7.350000 波动价格:0.0 初始波动:-0.45,比率0.0577%
当前时间:10:20:29    当前价格:7.330001 波动价格:-0.019999 初始波动:-0.469999,比率0.0603%
当前时间:10:20:34    当前价格:7.330001 波动价格:0.0 初始波动:-0.469999,比率0.0603%
当前时间:10:20:38    当前价格:7.330000 波动价格:-1e-06 初始波动:-0.47,比率0.0603%
当前时间:10:20:41    当前价格:7.330001 波动价格:1e-06 初始波动:-0.469999,比率0.0603%
当前时间:10:20:42    当前价格:7.330000 波动价格:-1e-06 初始波动:-0.47,比率0.0603%
当前时间:10:20:45    当前价格:7.330000 波动价格:0.0 初始波动:-0.47,比率0.0603%
当前时间:10:20:47    当前价格:7.330000 波动价格:0.0 初始波动:-0.47,比率0.0603%
当前时间:10:21:11    当前价格:7.300090 波动价格:-0.02991 初始波动:-0.49991,比率0.0641%
当前时间:10:21:13    当前价格:7.300000 波动价格:-9e-05 初始波动:-0.5,比率0.0641%
当前时间:10:21:14    当前价格:7.320000 波动价格:0.02 初始波动:-0.48,比率0.0615%
当前时间:10:21:15    当前价格:7.300000 波动价格:-0.02 初始波动:-0.5,比率0.0641%
当前时间:10:21:16    当前价格:7.300000 波动价格:0.0 初始波动:-0.5,比率0.0641%
当前时间:10:21:17    当前价格:7.300000 波动价格:0.0 初始波动:-0.5,比率0.0641%
当前时间:10:21:18    当前价格:7.300000 波动价格:0.0 初始波动:-0.5,比率0.0641%
当前时间:10:21:21    当前价格:7.300000 波动价格:0.0 初始波动:-0.5,比率0.0641%
当前时间:10:21:23    当前价格:7.280000 波动价格:-0.02 初始波动:-0.52,比率0.0667%
当前时间:10:21:24    当前价格:7.300000 波动价格:0.02 初始波动:-0.5,比率0.0641%
当前时间:10:21:49    当前价格:7.280000 波动价格:-0.02 初始波动:-0.52,比率0.0667%
当前时间:10:21:51    当前价格:7.250000 波动价格:-0.03 初始波动:-0.55,比率0.0705%
当前时间:10:21:54    当前价格:7.250000 波动价格:0.0 初始波动:-0.55,比率0.0705%
当前时间:10:21:56    当前价格:7.250000 波动价格:0.0 初始波动:-0.55,比率0.0705%
当前时间:10:21:57    当前价格:7.250000 波动价格:0.0 初始波动:-0.55,比率0.0705%
当前时间:10:22:20    当前价格:7.250000 波动价格:0.0 初始波动:-0.55,比率0.0705%
当前时间:10:22:31    当前价格:7.230000 波动价格:-0.02 初始波动:-0.57,比率0.0731%
当前时间:10:22:32    当前价格:7.248000 波动价格:0.018 初始波动:-0.552,比率0.0708%
当前时间:10:22:39    当前价格:7.230000 波动价格:-0.018 初始波动:-0.57,比率0.0731%
当前时间:10:22:43    当前价格:7.230000 波动价格:0.0 初始波动:-0.57,比率0.0731%
当前时间:10:22:46    当前价格:7.230000 波动价格:0.0 初始波动:-0.57,比率0.0731%
当前时间:10:22:49    当前价格:7.210010 波动价格:-0.01999 初始波动:-0.58999,比率0.0756%
当前时间:10:22:51    当前价格:7.200000 波动价格:-0.01001 初始波动:-0.6,比率0.0769%
当前时间:10:22:54    当前价格:7.200000 波动价格:0.0 初始波动:-0.6,比率0.0769%
当前时间:10:22:57    当前价格:7.200000 波动价格:0.0 初始波动:-0.6,比率0.0769%
当前时间:10:22:58    当前价格:7.200000 波动价格:0.0 初始波动:-0.6,比率0.0769%
当前时间:10:23:22    当前价格:7.200000 波动价格:0.0 初始波动:-0.6,比率0.0769%
当前时间:10:23:26    当前价格:7.121000 波动价格:-0.079 初始波动:-0.679,比率0.0871%
当前时间:10:23:27    当前价格:7.200000 波动价格:0.079 初始波动:-0.6,比率0.0769%
当前时间:10:23:29    当前价格:7.200000 波动价格:0.0 初始波动:-0.6,比率0.0769%
当前时间:10:23:32    当前价格:7.110000 波动价格:-0.09 初始波动:-0.69,比率0.0885%
当前时间:10:23:34    当前价格:7.220000 波动价格:0.11 初始波动:-0.58,比率0.0744%
当前时间:10:23:36    当前价格:7.110000 波动价格:-0.11 初始波动:-0.69,比率0.0885%
当前时间:10:23:37    当前价格:7.110000 波动价格:0.0 初始波动:-0.69,比率0.0885%
当前时间:10:23:38    当前价格:7.200000 波动价格:0.09 初始波动:-0.6,比率0.0769%
当前时间:10:23:42    当前价格:7.200000 波动价格:0.0 初始波动:-0.6,比率0.0769%
当前时间:10:23:55    当前价格:7.200000 波动价格:0.0 初始波动:-0.6,比率0.0769%
当前时间:10:23:59    当前价格:7.150000 波动价格:-0.05 初始波动:-0.65,比率0.0833%
当前时间:10:24:02    当前价格:7.150000 波动价格:0.0 初始波动:-0.65,比率0.0833%
当前时间:10:24:03    当前价格:7.150000 波动价格:0.0 初始波动:-0.65,比率0.0833%
当前时间:10:24:12    当前价格:7.150000 波动价格:0.0 初始波动:-0.65,比率0.0833%
当前时间:10:24:14    当前价格:7.121000 波动价格:-0.029 初始波动:-0.679,比率0.0871%
当前时间:10:24:21    当前价格:7.121000 波动价格:0.0 初始波动:-0.679,比率0.0871%
当前时间:10:24:44    当前价格:7.121000 波动价格:0.0 初始波动:-0.679,比率0.0871%
当前时间:10:24:48    当前价格:7.121000 波动价格:0.0 初始波动:-0.679,比率0.0871%
当前时间:10:24:49    当前价格:7.121000 波动价格:0.0 初始波动:-0.679,比率0.0871%
当前时间:10:25:10    当前价格:7.121000 波动价格:0.0 初始波动:-0.679,比率0.0871%
当前时间:10:25:11    当前价格:7.130000 波动价格:0.009 初始波动:-0.67,比率0.0859%
当前时间:10:25:13    当前价格:7.120000 波动价格:-0.01 初始波动:-0.68,比率0.0872%
当前时间:10:25:33    当前价格:7.101000 波动价格:-0.019 初始波动:-0.699,比率0.0896%
当前时间:10:25:35    当前价格:7.050000 波动价格:-0.051 初始波动:-0.75,比率0.0962%
当前时间:10:25:39    当前价格:7.050000 波动价格:0.0 初始波动:-0.75,比率0.0962%
当前时间:10:25:41    当前价格:7.050000 波动价格:0.0 初始波动:-0.75,比率0.0962%
当前时间:10:25:44    当前价格:7.050000 波动价格:0.0 初始波动:-0.75,比率0.0962%
当前时间:10:26:05    当前价格:7.023000 波动价格:-0.027 初始波动:-0.777,比率0.0996%
当前时间:10:26:07    当前价格:7.050000 波动价格:0.027 初始波动:-0.75,比率0.0962%
当前时间:10:26:08    当前价格:7.040000 波动价格:-0.01 初始波动:-0.76,比率0.0974%
当前时间:10:26:10    当前价格:7.015000 波动价格:-0.025 初始波动:-0.785,比率0.1006%
当前时间:10:26:11    当前价格:7.040000 波动价格:0.025 初始波动:-0.76,比率0.0974%
当前时间:10:26:13    当前价格:7.023000 波动价格:-0.017 初始波动:-0.777,比率0.0996%
当前时间:10:26:14    当前价格:7.000200 波动价格:-0.0228 初始波动:-0.7998,比率0.1025%
当前时间:10:26:16    当前价格:7.023000 波动价格:0.0228 初始波动:-0.777,比率0.0996%
当前时间:10:26:17    当前价格:7.023000 波动价格:0.0 初始波动:-0.777,比率0.0996%
当前时间:10:26:18    当前价格:7.000102 波动价格:-0.022898 初始波动:-0.799898,比率0.1026%
当前时间:10:26:22    当前价格:7.000101 波动价格:-1e-06 初始波动:-0.799899,比率0.1026%
当前时间:10:26:24    当前价格:7.000101 波动价格:0.0 初始波动:-0.799899,比率0.1026%
当前时间:10:26:26    当前价格:7.023000 波动价格:0.022899 初始波动:-0.777,比率0.0996%
当前时间:10:26:46    当前价格:7.000000 波动价格:-0.023 初始波动:-0.8,比率0.1026%
当前时间:10:26:47    当前价格:6.990000 波动价格:-0.01 初始波动:-0.81,比率0.1038%
当前时间:10:26:49    当前价格:6.990000 波动价格:0.0 初始波动:-0.81,比率0.1038%
当前时间:10:26:53    当前价格:6.910000 波动价格:-0.08 初始波动:-0.89,比率0.1141%
当前时间:10:26:54    当前价格:6.900000 波动价格:-0.01 初始波动:-0.9,比率0.1154%
当前时间:10:26:55    当前价格:6.950000 波动价格:0.05 初始波动:-0.85,比率0.109%
当前时间:10:26:58    当前价格:6.910000 波动价格:-0.04 初始波动:-0.89,比率0.1141%
当前时间:10:27:02    当前价格:6.900000 波动价格:-0.01 初始波动:-0.9,比率0.1154%
当前时间:10:27:03    当前价格:6.900000 波动价格:0.0 初始波动:-0.9,比率0.1154%
当前时间:10:27:07    当前价格:6.900000 波动价格:0.0 初始波动:-0.9,比率0.1154%
当前时间:10:27:21    当前价格:6.830000 波动价格:0.0 初始波动:-0.97,比率0.1244%
当前时间:10:27:24    当前价格:6.830000 波动价格:0.0 初始波动:-0.97,比率0.1244%
当前时间:10:27:27    当前价格:6.810000 波动价格:-0.09 初始波动:-0.99,比率0.1269%
当前时间:10:27:32    当前价格:6.800000 波动价格:-0.01 初始波动:-1.0,比率0.1282%
当前时间:10:27:33    当前价格:6.820000 波动价格:0.02 初始波动:-0.98,比率0.1256%
当前时间:10:27:34    当前价格:6.820000 波动价格:0.0 初始波动:-0.98,比率0.1256%
当前时间:10:27:35    当前价格:6.800000 波动价格:-0.02 初始波动:-1.0,比率0.1282%
当前时间:10:27:38    当前价格:6.800000 波动价格:0.0 初始波动:-1.0,比率0.1282%
当前时间:10:27:40    当前价格:6.720000 波动价格:-0.08 初始波动:-1.08,比率0.1385%
当前时间:10:27:44    当前价格:6.720000 波动价格:0.0 初始波动:-1.08,比率0.1385%
当前时间:10:27:47    当前价格:6.700001 波动价格:-0.019999 初始波动:-1.099999,比率0.141%
当前时间:10:27:51    当前价格:6.700001 波动价格:0.0 初始波动:-1.099999,比率0.141%
当前时间:10:27:53    当前价格:6.700001 波动价格:0.0 初始波动:-1.099999,比率0.141%
当前时间:10:27:55    当前价格:6.700001 波动价格:0.0 初始波动:-1.099999,比率0.141%
当前时间:10:27:57    当前价格:6.700000 波动价格:-1e-06 初始波动:-1.1,比率0.141%
当前时间:10:27:58    当前价格:6.700000 波动价格:0.0 初始波动:-1.1,比率0.141%
当前时间:10:27:59    当前价格:6.700000 波动价格:0.0 初始波动:-1.1,比率0.141%
当前时间:10:28:01    当前价格:6.700001 波动价格:1e-06 初始波动:-1.099999,比率0.141%
当前时间:10:28:03    当前价格:6.700000 波动价格:-1e-06 初始波动:-1.1,比率0.141%
当前时间:10:28:05    当前价格:6.600000 波动价格:-0.1 初始波动:-1.2,比率0.1538%
当前时间:10:28:06    当前价格:6.600000 波动价格:0.0 初始波动:-1.2,比率0.1538%
当前时间:10:28:28    当前价格:6.700001 波动价格:0.100001 初始波动:-1.099999,比率0.141%
当前时间:10:28:48    当前价格:6.900000 波动价格:0.199999 初始波动:-0.9,比率0.1154%
当前时间:10:28:50    当前价格:6.830000 波动价格:-0.07 初始波动:-0.97,比率0.1244%
当前时间:10:28:51    当前价格:6.950000 波动价格:0.12 初始波动:-0.85,比率0.109%
当前时间:10:29:51    当前价格:7.100000 波动价格:0.15 初始波动:-0.7,比率0.0897%
当前时间:10:29:53    当前价格:7.100000 波动价格:0.0 初始波动:-0.7,比率0.0897%
当前时间:10:30:13    当前价格:6.900000 波动价格:-0.2 初始波动:-0.9,比率0.1154%
当前时间:10:30:32    当前价格:6.800000 波动价格:-0.1 初始波动:-1.0,比率0.1282%
当前时间:10:30:37    当前价格:6.800000 波动价格:0.0 初始波动:-1.0,比率0.1282%
当前时间:10:30:38    当前价格:6.830000 波动价格:0.03 初始波动:-0.97,比率0.1244%
当前时间:10:30:43    当前价格:6.800000 波动价格:-0.03 初始波动:-1.0,比率0.1282%
当前时间:10:30:47    当前价格:6.800000 波动价格:0.0 初始波动:-1.0,比率0.1282%
当前时间:10:30:48    当前价格:6.800000 波动价格:0.0 初始波动:-1.0,比率0.1282%
当前时间:10:30:49    当前价格:6.800000 波动价格:0.0 初始波动:-1.0,比率0.1282%
当前时间:10:30:50    当前价格:6.800000 波动价格:0.0 初始波动:-1.0,比率0.1282%
当前时间:10:30:51    当前价格:6.820000 波动价格:0.02 初始波动:-0.98,比率0.1256%
当前时间:10:30:53    当前价格:6.700000 波动价格:-0.12 初始波动:-1.1,比率0.141%
当前时间:10:31:06    当前价格:6.700000 波动价格:0.0 初始波动:-1.1,比率0.141%
当前时间:10:31:16    当前价格:6.700000 波动价格:0.0 初始波动:-1.1,比率0.141%
当前时间:10:31:18    当前价格:6.700000 波动价格:0.0 初始波动:-1.1,比率0.141%
当前时间:10:31:20    当前价格:6.700000 波动价格:0.0 初始波动:-1.1,比率0.141%
当前时间:10:31:38    当前价格:6.700000 波动价格:0.0 初始波动:-1.1,比率0.141%
当前时间:10:31:42    当前价格:6.701000 波动价格:0.001 初始波动:-1.099,比率0.1409%
当前时间:10:31:44    当前价格:6.770000 波动价格:0.069 初始波动:-1.03,比率0.1321%
当前时间:10:31:45    当前价格:6.770000 波动价格:0.0 初始波动:-1.03,比率0.1321%
当前时间:10:31:50    当前价格:6.701000 波动价格:-0.069 初始波动:-1.099,比率0.1409%
当前时间:10:31:55    当前价格:6.780000 波动价格:0.079 初始波动:-1.02,比率0.1308%
当前时间:10:31:58    当前价格:6.770000 波动价格:-0.01 初始波动:-1.03,比率0.1321%
当前时间:10:32:18    当前价格:6.770000 波动价格:0.0 初始波动:-1.03,比率0.1321%
当前时间:10:32:23    当前价格:6.770000 波动价格:0.0 初始波动:-1.03,比率0.1321%
当前时间:10:32:25    当前价格:6.770000 波动价格:0.0 初始波动:-1.03,比率0.1321%
当前时间:10:32:32    当前价格:6.820000 波动价格:0.05 初始波动:-0.98,比率0.1256%
当前时间:10:32:35    当前价格:6.820000 波动价格:0.0 初始波动:-0.98,比率0.1256%
当前时间:10:32:38    当前价格:6.820000 波动价格:0.0 初始波动:-0.98,比率0.1256%
当前时间:10:32:59    当前价格:6.990000 波动价格:0.17 初始波动:-0.81,比率0.1038%
当前时间:10:33:20    当前价格:6.989000 波动价格:-0.001 初始波动:-0.811,比率0.104%
当前时间:10:33:24    当前价格:6.989000 波动价格:0.0 初始波动:-0.811,比率0.104%
当前时间:10:33:25    当前价格:7.000000 波动价格:0.011 初始波动:-0.8,比率0.1026%
当前时间:10:33:44    当前价格:6.900000 波动价格:-0.1 初始波动:-0.9,比率0.1154%
当前时间:10:33:48    当前价格:6.900000 波动价格:0.0 初始波动:-0.9,比率0.1154%
当前时间:10:33:50    当前价格:6.980000 波动价格:0.08 初始波动:-0.82,比率0.1051%
当前时间:10:34:06    当前价格:6.912000 波动价格:-0.068 初始波动:-0.888,比率0.1138%
当前时间:10:34:38    当前价格:6.913000 波动价格:0.001 初始波动:-0.887,比率0.1137%
当前时间:10:34:46    当前价格:6.913000 波动价格:0.0 初始波动:-0.887,比率0.1137%
当前时间:10:34:52    当前价格:6.915000 波动价格:0.002 初始波动:-0.885,比率0.1135%
当前时间:10:35:12    当前价格:6.920000 波动价格:0.005 初始波动:-0.88,比率0.1128%
当前时间:10:35:27    当前价格:6.968000 波动价格:0.048 初始波动:-0.832,比率0.1067%
当前时间:10:35:28    当前价格:6.959000 波动价格:-0.009 初始波动:-0.841,比率0.1078%
当前时间:10:35:50    当前价格:6.958000 波动价格:-0.001 初始波动:-0.842,比率0.1079%
当前时间:10:35:54    当前价格:6.950000 波动价格:-0.008 初始波动:-0.85,比率0.109%
当前时间:10:36:04    当前价格:6.958000 波动价格:0.008 初始波动:-0.842,比率0.1079%
当前时间:10:36:09    当前价格:6.958000 波动价格:0.0 初始波动:-0.842,比率0.1079%
当前时间:10:36:11    当前价格:6.959000 波动价格:0.001 初始波动:-0.841,比率0.1078%
当前时间:10:36:17    当前价格:6.968000 波动价格:0.009 初始波动:-0.832,比率0.1067%
当前时间:10:36:34    当前价格:7.000000 波动价格:0.032 初始波动:-0.8,比率0.1026%
当前时间:10:37:08    当前价格:7.030000 波动价格:0.03 初始波动:-0.77,比率0.0987%
当前时间:10:37:10    当前价格:7.030000 波动价格:0.0 初始波动:-0.77,比率0.0987%
当前时间:10:37:31    当前价格:7.080000 波动价格:0.05 初始波动:-0.72,比率0.0923%
当前时间:10:37:32    当前价格:7.080000 波动价格:0.0 初始波动:-0.72,比率0.0923%
当前时间:10:37:44    当前价格:7.070000 波动价格:-0.01 初始波动:-0.73,比率0.0936%
当前时间:10:37:45    当前价格:7.070000 波动价格:0.0 初始波动:-0.73,比率0.0936%
当前时间:10:38:04    当前价格:7.070000 波动价格:0.0 初始波动:-0.73,比率0.0936%
当前时间:10:38:09    当前价格:7.070000 波动价格:0.0 初始波动:-0.73,比率0.0936%
当前时间:10:38:10    当前价格:7.070000 波动价格:0.0 初始波动:-0.73,比率0.0936%
当前时间:10:38:18    当前价格:7.070000 波动价格:0.0 初始波动:-0.73,比率0.0936%
当前时间:10:38:21    当前价格:7.070000 波动价格:0.0 初始波动:-0.73,比率0.0936%
当前时间:10:38:22    当前价格:7.070000 波动价格:0.0 初始波动:-0.73,比率0.0936%
当前时间:10:38:28    当前价格:7.061000 波动价格:-0.009 初始波动:-0.739,比率0.0947%
当前时间:10:38:29    当前价格:7.070000 波动价格:0.009 初始波动:-0.73,比率0.0936%
当前时间:10:38:33    当前价格:7.079800 波动价格:0.0098 初始波动:-0.7202,比率0.0923%
当前时间:10:38:38    当前价格:7.070000 波动价格:-0.0098 初始波动:-0.73,比率0.0936%
当前时间:10:38:39    当前价格:7.079800 波动价格:0.0098 初始波动:-0.7202,比率0.0923%
当前时间:10:39:00    当前价格:7.079700 波动价格:-0.0001 初始波动:-0.7203,比率0.0923%
当前时间:10:39:01    当前价格:7.060000 波动价格:-0.0197 初始波动:-0.74,比率0.0949%
当前时间:10:39:02    当前价格:7.060000 波动价格:0.0 初始波动:-0.74,比率0.0949%
当前时间:10:39:11    当前价格:7.050000 波动价格:-0.01 初始波动:-0.75,比率0.0962%
当前时间:10:39:13    当前价格:7.050000 波动价格:0.0 初始波动:-0.75,比率0.0962%
当前时间:10:39:34    当前价格:7.060000 波动价格:0.01 初始波动:-0.74,比率0.0949%
当前时间:10:39:37    当前价格:7.011000 波动价格:-0.049 初始波动:-0.789,比率0.1012%
当前时间:10:39:43    当前价格:7.020010 波动价格:0.00901 初始波动:-0.77999,比率0.1%
当前时间:10:40:08    当前价格:7.050000 波动价格:0.02999 初始波动:-0.75,比率0.0962%
当前时间:10:40:11    当前价格:7.050000 波动价格:0.0 初始波动:-0.75,比率0.0962%
当前时间:10:40:48    当前价格:7.050000 波动价格:0.0 初始波动:-0.75,比率0.0962%
当前时间:10:40:53    当前价格:7.022220 波动价格:-0.02778 初始波动:-0.77778,比率0.0997%
当前时间:10:41:00    当前价格:7.050000 波动价格:0.02778 初始波动:-0.75,比率0.0962%
当前时间:10:41:01    当前价格:7.050000 波动价格:0.0 初始波动:-0.75,比率0.0962%
当前时间:10:41:02    当前价格:7.051000 波动价格:0.001 初始波动:-0.749,比率0.096%
当前时间:10:41:08    当前价格:7.051000 波动价格:0.0 初始波动:-0.749,比率0.096%
当前时间:10:41:11    当前价格:7.051000 波动价格:0.0 初始波动:-0.749,比率0.096%
当前时间:10:41:14    当前价格:7.051000 波动价格:0.0 初始波动:-0.749,比率0.096%
当前时间:10:41:32    当前价格:7.050000 波动价格:-0.001 初始波动:-0.75,比率0.0962%
当前时间:10:41:47    当前价格:7.048000 波动价格:-0.002 初始波动:-0.752,比率0.0964%
当前时间:10:41:48    当前价格:7.050000 波动价格:0.002 初始波动:-0.75,比率0.0962%
当前时间:10:41:52    当前价格:7.049000 波动价格:-0.001 初始波动:-0.751,比率0.0963%
当前时间:10:41:56    当前价格:7.030000 波动价格:-0.019 初始波动:-0.77,比率0.0987%
当前时间:10:42:03    当前价格:7.049000 波动价格:0.019 初始波动:-0.751,比率0.0963%
当前时间:10:42:16    当前价格:7.031100 波动价格:-0.0179 初始波动:-0.7689,比率0.0986%
当前时间:10:42:23    当前价格:7.045000 波动价格:0.0139 初始波动:-0.755,比率0.0968%
当前时间:10:42:46    当前价格:7.031100 波动价格:-0.0139 初始波动:-0.7689,比率0.0986%
当前时间:10:43:29    当前价格:7.031100 波动价格:0.0 初始波动:-0.7689,比率0.0986%
当前时间:10:43:32    当前价格:7.031100 波动价格:0.0 初始波动:-0.7689,比率0.0986%
当前时间:10:43:36    当前价格:7.031000 波动价格:-0.0001 初始波动:-0.769,比率0.0986%
当前时间:10:43:40    当前价格:7.031100 波动价格:0.0001 初始波动:-0.7689,比率0.0986%
当前时间:10:44:04    当前价格:7.031100 波动价格:0.0 初始波动:-0.7689,比率0.0986%
当前时间:10:44:09    当前价格:7.032100 波动价格:0.001 初始波动:-0.7679,比率0.0984%
当前时间:10:44:12    当前价格:7.032100 波动价格:0.0 初始波动:-0.7679,比率0.0984%
当前时间:10:44:18    当前价格:7.032100 波动价格:0.0 初始波动:-0.7679,比率0.0984%
当前时间:10:44:22    当前价格:7.032100 波动价格:0.0 初始波动:-0.7679,比率0.0984%
当前时间:10:44:26    当前价格:7.032100 波动价格:0.0 初始波动:-0.7679,比率0.0984%
当前时间:10:44:30    当前价格:7.032100 波动价格:0.0 初始波动:-0.7679,比率0.0984%
当前时间:10:44:33    当前价格:7.032100 波动价格:0.0 初始波动:-0.7679,比率0.0984%
当前时间:10:44:54    当前价格:7.032101 波动价格:1e-06 初始波动:-0.767899,比率0.0984%
当前时间:10:44:57    当前价格:7.032101 波动价格:0.0 初始波动:-0.767899,比率0.0984%
当前时间:10:45:01    当前价格:7.032101 波动价格:0.0 初始波动:-0.767899,比率0.0984%
当前时间:10:45:05    当前价格:7.032101 波动价格:0.0 初始波动:-0.767899,比率0.0984%
当前时间:10:45:08    当前价格:7.032101 波动价格:0.0 初始波动:-0.767899,比率0.0984%
当前时间:10:45:11    当前价格:7.032102 波动价格:1e-06 初始波动:-0.767898,比率0.0984%
当前时间:10:45:12    当前价格:7.032101 波动价格:-1e-06 初始波动:-0.767899,比率0.0984%
当前时间:10:45:16    当前价格:7.032101 波动价格:0.0 初始波动:-0.767899,比率0.0984%
当前时间:10:45:19    当前价格:7.032101 波动价格:0.0 初始波动:-0.767899,比率0.0984%
当前时间:10:45:20    当前价格:7.032101 波动价格:0.0 初始波动:-0.767899,比率0.0984%
当前时间:10:45:24    当前价格:7.032101 波动价格:0.0 初始波动:-0.767899,比率0.0984%
当前时间:10:45:31    当前价格:7.032100 波动价格:-1e-06 初始波动:-0.7679,比率0.0984%
当前时间:10:45:32    当前价格:7.032100 波动价格:0.0 初始波动:-0.7679,比率0.0984%
当前时间:10:45:34    当前价格:7.031100 波动价格:-0.001 初始波动:-0.7689,比率0.0986%
当前时间:10:45:35    当前价格:7.032100 波动价格:0.001 初始波动:-0.7679,比率0.0984%
当前时间:10:45:38    当前价格:7.032100 波动价格:0.0 初始波动:-0.7679,比率0.0984%
当前时间:10:45:39    当前价格:7.032100 波动价格:0.0 初始波动:-0.7679,比率0.0984%
当前时间:10:45:41    当前价格:7.032101 波动价格:1e-06 初始波动:-0.767899,比率0.0984%
当前时间:10:45:43    当前价格:7.050000 波动价格:0.017899 初始波动:-0.75,比率0.0962%
当前时间:10:45:44    当前价格:7.050000 波动价格:0.0 初始波动:-0.75,比率0.0962%
当前时间:10:46:06    当前价格:7.033000 波动价格:-0.017 初始波动:-0.767,比率0.0983%
当前时间:10:46:11    当前价格:7.033000 波动价格:0.0 初始波动:-0.767,比率0.0983%
当前时间:10:46:16    当前价格:7.033000 波动价格:0.0 初始波动:-0.767,比率0.0983%
当前时间:10:46:21    当前价格:7.040000 波动价格:0.007 初始波动:-0.76,比率0.0974%
当前时间:10:46:23    当前价格:7.033000 波动价格:-0.007 初始波动:-0.767,比率0.0983%
当前时间:10:46:26    当前价格:7.034000 波动价格:0.001 初始波动:-0.766,比率0.0982%
当前时间:10:46:28    当前价格:7.040000 波动价格:0.006 初始波动:-0.76,比率0.0974%
当前时间:10:46:30    当前价格:7.034000 波动价格:-0.006 初始波动:-0.766,比率0.0982%
当前时间:10:46:31    当前价格:7.050000 波动价格:0.016 初始波动:-0.75,比率0.0962%
当前时间:10:46:35    当前价格:7.033000 波动价格:-0.017 初始波动:-0.767,比率0.0983%
当前时间:10:46:36    当前价格:7.060000 波动价格:0.027 初始波动:-0.74,比率0.0949%
当前时间:10:46:37    当前价格:7.033000 波动价格:-0.027 初始波动:-0.767,比率0.0983%
当前时间:10:46:38    当前价格:7.033000 波动价格:0.0 初始波动:-0.767,比率0.0983%
当前时间:10:46:40    当前价格:7.033100 波动价格:0.0001 初始波动:-0.7669,比率0.0983%
当前时间:10:46:44    当前价格:7.033100 波动价格:0.0 初始波动:-0.7669,比率0.0983%
当前时间:10:46:48    当前价格:7.033100 波动价格:0.0 初始波动:-0.7669,比率0.0983%
当前时间:10:46:51    当前价格:7.033000 波动价格:-0.0001 初始波动:-0.767,比率0.0983%
当前时间:10:46:55    当前价格:7.035000 波动价格:0.002 初始波动:-0.765,比率0.0981%
当前时间:10:46:56    当前价格:7.032100 波动价格:-0.0029 初始波动:-0.7679,比率0.0984%
当前时间:10:46:59    当前价格:7.032100 波动价格:0.0 初始波动:-0.7679,比率0.0984%
当前时间:10:47:02    当前价格:7.031000 波动价格:-0.0011 初始波动:-0.769,比率0.0986%
当前时间:10:47:24    当前价格:7.033100 波动价格:0.0021 初始波动:-0.7669,比率0.0983%
当前时间:10:47:27    当前价格:7.031000 波动价格:-0.0021 初始波动:-0.769,比率0.0986%
当前时间:10:47:29    当前价格:7.033100 波动价格:0.0021 初始波动:-0.7669,比率0.0983%
当前时间:10:47:31    当前价格:7.031000 波动价格:-0.0021 初始波动:-0.769,比率0.0986%
当前时间:10:47:35    当前价格:7.031000 波动价格:0.0 初始波动:-0.769,比率0.0986%
当前时间:10:47:39    当前价格:7.030000 波动价格:-0.001 初始波动:-0.77,比率0.0987%
当前时间:10:47:44    当前价格:7.030000 波动价格:0.0 初始波动:-0.77,比率0.0987%
当前时间:10:47:48    当前价格:7.040000 波动价格:0.01 初始波动:-0.76,比率0.0974%
当前时间:10:47:49    当前价格:7.030000 波动价格:-0.01 初始波动:-0.77,比率0.0987%
当前时间:10:47:51    当前价格:7.030000 波动价格:0.0 初始波动:-0.77,比率0.0987%
当前时间:10:47:54    当前价格:7.030000 波动价格:0.0 初始波动:-0.77,比率0.0987%
当前时间:10:47:57    当前价格:7.050000 波动价格:0.02 初始波动:-0.75,比率0.0962%
当前时间:10:47:58    当前价格:7.030100 波动价格:-0.0199 初始波动:-0.7699,比率0.0987%
当前时间:10:48:01    当前价格:7.030000 波动价格:-0.0001 初始波动:-0.77,比率0.0987%
当前时间:10:48:02    当前价格:7.050000 波动价格:0.02 初始波动:-0.75,比率0.0962%
当前时间:10:48:05    当前价格:7.030100 波动价格:-0.0199 初始波动:-0.7699,比率0.0987%
当前时间:10:48:07    当前价格:7.030000 波动价格:-0.0001 初始波动:-0.77,比率0.0987%
当前时间:10:48:08    当前价格:7.000000 波动价格:-0.03 初始波动:-0.8,比率0.1026%
当前时间:10:48:12    当前价格:7.030100 波动价格:0.0301 初始波动:-0.7699,比率0.0987%
当前时间:10:48:13    当前价格:7.030100 波动价格:0.0 初始波动:-0.7699,比率0.0987%
当前时间:10:48:14    当前价格:7.000000 波动价格:-0.0301 初始波动:-0.8,比率0.1026%
当前时间:10:48:15    当前价格:7.000000 波动价格:0.0 初始波动:-0.8,比率0.1026%
当前时间:10:48:16    当前价格:6.980000 波动价格:-0.02 初始波动:-0.82,比率0.1051%
当前时间:10:48:21    当前价格:6.912000 波动价格:-0.068 初始波动:-0.888,比率0.1138%
当前时间:10:48:22    当前价格:6.980000 波动价格:0.068 初始波动:-0.82,比率0.1051%
当前时间:10:48:29    当前价格:6.980000 波动价格:0.0 初始波动:-0.82,比率0.1051%
当前时间:10:48:30    当前价格:6.930000 波动价格:-0.05 初始波动:-0.87,比率0.1115%
当前时间:10:48:31    当前价格:6.980000 波动价格:0.05 初始波动:-0.82,比率0.1051%
当前时间:10:48:58    当前价格:6.900000 波动价格:-0.08 初始波动:-0.9,比率0.1154%
当前时间:10:49:03    当前价格:6.850000 波动价格:-0.05 初始波动:-0.95,比率0.1218%
当前时间:10:49:04    当前价格:6.900000 波动价格:0.05 初始波动:-0.9,比率0.1154%
当前时间:10:49:06    当前价格:6.900000 波动价格:0.0 初始波动:-0.9,比率0.1154%
当前时间:10:49:07    当前价格:6.850000 波动价格:-0.05 初始波动:-0.95,比率0.1218%
当前时间:10:49:20    当前价格:6.900000 波动价格:0.05 初始波动:-0.9,比率0.1154%
当前时间:10:49:25    当前价格:6.910000 波动价格:0.01 初始波动:-0.89,比率0.1141%
当前时间:10:49:27    当前价格:6.929999 波动价格:0.019999 初始波动:-0.870001,比率0.1115%
当前时间:10:49:30    当前价格:6.979000 波动价格:0.049001 初始波动:-0.821,比率0.1053%
当前时间:10:49:48    当前价格:6.998000 波动价格:0.019 初始波动:-0.802,比率0.1028%
当前时间:10:49:58    当前价格:6.998000 波动价格:0.0 初始波动:-0.802,比率0.1028%
当前时间:10:50:01    当前价格:6.990000 波动价格:-0.008 初始波动:-0.81,比率0.1038%
当前时间:10:50:05    当前价格:6.990000 波动价格:0.0 初始波动:-0.81,比率0.1038%
当前时间:10:50:08    当前价格:6.998000 波动价格:0.008 初始波动:-0.802,比率0.1028%
当前时间:10:50:13    当前价格:6.998000 波动价格:0.0 初始波动:-0.802,比率0.1028%
当前时间:10:50:15    当前价格:6.998000 波动价格:0.0 初始波动:-0.802,比率0.1028%
当前时间:10:50:24    当前价格:6.990000 波动价格:-0.008 初始波动:-0.81,比率0.1038%
当前时间:10:50:33    当前价格:6.998000 波动价格:0.008 初始波动:-0.802,比率0.1028%
当前时间:10:50:34    当前价格:6.990000 波动价格:-0.008 初始波动:-0.81,比率0.1038%
当前时间:10:50:37    当前价格:6.998000 波动价格:0.008 初始波动:-0.802,比率0.1028%
当前时间:10:50:38    当前价格:6.990000 波动价格:-0.008 初始波动:-0.81,比率0.1038%
当前时间:10:50:41    当前价格:6.990000 波动价格:0.0 初始波动:-0.81,比率0.1038%
当前时间:10:50:48    当前价格:6.990000 波动价格:0.0 初始波动:-0.81,比率0.1038%
当前时间:10:50:49    当前价格:6.990000 波动价格:0.0 初始波动:-0.81,比率0.1038%
当前时间:10:50:54    当前价格:7.000000 波动价格:0.01 初始波动:-0.8,比率0.1026%
当前时间:10:50:56    当前价格:6.990000 波动价格:-0.01 初始波动:-0.81,比率0.1038%
当前时间:10:51:00    当前价格:6.990000 波动价格:0.0 初始波动:-0.81,比率0.1038%
当前时间:10:51:01    当前价格:7.000000 波动价格:0.01 初始波动:-0.8,比率0.1026%
当前时间:10:51:05    当前价格:7.000000 波动价格:0.0 初始波动:-0.8,比率0.1026%
当前时间:10:51:06    当前价格:6.990000 波动价格:-0.01 初始波动:-0.81,比率0.1038%
当前时间:10:51:08    当前价格:7.000000 波动价格:0.01 初始波动:-0.8,比率0.1026%
当前时间:10:51:11    当前价格:7.000000 波动价格:0.0 初始波动:-0.8,比率0.1026%
当前时间:10:51:12    当前价格:7.000000 波动价格:0.0 初始波动:-0.8,比率0.1026%
当前时间:10:51:16    当前价格:6.990000 波动价格:-0.01 初始波动:-0.81,比率0.1038%
当前时间:10:51:35    当前价格:6.980000 波动价格:-0.01 初始波动:-0.82,比率0.1051%
当前时间:10:52:20    当前价格:7.000000 波动价格:0.02 初始波动:-0.8,比率0.1026%
当前时间:10:52:27    当前价格:7.000000 波动价格:0.0 初始波动:-0.8,比率0.1026%
当前时间:10:52:33    当前价格:6.998000 波动价格:-0.002 初始波动:-0.802,比率0.1028%
当前时间:10:52:34    当前价格:6.981000 波动价格:-0.017 初始波动:-0.819,比率0.105%
当前时间:10:52:36    当前价格:7.000000 波动价格:0.019 初始波动:-0.8,比率0.1026%
当前时间:10:52:43    当前价格:7.000000 波动价格:0.0 初始波动:-0.8,比率0.1026%
当前时间:10:53:27    当前价格:6.980000 波动价格:-0.02 初始波动:-0.82,比率0.1051%
当前时间:10:53:33    当前价格:6.980000 波动价格:0.0 初始波动:-0.82,比率0.1051%
当前时间:10:53:36    当前价格:6.950000 波动价格:-0.03 初始波动:-0.85,比率0.109%
当前时间:10:53:44    当前价格:6.950000 波动价格:0.0 初始波动:-0.85,比率0.109%
当前时间:10:53:50    当前价格:6.910000 波动价格:-0.04 初始波动:-0.89,比率0.1141%
当前时间:10:53:51    当前价格:6.950000 波动价格:0.04 初始波动:-0.85,比率0.109%
当前时间:10:54:03    当前价格:6.910000 波动价格:-0.04 初始波动:-0.89,比率0.1141%
当前时间:10:54:10    当前价格:6.950000 波动价格:0.04 初始波动:-0.85,比率0.109%
当前时间:10:54:39    当前价格:6.950000 波动价格:0.0 初始波动:-0.85,比率0.109%
当前时间:10:54:41    当前价格:6.950000 波动价格:0.0 初始波动:-0.85,比率0.109%
当前时间:10:54:56    当前价格:6.950000 波动价格:0.0 初始波动:-0.85,比率0.109%
当前时间:10:55:04    当前价格:6.950000 波动价格:0.0 初始波动:-0.85,比率0.109%
当前时间:10:55:23    当前价格:6.998990 波动价格:0.04899 初始波动:-0.80101,比率0.1027%
当前时间:10:55:34    当前价格:6.950001 波动价格:-0.048989 初始波动:-0.849999,比率0.109%
当前时间:10:55:37    当前价格:6.999980 波动价格:0.049979 初始波动:-0.80002,比率0.1026%
当前时间:10:55:39    当前价格:6.998990 波动价格:-0.00099 初始波动:-0.80101,比率0.1027%
当前时间:10:55:41    当前价格:7.000000 波动价格:0.00101 初始波动:-0.8,比率0.1026%
当前时间:10:55:44    当前价格:6.998990 波动价格:-0.00101 初始波动:-0.80101,比率0.1027%
当前时间:10:55:47    当前价格:7.000000 波动价格:0.00101 初始波动:-0.8,比率0.1026%
当前时间:10:55:51    当前价格:7.000000 波动价格:0.0 初始波动:-0.8,比率0.1026%
当前时间:10:55:54    当前价格:7.000000 波动价格:0.0 初始波动:-0.8,比率0.1026%
当前时间:10:55:59    当前价格:7.060000 波动价格:0.06 初始波动:-0.74,比率0.0949%
当前时间:10:56:06    当前价格:7.000000 波动价格:-0.06 初始波动:-0.8,比率0.1026%
当前时间:10:56:12    当前价格:7.060000 波动价格:0.06 初始波动:-0.74,比率0.0949%
当前时间:10:56:14    当前价格:7.061000 波动价格:0.001 初始波动:-0.739,比率0.0947%
当前时间:10:56:29    当前价格:7.010000 波动价格:-0.051 初始波动:-0.79,比率0.1013%
当前时间:10:56:51    当前价格:7.000000 波动价格:-0.01 初始波动:-0.8,比率0.1026%
当前时间:10:57:00    当前价格:7.000000 波动价格:0.0 初始波动:-0.8,比率0.1026%
当前时间:10:57:02    当前价格:7.000000 波动价格:0.0 初始波动:-0.8,比率0.1026%
当前时间:10:57:10    当前价格:7.000000 波动价格:0.0 初始波动:-0.8,比率0.1026%
当前时间:10:57:11    当前价格:7.000000 波动价格:0.0 初始波动:-0.8,比率0.1026%
当前时间:10:57:19    当前价格:6.990000 波动价格:-0.01 初始波动:-0.81,比率0.1038%
当前时间:10:57:33    当前价格:6.990000 波动价格:0.0 初始波动:-0.81,比率0.1038%
当前时间:10:57:50    当前价格:6.990000 波动价格:0.0 初始波动:-0.81,比率0.1038%
当前时间:10:57:51    当前价格:6.990000 波动价格:0.0 初始波动:-0.81,比率0.1038%
当前时间:10:57:54    当前价格:6.990000 波动价格:0.0 初始波动:-0.81,比率0.1038%
当前时间:10:57:59    当前价格:7.000000 波动价格:0.01 初始波动:-0.8,比率0.1026%
当前时间:10:58:04    当前价格:7.000000 波动价格:0.0 初始波动:-0.8,比率0.1026%
当前时间:10:58:31    当前价格:7.000000 波动价格:0.0 初始波动:-0.8,比率0.1026%
当前时间:10:58:35    当前价格:6.990000 波动价格:-0.01 初始波动:-0.81,比率0.1038%
当前时间:10:58:59    当前价格:7.000000 波动价格:0.01 初始波动:-0.8,比率0.1026%
当前时间:10:59:15    当前价格:7.000000 波动价格:0.0 初始波动:-0.8,比率0.1026%
当前时间:10:59:17    当前价格:6.990000 波动价格:-0.01 初始波动:-0.81,比率0.1038%
当前时间:10:59:23    当前价格:7.000000 波动价格:0.01 初始波动:-0.8,比率0.1026%
当前时间:10:59:38    当前价格:7.000000 波动价格:0.0 初始波动:-0.8,比率0.1026%
当前时间:10:59:40    当前价格:7.000000 波动价格:0.0 初始波动:-0.8,比率0.1026%
当前时间:10:59:46    当前价格:7.000000 波动价格:0.0 初始波动:-0.8,比率0.1026%
当前时间:11:00:08    当前价格:7.000000 波动价格:0.0 初始波动:-0.8,比率0.1026%
当前时间:11:00:10    当前价格:7.000001 波动价格:1e-06 初始波动:-0.799999,比率0.1026%
当前时间:11:00:13    当前价格:7.000100 波动价格:9.9e-05 初始波动:-0.7999,比率0.1026%
当前时间:11:00:19    当前价格:7.060000 波动价格:0.0599 初始波动:-0.74,比率0.0949%
当前时间:11:00:26    当前价格:7.060000 波动价格:0.0 初始波动:-0.74,比率0.0949%
当前时间:11:00:27    当前价格:7.060000 波动价格:0.0 初始波动:-0.74,比率0.0949%
当前时间:11:00:36    当前价格:7.060000 波动价格:0.0 初始波动:-0.74,比率0.0949%
当前时间:11:00:43    当前价格:7.060000 波动价格:0.0 初始波动:-0.74,比率0.0949%
当前时间:11:00:45    当前价格:7.070000 波动价格:0.01 初始波动:-0.73,比率0.0936%
当前时间:11:00:48    当前价格:7.060000 波动价格:-0.01 初始波动:-0.74,比率0.0949%
当前时间:11:00:55    当前价格:7.060000 波动价格:0.0 初始波动:-0.74,比率0.0949%
当前时间:11:01:01    当前价格:7.060000 波动价格:0.0 初始波动:-0.74,比率0.0949%
当前时间:11:01:04    当前价格:7.000000 波动价格:-0.06 初始波动:-0.8,比率0.1026%
当前时间:11:01:17    当前价格:7.060000 波动价格:0.06 初始波动:-0.74,比率0.0949%
当前时间:11:01:42    当前价格:7.059000 波动价格:-0.001 初始波动:-0.741,比率0.095%
当前时间:11:01:55    当前价格:7.059000 波动价格:0.0 初始波动:-0.741,比率0.095%
当前时间:11:02:01    当前价格:7.059000 波动价格:0.0 初始波动:-0.741,比率0.095%
当前时间:11:02:09    当前价格:7.059000 波动价格:0.0 初始波动:-0.741,比率0.095%
当前时间:11:02:10    当前价格:7.060000 波动价格:0.001 初始波动:-0.74,比率0.0949%
当前时间:11:02:23    当前价格:7.060000 波动价格:0.0 初始波动:-0.74,比率0.0949%
当前时间:11:02:24    当前价格:7.060000 波动价格:0.0 初始波动:-0.74,比率0.0949%
当前时间:11:02:30    当前价格:7.070000 波动价格:0.01 初始波动:-0.73,比率0.0936%
当前时间:11:02:41    当前价格:7.070000 波动价格:0.0 初始波动:-0.73,比率0.0936%
当前时间:11:02:42    当前价格:7.070000 波动价格:0.0 初始波动:-0.73,比率0.0936%
当前时间:11:02:44    当前价格:7.070000 波动价格:0.0 初始波动:-0.73,比率0.0936%
当前时间:11:03:14    当前价格:7.079000 波动价格:0.009 初始波动:-0.721,比率0.0924%
当前时间:11:03:18    当前价格:7.075000 波动价格:-0.004 初始波动:-0.725,比率0.0929%
当前时间:11:03:36    当前价格:7.075000 波动价格:0.0 初始波动:-0.725,比率0.0929%
当前时间:11:03:42    当前价格:7.075000 波动价格:0.0 初始波动:-0.725,比率0.0929%
当前时间:11:03:44    当前价格:7.075000 波动价格:0.0 初始波动:-0.725,比率0.0929%
当前时间:11:03:49    当前价格:7.075000 波动价格:0.0 初始波动:-0.725,比率0.0929%
当前时间:11:03:51    当前价格:7.075000 波动价格:0.0 初始波动:-0.725,比率0.0929%
当前时间:11:03:55    当前价格:7.075000 波动价格:0.0 初始波动:-0.725,比率0.0929%
当前时间:11:04:01    当前价格:7.079000 波动价格:0.004 初始波动:-0.721,比率0.0924%
当前时间:11:04:03    当前价格:7.075000 波动价格:-0.004 初始波动:-0.725,比率0.0929%
当前时间:11:04:09    当前价格:7.075000 波动价格:0.0 初始波动:-0.725,比率0.0929%
当前时间:11:04:13    当前价格:7.075000 波动价格:0.0 初始波动:-0.725,比率0.0929%
当前时间:11:04:16    当前价格:7.075000 波动价格:0.0 初始波动:-0.725,比率0.0929%
当前时间:11:04:26    当前价格:7.076000 波动价格:0.001 初始波动:-0.724,比率0.0928%
当前时间:11:04:30    当前价格:7.076000 波动价格:0.0 初始波动:-0.724,比率0.0928%
当前时间:11:04:31    当前价格:7.079700 波动价格:0.0037 初始波动:-0.7203,比率0.0923%
当前时间:11:04:34    当前价格:7.079700 波动价格:0.0 初始波动:-0.7203,比率0.0923%
当前时间:11:04:39    当前价格:7.079800 波动价格:0.0001 初始波动:-0.7202,比率0.0923%
当前时间:11:04:44    当前价格:7.079800 波动价格:0.0 初始波动:-0.7202,比率0.0923%
当前时间:11:04:49    当前价格:7.079800 波动价格:0.0 初始波动:-0.7202,比率0.0923%
当前时间:11:04:50    当前价格:7.079800 波动价格:0.0 初始波动:-0.7202,比率0.0923%
当前时间:11:04:53    当前价格:7.079800 波动价格:0.0 初始波动:-0.7202,比率0.0923%
当前时间:11:04:57    当前价格:7.079900 波动价格:0.0001 初始波动:-0.7201,比率0.0923%
当前时间:11:04:59    当前价格:7.100000 波动价格:0.0201 初始波动:-0.7,比率0.0897%
当前时间:11:05:00    当前价格:7.100000 波动价格:0.0 初始波动:-0.7,比率0.0897%
当前时间:11:05:02    当前价格:7.100000 波动价格:0.0 初始波动:-0.7,比率0.0897%
当前时间:11:05:04    当前价格:7.169000 波动价格:0.069 初始波动:-0.631,比率0.0809%
当前时间:11:05:08    当前价格:7.190000 波动价格:0.021 初始波动:-0.61,比率0.0782%
当前时间:11:05:22    当前价格:7.190000 波动价格:0.0 初始波动:-0.61,比率0.0782%
当前时间:11:05:32    当前价格:7.180000 波动价格:-0.01 初始波动:-0.62,比率0.0795%
当前时间:11:05:44    当前价格:7.170000 波动价格:-0.01 初始波动:-0.63,比率0.0808%
当前时间:11:05:45    当前价格:7.190000 波动价格:0.02 初始波动:-0.61,比率0.0782%
当前时间:11:05:46    当前价格:7.179000 波动价格:-0.011 初始波动:-0.621,比率0.0796%
当前时间:11:05:53    当前价格:7.200000 波动价格:0.021 初始波动:-0.6,比率0.0769%
当前时间:11:05:54    当前价格:7.180000 波动价格:-0.02 初始波动:-0.62,比率0.0795%
当前时间:11:05:55    当前价格:7.180000 波动价格:0.0 初始波动:-0.62,比率0.0795%
当前时间:11:05:57    当前价格:7.160000 波动价格:-0.02 初始波动:-0.64,比率0.0821%
当前时间:11:05:58    当前价格:7.180000 波动价格:0.02 初始波动:-0.62,比率0.0795%
当前时间:11:06:03    当前价格:7.200000 波动价格:0.02 初始波动:-0.6,比率0.0769%
当前时间:11:06:05    当前价格:7.200000 波动价格:0.0 初始波动:-0.6,比率0.0769%
当前时间:11:06:13    当前价格:7.290000 波动价格:0.09 初始波动:-0.51,比率0.0654%
当前时间:11:06:14    当前价格:7.290000 波动价格:0.0 初始波动:-0.51,比率0.0654%
当前时间:11:06:15    当前价格:7.210000 波动价格:-0.08 初始波动:-0.59,比率0.0756%
当前时间:11:06:22    当前价格:7.280000 波动价格:0.07 初始波动:-0.52,比率0.0667%
当前时间:11:06:31    当前价格:7.280000 波动价格:0.0 初始波动:-0.52,比率0.0667%
当前时间:11:06:32    当前价格:7.280000 波动价格:0.0 初始波动:-0.52,比率0.0667%
当前时间:11:06:33    当前价格:7.280000 波动价格:0.0 初始波动:-0.52,比率0.0667%
当前时间:11:06:34    当前价格:7.280000 波动价格:0.0 初始波动:-0.52,比率0.0667%
当前时间:11:06:39    当前价格:7.289900 波动价格:0.0099 初始波动:-0.5101,比率0.0654%
当前时间:11:06:40    当前价格:7.230000 波动价格:-0.0599 初始波动:-0.57,比率0.0731%
当前时间:11:06:45    当前价格:7.280000 波动价格:0.05 初始波动:-0.52,比率0.0667%
当前时间:11:06:46    当前价格:7.280000 波动价格:0.0 初始波动:-0.52,比率0.0667%
当前时间:11:06:54    当前价格:7.230000 波动价格:-0.05 初始波动:-0.57,比率0.0731%
当前时间:11:06:59    当前价格:7.230000 波动价格:0.0 初始波动:-0.57,比率0.0731%
当前时间:11:07:00    当前价格:7.230000 波动价格:0.0 初始波动:-0.57,比率0.0731%
当前时间:11:07:03    当前价格:7.240000 波动价格:0.01 初始波动:-0.56,比率0.0718%
当前时间:11:07:06    当前价格:7.250000 波动价格:0.01 初始波动:-0.55,比率0.0705%
当前时间:11:07:09    当前价格:7.260000 波动价格:0.01 初始波动:-0.54,比率0.0692%
当前时间:11:07:13    当前价格:7.230000 波动价格:-0.03 初始波动:-0.57,比率0.0731%
当前时间:11:07:14    当前价格:7.230000 波动价格:0.0 初始波动:-0.57,比率0.0731%
当前时间:11:07:15    当前价格:7.260000 波动价格:0.03 初始波动:-0.54,比率0.0692%
当前时间:11:07:16    当前价格:7.230000 波动价格:-0.03 初始波动:-0.57,比率0.0731%
当前时间:11:07:17    当前价格:7.230000 波动价格:0.0 初始波动:-0.57,比率0.0731%
当前时间:11:07:18    当前价格:7.200000 波动价格:-0.03 初始波动:-0.6,比率0.0769%
当前时间:11:07:19    当前价格:7.230000 波动价格:0.03 初始波动:-0.57,比率0.0731%
当前时间:11:07:20    当前价格:7.200000 波动价格:-0.03 初始波动:-0.6,比率0.0769%
当前时间:11:07:21    当前价格:7.200000 波动价格:0.0 初始波动:-0.6,比率0.0769%
当前时间:11:07:31    当前价格:7.120000 波动价格:-0.08 初始波动:-0.68,比率0.0872%
当前时间:11:07:33    当前价格:7.200000 波动价格:0.08 初始波动:-0.6,比率0.0769%
当前时间:11:07:36    当前价格:7.120000 波动价格:-0.08 初始波动:-0.68,比率0.0872%
当前时间:11:07:40    当前价格:7.120000 波动价格:0.0 初始波动:-0.68,比率0.0872%
当前时间:11:07:43    当前价格:7.180000 波动价格:0.06 初始波动:-0.62,比率0.0795%
当前时间:11:07:45    当前价格:7.120000 波动价格:-0.06 初始波动:-0.68,比率0.0872%
当前时间:11:07:46    当前价格:7.120000 波动价格:0.0 初始波动:-0.68,比率0.0872%
当前时间:11:07:48    当前价格:7.040000 波动价格:-0.08 初始波动:-0.76,比率0.0974%
当前时间:11:07:49    当前价格:7.120000 波动价格:0.08 初始波动:-0.68,比率0.0872%
当前时间:11:08:03    当前价格:7.120000 波动价格:0.0 初始波动:-0.68,比率0.0872%
当前时间:11:08:05    当前价格:7.120000 波动价格:0.0 初始波动:-0.68,比率0.0872%
当前时间:11:08:07    当前价格:7.050000 波动价格:-0.07 初始波动:-0.75,比率0.0962%
当前时间:11:08:12    当前价格:7.120000 波动价格:0.07 初始波动:-0.68,比率0.0872%
当前时间:11:08:21    当前价格:7.100000 波动价格:-0.02 初始波动:-0.7,比率0.0897%
当前时间:11:08:28    当前价格:7.100000 波动价格:0.0 初始波动:-0.7,比率0.0897%
当前时间:11:08:32    当前价格:7.100000 波动价格:0.0 初始波动:-0.7,比率0.0897%
当前时间:11:08:35    当前价格:7.100000 波动价格:0.0 初始波动:-0.7,比率0.0897%
当前时间:11:08:42    当前价格:7.110000 波动价格:0.01 初始波动:-0.69,比率0.0885%
当前时间:11:08:44    当前价格:7.110000 波动价格:0.0 初始波动:-0.69,比率0.0885%
当前时间:11:08:46    当前价格:7.110000 波动价格:0.0 初始波动:-0.69,比率0.0885%
当前时间:11:08:47    当前价格:7.110000 波动价格:0.0 初始波动:-0.69,比率0.0885%
当前时间:11:08:48    当前价格:7.120000 波动价格:0.01 初始波动:-0.68,比率0.0872%
当前时间:11:09:14    当前价格:7.130000 波动价格:0.01 初始波动:-0.67,比率0.0859%
当前时间:11:09:35    当前价格:7.141000 波动价格:0.011 初始波动:-0.659,比率0.0845%
当前时间:11:09:40    当前价格:7.140000 波动价格:-0.001 初始波动:-0.66,比率0.0846%
当前时间:11:10:01    当前价格:7.180000 波动价格:0.04 初始波动:-0.62,比率0.0795%
当前时间:11:10:26    当前价格:7.180000 波动价格:0.0 初始波动:-0.62,比率0.0795%
当前时间:11:10:28    当前价格:7.180000 波动价格:0.0 初始波动:-0.62,比率0.0795%
当前时间:11:10:33    当前价格:7.180000 波动价格:0.0 初始波动:-0.62,比率0.0795%
当前时间:11:10:38    当前价格:7.200000 波动价格:0.02 初始波动:-0.6,比率0.0769%
当前时间:11:10:46    当前价格:7.180000 波动价格:-0.02 初始波动:-0.62,比率0.0795%
当前时间:11:10:47    当前价格:7.180000 波动价格:0.0 初始波动:-0.62,比率0.0795%
当前时间:11:10:50    当前价格:7.180000 波动价格:0.0 初始波动:-0.62,比率0.0795%
当前时间:11:10:54    当前价格:7.180000 波动价格:0.0 初始波动:-0.62,比率0.0795%
当前时间:11:10:59    当前价格:7.180000 波动价格:0.0 初始波动:-0.62,比率0.0795%
当前时间:11:11:03    当前价格:7.180000 波动价格:0.0 初始波动:-0.62,比率0.0795%
当前时间:11:11:10    当前价格:7.180000 波动价格:0.0 初始波动:-0.62,比率0.0795%
当前时间:11:11:18    当前价格:7.200000 波动价格:0.02 初始波动:-0.6,比率0.0769%
当前时间:11:11:28    当前价格:7.230000 波动价格:0.03 初始波动:-0.57,比率0.0731%
当前时间:11:11:32    当前价格:7.200000 波动价格:-0.03 初始波动:-0.6,比率0.0769%
当前时间:11:11:35    当前价格:7.200000 波动价格:0.0 初始波动:-0.6,比率0.0769%
当前时间:11:11:42    当前价格:7.260000 波动价格:0.06 初始波动:-0.54,比率0.0692%
当前时间:11:11:43    当前价格:7.230000 波动价格:-0.03 初始波动:-0.57,比率0.0731%
当前时间:11:11:51    当前价格:7.250000 波动价格:0.02 初始波动:-0.55,比率0.0705%
当前时间:11:11:52    当前价格:7.260000 波动价格:0.01 初始波动:-0.54,比率0.0692%
当前时间:11:12:01    当前价格:7.260000 波动价格:0.0 初始波动:-0.54,比率0.0692%
当前时间:11:12:03    当前价格:7.260000 波动价格:0.0 初始波动:-0.54,比率0.0692%
当前时间:11:12:04    当前价格:7.260000 波动价格:0.0 初始波动:-0.54,比率0.0692%
当前时间:11:12:05    当前价格:7.260000 波动价格:0.0 初始波动:-0.54,比率0.0692%
当前时间:11:12:07    当前价格:7.260000 波动价格:0.0 初始波动:-0.54,比率0.0692%
当前时间:11:12:08    当前价格:7.285000 波动价格:0.025 初始波动:-0.515,比率0.066%
当前时间:11:12:12    当前价格:7.280000 波动价格:-0.005 初始波动:-0.52,比率0.0667%
当前时间:11:12:13    当前价格:7.260000 波动价格:-0.02 初始波动:-0.54,比率0.0692%
当前时间:11:12:18    当前价格:7.260000 波动价格:0.0 初始波动:-0.54,比率0.0692%
当前时间:11:12:19    当前价格:7.260000 波动价格:0.0 初始波动:-0.54,比率0.0692%
当前时间:11:12:24    当前价格:7.260000 波动价格:0.0 初始波动:-0.54,比率0.0692%
当前时间:11:12:26    当前价格:7.260000 波动价格:0.0 初始波动:-0.54,比率0.0692%
当前时间:11:12:29    当前价格:7.260000 波动价格:0.0 初始波动:-0.54,比率0.0692%
当前时间:11:12:34    当前价格:7.260000 波动价格:0.0 初始波动:-0.54,比率0.0692%
当前时间:11:12:35    当前价格:7.260000 波动价格:0.0 初始波动:-0.54,比率0.0692%
当前时间:11:12:38    当前价格:7.260000 波动价格:0.0 初始波动:-0.54,比率0.0692%
当前时间:11:12:40    当前价格:7.260000 波动价格:0.0 初始波动:-0.54,比率0.0692%
当前时间:11:12:54    当前价格:7.240000 波动价格:-0.02 初始波动:-0.56,比率0.0718%
当前时间:11:12:55    当前价格:7.230000 波动价格:-0.01 初始波动:-0.57,比率0.0731%
当前时间:11:12:56    当前价格:7.230000 波动价格:0.0 初始波动:-0.57,比率0.0731%
当前时间:11:12:57    当前价格:7.250000 波动价格:0.02 初始波动:-0.55,比率0.0705%
当前时间:11:13:00    当前价格:7.230000 波动价格:-0.02 初始波动:-0.57,比率0.0731%
当前时间:11:13:09    当前价格:7.210000 波动价格:-0.02 初始波动:-0.59,比率0.0756%
当前时间:11:13:12    当前价格:7.200001 波动价格:-0.009999 初始波动:-0.599999,比率0.0769%
当前时间:11:13:16    当前价格:7.210000 波动价格:0.009999 初始波动:-0.59,比率0.0756%
当前时间:11:13:19    当前价格:7.230000 波动价格:0.02 初始波动:-0.57,比率0.0731%
当前时间:11:13:22    当前价格:7.200000 波动价格:-0.03 初始波动:-0.6,比率0.0769%
当前时间:11:13:24    当前价格:7.200000 波动价格:0.0 初始波动:-0.6,比率0.0769%
当前时间:11:13:25    当前价格:7.200000 波动价格:0.0 初始波动:-0.6,比率0.0769%
当前时间:11:13:26    当前价格:7.200000 波动价格:0.0 初始波动:-0.6,比率0.0769%
当前时间:11:13:28    当前价格:7.200000 波动价格:0.0 初始波动:-0.6,比率0.0769%
当前时间:11:13:29    当前价格:7.200000 波动价格:0.0 初始波动:-0.6,比率0.0769%
当前时间:11:13:30    当前价格:7.200000 波动价格:0.0 初始波动:-0.6,比率0.0769%
当前时间:11:13:34    当前价格:7.200000 波动价格:0.0 初始波动:-0.6,比率0.0769%
当前时间:11:13:37    当前价格:7.160000 波动价格:-0.04 初始波动:-0.64,比率0.0821%
当前时间:11:13:40    当前价格:7.160000 波动价格:0.0 初始波动:-0.64,比率0.0821%
当前时间:11:13:42    当前价格:7.160000 波动价格:0.0 初始波动:-0.64,比率0.0821%
当前时间:11:13:46    当前价格:7.160000 波动价格:0.0 初始波动:-0.64,比率0.0821%
当前时间:11:13:47    当前价格:7.160000 波动价格:0.0 初始波动:-0.64,比率0.0821%
当前时间:11:13:49    当前价格:7.160000 波动价格:0.0 初始波动:-0.64,比率0.0821%
当前时间:11:13:56    当前价格:7.153001 波动价格:-0.006999 初始波动:-0.646999,比率0.0829%
当前时间:11:14:02    当前价格:7.150000 波动价格:-0.003001 初始波动:-0.65,比率0.0833%
当前时间:11:14:03    当前价格:7.150000 波动价格:0.0 初始波动:-0.65,比率0.0833%
当前时间:11:14:04    当前价格:7.150000 波动价格:0.0 初始波动:-0.65,比率0.0833%
当前时间:11:14:09    当前价格:7.150000 波动价格:0.0 初始波动:-0.65,比率0.0833%
当前时间:11:14:21    当前价格:7.150000 波动价格:0.0 初始波动:-0.65,比率0.0833%
当前时间:11:14:27    当前价格:7.150000 波动价格:0.0 初始波动:-0.65,比率0.0833%
当前时间:11:14:28    当前价格:7.153001 波动价格:0.003001 初始波动:-0.646999,比率0.0829%
当前时间:11:14:36    当前价格:7.153001 波动价格:0.0 初始波动:-0.646999,比率0.0829%
当前时间:11:14:43    当前价格:7.153001 波动价格:0.0 初始波动:-0.646999,比率0.0829%
当前时间:11:14:48    当前价格:7.160000 波动价格:0.006999 初始波动:-0.64,比率0.0821%
当前时间:11:14:54    当前价格:7.200000 波动价格:0.04 初始波动:-0.6,比率0.0769%
当前时间:11:14:59    当前价格:7.200000 波动价格:0.0 初始波动:-0.6,比率0.0769%
当前时间:11:15:10    当前价格:7.200000 波动价格:0.0 初始波动:-0.6,比率0.0769%
当前时间:11:15:11    当前价格:7.200000 波动价格:0.0 初始波动:-0.6,比率0.0769%
当前时间:11:15:12    当前价格:7.200000 波动价格:0.0 初始波动:-0.6,比率0.0769%
当前时间:11:15:21    当前价格:7.200000 波动价格:0.0 初始波动:-0.6,比率0.0769%
当前时间:11:15:22    当前价格:7.210000 波动价格:0.01 初始波动:-0.59,比率0.0756%
当前时间:11:15:39    当前价格:7.210000 波动价格:0.0 初始波动:-0.59,比率0.0756%
当前时间:11:15:45    当前价格:7.210000 波动价格:0.0 初始波动:-0.59,比率0.0756%
当前时间:11:16:05    当前价格:7.210000 波动价格:0.0 初始波动:-0.59,比率0.0756%
当前时间:11:16:14    当前价格:7.210000 波动价格:0.0 初始波动:-0.59,比率0.0756%
当前时间:11:16:18    当前价格:7.210001 波动价格:1e-06 初始波动:-0.589999,比率0.0756%
当前时间:11:16:24    当前价格:7.210000 波动价格:-1e-06 初始波动:-0.59,比率0.0756%
当前时间:11:16:27    当前价格:7.210000 波动价格:0.0 初始波动:-0.59,比率0.0756%
当前时间:11:16:35    当前价格:7.210000 波动价格:0.0 初始波动:-0.59,比率0.0756%
当前时间:11:16:52    当前价格:7.210000 波动价格:0.0 初始波动:-0.59,比率0.0756%
当前时间:11:17:04    当前价格:7.210000 波动价格:0.0 初始波动:-0.59,比率0.0756%
当前时间:11:17:10    当前价格:7.210000 波动价格:0.0 初始波动:-0.59,比率0.0756%
当前时间:11:17:17    当前价格:7.210000 波动价格:0.0 初始波动:-0.59,比率0.0756%
当前时间:11:18:11    当前价格:7.200000 波动价格:-0.01 初始波动:-0.6,比率0.0769%
当前时间:11:18:17    当前价格:7.249000 波动价格:0.049 初始波动:-0.551,比率0.0706%
当前时间:11:19:03    当前价格:7.248000 波动价格:-0.001 初始波动:-0.552,比率0.0708%
当前时间:11:19:11    当前价格:7.248900 波动价格:0.0009 初始波动:-0.5511,比率0.0707%
当前时间:11:19:21    当前价格:7.249000 波动价格:0.0001 初始波动:-0.551,比率0.0706%
当前时间:11:19:22    当前价格:7.200000 波动价格:-0.049 初始波动:-0.6,比率0.0769%
当前时间:11:19:32    当前价格:7.182200 波动价格:-0.0178 初始波动:-0.6178,比率0.0792%
当前时间:11:19:36    当前价格:7.191000 波动价格:0.0088 初始波动:-0.609,比率0.0781%
当前时间:11:19:40    当前价格:7.182000 波动价格:-0.009 初始波动:-0.618,比率0.0792%
当前时间:11:20:04    当前价格:7.191000 波动价格:0.009 初始波动:-0.609,比率0.0781%
当前时间:11:20:08    当前价格:7.191000 波动价格:0.0 初始波动:-0.609,比率0.0781%
当前时间:11:20:14    当前价格:7.191000 波动价格:0.0 初始波动:-0.609,比率0.0781%
当前时间:11:20:31    当前价格:7.200000 波动价格:0.009 初始波动:-0.6,比率0.0769%
当前时间:11:20:39    当前价格:7.200000 波动价格:0.0 初始波动:-0.6,比率0.0769%
当前时间:11:20:40    当前价格:7.191000 波动价格:-0.009 初始波动:-0.609,比率0.0781%
当前时间:11:20:42    当前价格:7.191000 波动价格:0.0 初始波动:-0.609,比率0.0781%
当前时间:11:20:43    当前价格:7.191000 波动价格:0.0 初始波动:-0.609,比率0.0781%
当前时间:11:20:49    当前价格:7.191000 波动价格:0.0 初始波动:-0.609,比率0.0781%
当前时间:11:21:07    当前价格:7.191000 波动价格:0.0 初始波动:-0.609,比率0.0781%
当前时间:11:21:17    当前价格:7.191000 波动价格:0.0 初始波动:-0.609,比率0.0781%
当前时间:11:21:22    当前价格:7.191000 波动价格:0.0 初始波动:-0.609,比率0.0781%
当前时间:11:21:27    当前价格:7.191000 波动价格:0.0 初始波动:-0.609,比率0.0781%
当前时间:11:21:43    当前价格:7.186000 波动价格:-0.005 初始波动:-0.614,比率0.0787%
当前时间:11:21:50    当前价格:7.190000 波动价格:0.004 初始波动:-0.61,比率0.0782%
当前时间:11:22:03    当前价格:7.190000 波动价格:0.0 初始波动:-0.61,比率0.0782%
当前时间:11:22:05    当前价格:7.190000 波动价格:0.0 初始波动:-0.61,比率0.0782%
当前时间:11:22:10    当前价格:7.190000 波动价格:0.0 初始波动:-0.61,比率0.0782%
当前时间:11:22:18    当前价格:7.190000 波动价格:0.0 初始波动:-0.61,比率0.0782%
当前时间:11:22:26    当前价格:7.188888 波动价格:-0.001112 初始波动:-0.611112,比率0.0783%
当前时间:11:22:30    当前价格:7.190000 波动价格:0.001112 初始波动:-0.61,比率0.0782%
当前时间:11:22:31    当前价格:7.190000 波动价格:0.0 初始波动:-0.61,比率0.0782%
当前时间:11:22:38    当前价格:7.186000 波动价格:-0.004 初始波动:-0.614,比率0.0787%
当前时间:11:22:42    当前价格:7.190000 波动价格:0.004 初始波动:-0.61,比率0.0782%
当前时间:11:22:57    当前价格:7.190000 波动价格:0.0 初始波动:-0.61,比率0.0782%
当前时间:11:23:01    当前价格:7.190000 波动价格:0.0 初始波动:-0.61,比率0.0782%
当前时间:11:23:13    当前价格:7.190000 波动价格:0.0 初始波动:-0.61,比率0.0782%
当前时间:11:23:23    当前价格:7.186100 波动价格:-0.0039 初始波动:-0.6139,比率0.0787%
当前时间:11:23:34    当前价格:7.186101 波动价格:1e-06 初始波动:-0.613899,比率0.0787%
当前时间:11:23:43    当前价格:7.190000 波动价格:0.003899 初始波动:-0.61,比率0.0782%
当前时间:11:23:48    当前价格:7.190000 波动价格:0.0 初始波动:-0.61,比率0.0782%
当前时间:11:23:55    当前价格:7.190000 波动价格:0.0 初始波动:-0.61,比率0.0782%
当前时间:11:23:58    当前价格:7.190000 波动价格:0.0 初始波动:-0.61,比率0.0782%
当前时间:11:24:08    当前价格:7.190000 波动价格:0.0 初始波动:-0.61,比率0.0782%
当前时间:11:24:12    当前价格:7.190000 波动价格:0.0 初始波动:-0.61,比率0.0782%
当前时间:11:24:26    当前价格:7.186101 波动价格:-0.003899 初始波动:-0.613899,比率0.0787%
当前时间:11:24:32    当前价格:7.190000 波动价格:0.003899 初始波动:-0.61,比率0.0782%
当前时间:11:24:33    当前价格:7.186100 波动价格:-0.0039 初始波动:-0.6139,比率0.0787%
当前时间:11:24:43    当前价格:7.190000 波动价格:0.0039 初始波动:-0.61,比率0.0782%
当前时间:11:25:16    当前价格:7.186200 波动价格:-0.0038 初始波动:-0.6138,比率0.0787%
当前时间:11:25:17    当前价格:7.186200 波动价格:0.0 初始波动:-0.6138,比率0.0787%
当前时间:11:25:21    当前价格:7.186200 波动价格:0.0 初始波动:-0.6138,比率0.0787%
当前时间:11:25:23    当前价格:7.186200 波动价格:0.0 初始波动:-0.6138,比率0.0787%
当前时间:11:25:33    当前价格:7.186100 波动价格:-0.0001 初始波动:-0.6139,比率0.0787%
当前时间:11:25:43    当前价格:7.186000 波动价格:-0.0001 初始波动:-0.614,比率0.0787%
当前时间:11:25:46    当前价格:7.186000 波动价格:0.0 初始波动:-0.614,比率0.0787%
当前时间:11:25:51    当前价格:7.186000 波动价格:0.0 初始波动:-0.614,比率0.0787%
当前时间:11:25:54    当前价格:7.186000 波动价格:0.0 初始波动:-0.614,比率0.0787%
当前时间:11:25:57    当前价格:7.186000 波动价格:0.0 初始波动:-0.614,比率0.0787%
当前时间:11:25:59    当前价格:7.182100 波动价格:-0.0039 初始波动:-0.6179,比率0.0792%
当前时间:11:26:08    当前价格:7.181001 波动价格:-0.001099 初始波动:-0.618999,比率0.0794%
当前时间:11:26:12    当前价格:7.181001 波动价格:0.0 初始波动:-0.618999,比率0.0794%
当前时间:11:26:24    当前价格:7.180000 波动价格:-0.001001 初始波动:-0.62,比率0.0795%
当前时间:11:26:30    当前价格:7.171000 波动价格:-0.009 初始波动:-0.629,比率0.0806%
当前时间:11:26:31    当前价格:7.180000 波动价格:0.009 初始波动:-0.62,比率0.0795%
当前时间:11:26:33    当前价格:7.171000 波动价格:-0.009 初始波动:-0.629,比率0.0806%
当前时间:11:26:35    当前价格:7.166000 波动价格:-0.005 初始波动:-0.634,比率0.0813%
当前时间:11:26:42    当前价格:7.166000 波动价格:0.0 初始波动:-0.634,比率0.0813%
当前时间:11:26:46    当前价格:7.150000 波动价格:-0.016 初始波动:-0.65,比率0.0833%
当前时间:11:26:50    当前价格:7.140000 波动价格:-0.01 初始波动:-0.66,比率0.0846%
当前时间:11:26:53    当前价格:7.100000 波动价格:-0.04 初始波动:-0.7,比率0.0897%
当前时间:11:26:57    当前价格:7.013100 波动价格:-0.0869 初始波动:-0.7869,比率0.1009%
当前时间:11:26:59    当前价格:7.000000 波动价格:-0.0131 初始波动:-0.8,比率0.1026%
当前时间:11:27:03    当前价格:7.000000 波动价格:0.0 初始波动:-0.8,比率0.1026%
当前时间:11:27:04    当前价格:7.000000 波动价格:0.0 初始波动:-0.8,比率0.1026%
当前时间:11:27:06    当前价格:7.000000 波动价格:0.0 初始波动:-0.8,比率0.1026%
当前时间:11:27:11    当前价格:7.000000 波动价格:0.0 初始波动:-0.8,比率0.1026%
当前时间:11:27:13    当前价格:7.000000 波动价格:0.0 初始波动:-0.8,比率0.1026%
当前时间:11:27:17    当前价格:7.000000 波动价格:0.0 初始波动:-0.8,比率0.1026%
当前时间:11:27:19    当前价格:7.000000 波动价格:0.0 初始波动:-0.8,比率0.1026%
当前时间:11:27:20    当前价格:7.000000 波动价格:0.0 初始波动:-0.8,比率0.1026%
当前时间:11:27:23    当前价格:7.000000 波动价格:0.0 初始波动:-0.8,比率0.1026%
当前时间:11:27:26    当前价格:7.000000 波动价格:0.0 初始波动:-0.8,比率0.1026%
当前时间:11:27:27    当前价格:7.000000 波动价格:0.0 初始波动:-0.8,比率0.1026%
当前时间:11:27:28    当前价格:7.000000 波动价格:0.0 初始波动:-0.8,比率0.1026%
当前时间:11:27:32    当前价格:7.070000 波动价格:0.07 初始波动:-0.73,比率0.0936%
当前时间:11:27:34    当前价格:7.000000 波动价格:-0.07 初始波动:-0.8,比率0.1026%
当前时间:11:27:37    当前价格:7.000000 波动价格:0.0 初始波动:-0.8,比率0.1026%
当前时间:11:27:39    当前价格:7.000000 波动价格:0.0 初始波动:-0.8,比率0.1026%
当前时间:11:27:44    当前价格:7.070000 波动价格:0.07 初始波动:-0.73,比率0.0936%
当前时间:11:27:47    当前价格:7.000000 波动价格:-0.07 初始波动:-0.8,比率0.1026%
当前时间:11:27:49    当前价格:7.000000 波动价格:0.0 初始波动:-0.8,比率0.1026%
当前时间:11:28:07    当前价格:7.070000 波动价格:0.07 初始波动:-0.73,比率0.0936%
当前时间:11:28:16    当前价格:7.070000 波动价格:0.0 初始波动:-0.73,比率0.0936%
当前时间:11:28:21    当前价格:7.070000 波动价格:0.0 初始波动:-0.73,比率0.0936%
当前时间:11:28:30    当前价格:7.070000 波动价格:0.0 初始波动:-0.73,比率0.0936%
当前时间:11:29:32    当前价格:7.081000 波动价格:0.011 初始波动:-0.719,比率0.0922%
当前时间:11:29:39    当前价格:7.080000 波动价格:-0.001 初始波动:-0.72,比率0.0923%
当前时间:11:29:56    当前价格:7.081000 波动价格:0.001 初始波动:-0.719,比率0.0922%
当前时间:11:30:31    当前价格:7.090000 波动价格:0.009 初始波动:-0.71,比率0.091%
当前时间:11:30:37    当前价格:7.081000 波动价格:-0.009 初始波动:-0.719,比率0.0922%
当前时间:11:30:40    当前价格:7.090000 波动价格:0.009 初始波动:-0.71,比率0.091%
当前时间:11:30:43    当前价格:7.080000 波动价格:-0.01 初始波动:-0.72,比率0.0923%
当前时间:11:30:49    当前价格:7.073100 波动价格:-0.0069 初始波动:-0.7269,比率0.0932%
当前时间:11:30:52    当前价格:7.080000 波动价格:0.0069 初始波动:-0.72,比率0.0923%
当前时间:11:30:54    当前价格:7.080000 波动价格:0.0 初始波动:-0.72,比率0.0923%
当前时间:11:30:57    当前价格:7.080000 波动价格:0.0 初始波动:-0.72,比率0.0923%
当前时间:11:31:03    当前价格:7.081000 波动价格:0.001 初始波动:-0.719,比率0.0922%
当前时间:11:31:09    当前价格:7.080010 波动价格:-0.00099 初始波动:-0.71999,比率0.0923%
当前时间:11:31:15    当前价格:7.090000 波动价格:0.00999 初始波动:-0.71,比率0.091%
当前时间:11:31:17    当前价格:7.090000 波动价格:0.0 初始波动:-0.71,比率0.091%
当前时间:11:31:22    当前价格:7.090000 波动价格:0.0 初始波动:-0.71,比率0.091%
当前时间:11:31:28    当前价格:7.090000 波动价格:0.0 初始波动:-0.71,比率0.091%
当前时间:11:31:30    当前价格:7.090000 波动价格:0.0 初始波动:-0.71,比率0.091%
当前时间:11:31:32    当前价格:7.090000 波动价格:0.0 初始波动:-0.71,比率0.091%
当前时间:11:31:34    当前价格:7.090000 波动价格:0.0 初始波动:-0.71,比率0.091%
当前时间:11:31:37    当前价格:7.090000 波动价格:0.0 初始波动:-0.71,比率0.091%
当前时间:11:31:43    当前价格:7.150000 波动价格:0.06 初始波动:-0.65,比率0.0833%
当前时间:11:31:46    当前价格:7.159000 波动价格:0.009 初始波动:-0.641,比率0.0822%
当前时间:11:32:46    当前价格:7.140000 波动价格:-0.019 初始波动:-0.66,比率0.0846%
当前时间:11:32:56    当前价格:7.140000 波动价格:0.0 初始波动:-0.66,比率0.0846%
当前时间:11:33:08    当前价格:7.110000 波动价格:-0.03 初始波动:-0.69,比率0.0885%
当前时间:11:33:24    当前价格:7.101000 波动价格:-0.009 初始波动:-0.699,比率0.0896%
当前时间:11:33:27    当前价格:7.101000 波动价格:0.0 初始波动:-0.699,比率0.0896%
当前时间:11:33:31    当前价格:7.101000 波动价格:0.0 初始波动:-0.699,比率0.0896%
当前时间:11:33:40    当前价格:7.100000 波动价格:-0.001 初始波动:-0.7,比率0.0897%
当前时间:11:33:46    当前价格:7.090000 波动价格:-0.01 初始波动:-0.71,比率0.091%
当前时间:11:34:07    当前价格:7.080000 波动价格:-0.01 初始波动:-0.72,比率0.0923%
当前时间:11:34:18    当前价格:7.080000 波动价格:0.0 初始波动:-0.72,比率0.0923%
当前时间:11:34:27    当前价格:7.080000 波动价格:0.0 初始波动:-0.72,比率0.0923%
当前时间:11:34:28    当前价格:7.080000 波动价格:0.0 初始波动:-0.72,比率0.0923%
当前时间:11:35:01    当前价格:7.070000 波动价格:-0.01 初始波动:-0.73,比率0.0936%
当前时间:11:35:02    当前价格:7.070000 波动价格:0.0 初始波动:-0.73,比率0.0936%
当前时间:11:35:03    当前价格:7.080000 波动价格:0.01 初始波动:-0.72,比率0.0923%
当前时间:11:35:07    当前价格:7.050000 波动价格:-0.03 初始波动:-0.75,比率0.0962%
当前时间:11:35:11    当前价格:7.060000 波动价格:0.01 初始波动:-0.74,比率0.0949%
当前时间:11:35:20    当前价格:7.060000 波动价格:0.0 初始波动:-0.74,比率0.0949%
当前时间:11:35:37    当前价格:7.050000 波动价格:-0.01 初始波动:-0.75,比率0.0962%
当前时间:11:35:39    当前价格:7.050000 波动价格:0.0 初始波动:-0.75,比率0.0962%
当前时间:11:35:50    当前价格:7.080000 波动价格:0.03 初始波动:-0.72,比率0.0923%
当前时间:11:36:13    当前价格:7.080000 波动价格:0.0 初始波动:-0.72,比率0.0923%
当前时间:11:36:18    当前价格:7.080000 波动价格:0.0 初始波动:-0.72,比率0.0923%
当前时间:11:36:23    当前价格:7.080000 波动价格:0.0 初始波动:-0.72,比率0.0923%
当前时间:11:36:27    当前价格:7.080000 波动价格:0.0 初始波动:-0.72,比率0.0923%
当前时间:11:36:28    当前价格:7.080000 波动价格:0.0 初始波动:-0.72,比率0.0923%
当前时间:11:36:29    当前价格:7.080000 波动价格:0.0 初始波动:-0.72,比率0.0923%
当前时间:11:36:31    当前价格:7.090000 波动价格:0.01 初始波动:-0.71,比率0.091%
当前时间:11:36:43    当前价格:7.090000 波动价格:0.0 初始波动:-0.71,比率0.091%
当前时间:11:36:57    当前价格:7.080000 波动价格:-0.01 初始波动:-0.72,比率0.0923%
当前时间:11:37:05    当前价格:7.100000 波动价格:0.02 初始波动:-0.7,比率0.0897%
当前时间:11:37:10    当前价格:7.080000 波动价格:-0.02 初始波动:-0.72,比率0.0923%
当前时间:11:37:15    当前价格:7.100000 波动价格:0.02 初始波动:-0.7,比率0.0897%
当前时间:11:37:20    当前价格:7.100000 波动价格:0.0 初始波动:-0.7,比率0.0897%
当前时间:11:37:27    当前价格:7.060000 波动价格:-0.04 初始波动:-0.74,比率0.0949%
当前时间:11:37:38    当前价格:7.060000 波动价格:0.0 初始波动:-0.74,比率0.0949%
当前时间:11:37:48    当前价格:7.060000 波动价格:0.0 初始波动:-0.74,比率0.0949%
当前时间:11:37:52    当前价格:7.090000 波动价格:0.03 初始波动:-0.71,比率0.091%
当前时间:11:37:57    当前价格:7.090000 波动价格:0.0 初始波动:-0.71,比率0.091%
当前时间:11:38:10    当前价格:7.100000 波动价格:0.01 初始波动:-0.7,比率0.0897%
当前时间:11:38:18    当前价格:7.100000 波动价格:0.0 初始波动:-0.7,比率0.0897%
当前时间:11:38:25    当前价格:7.080000 波动价格:-0.02 初始波动:-0.72,比率0.0923%
当前时间:11:38:28    当前价格:7.100000 波动价格:0.02 初始波动:-0.7,比率0.0897%
当前时间:11:38:35    当前价格:7.100000 波动价格:0.0 初始波动:-0.7,比率0.0897%
当前时间:11:38:40    当前价格:7.080000 波动价格:-0.02 初始波动:-0.72,比率0.0923%
当前时间:11:38:42    当前价格:7.100000 波动价格:0.02 初始波动:-0.7,比率0.0897%
当前时间:11:38:46    当前价格:7.130000 波动价格:0.03 初始波动:-0.67,比率0.0859%
当前时间:11:38:47    当前价格:7.080000 波动价格:-0.05 初始波动:-0.72,比率0.0923%
当前时间:11:38:51    当前价格:7.080000 波动价格:0.0 初始波动:-0.72,比率0.0923%
当前时间:11:38:53    当前价格:7.100000 波动价格:0.02 初始波动:-0.7,比率0.0897%
当前时间:11:38:56    当前价格:7.100000 波动价格:0.0 初始波动:-0.7,比率0.0897%
当前时间:11:39:00    当前价格:7.100000 波动价格:0.0 初始波动:-0.7,比率0.0897%
当前时间:11:39:06    当前价格:7.080000 波动价格:-0.02 初始波动:-0.72,比率0.0923%
当前时间:11:39:09    当前价格:7.080000 波动价格:0.0 初始波动:-0.72,比率0.0923%
当前时间:11:39:13    当前价格:7.080000 波动价格:0.0 初始波动:-0.72,比率0.0923%
当前时间:11:39:16    当前价格:7.186200 波动价格:0.1062 初始波动:-0.6138,比率0.0787%
当前时间:11:39:20    当前价格:7.060000 波动价格:-0.1262 初始波动:-0.74,比率0.0949%
当前时间:11:39:23    当前价格:7.060000 波动价格:0.0 初始波动:-0.74,比率0.0949%
当前时间:11:39:27    当前价格:7.060000 波动价格:0.0 初始波动:-0.74,比率0.0949%
当前时间:11:39:30    当前价格:7.060000 波动价格:0.0 初始波动:-0.74,比率0.0949%
当前时间:11:39:34    当前价格:7.060000 波动价格:0.0 初始波动:-0.74,比率0.0949%
当前时间:11:39:37    当前价格:7.060000 波动价格:0.0 初始波动:-0.74,比率0.0949%
当前时间:11:39:41    当前价格:7.060000 波动价格:0.0 初始波动:-0.74,比率0.0949%
当前时间:11:39:42    当前价格:7.060000 波动价格:0.0 初始波动:-0.74,比率0.0949%
当前时间:11:39:45    当前价格:7.060001 波动价格:1e-06 初始波动:-0.739999,比率0.0949%
当前时间:11:39:49    当前价格:7.060001 波动价格:0.0 初始波动:-0.739999,比率0.0949%
当前时间:11:39:53    当前价格:7.100000 波动价格:0.039999 初始波动:-0.7,比率0.0897%
当前时间:11:39:55    当前价格:7.070000 波动价格:-0.03 初始波动:-0.73,比率0.0936%
当前时间:11:40:01    当前价格:7.060000 波动价格:-0.01 初始波动:-0.74,比率0.0949%
当前时间:11:40:02    当前价格:7.060001 波动价格:1e-06 初始波动:-0.739999,比率0.0949%
当前时间:11:40:05    当前价格:7.060000 波动价格:-1e-06 初始波动:-0.74,比率0.0949%
当前时间:11:40:07    当前价格:7.060001 波动价格:1e-06 初始波动:-0.739999,比率0.0949%
当前时间:11:40:09    当前价格:7.060200 波动价格:0.000199 初始波动:-0.7398,比率0.0948%
当前时间:11:40:13    当前价格:7.060200 波动价格:0.0 初始波动:-0.7398,比率0.0948%
当前时间:11:40:20    当前价格:7.070000 波动价格:0.0098 初始波动:-0.73,比率0.0936%
当前时间:11:40:33    当前价格:7.070000 波动价格:0.0 初始波动:-0.73,比率0.0936%
当前时间:11:40:34    当前价格:7.060200 波动价格:-0.0098 初始波动:-0.7398,比率0.0948%
当前时间:11:40:36    当前价格:7.070000 波动价格:0.0098 初始波动:-0.73,比率0.0936%
当前时间:11:40:38    当前价格:7.060200 波动价格:-0.0098 初始波动:-0.7398,比率0.0948%
当前时间:11:40:39    当前价格:7.070000 波动价格:0.0098 初始波动:-0.73,比率0.0936%
当前时间:11:40:40    当前价格:7.070000 波动价格:0.0 初始波动:-0.73,比率0.0936%
当前时间:11:40:42    当前价格:7.100000 波动价格:0.03 初始波动:-0.7,比率0.0897%
当前时间:11:40:45    当前价格:7.070000 波动价格:-0.03 初始波动:-0.73,比率0.0936%
当前时间:11:40:55    当前价格:7.070000 波动价格:0.0 初始波动:-0.73,比率0.0936%
当前时间:11:41:00    当前价格:7.100000 波动价格:0.03 初始波动:-0.7,比率0.0897%
当前时间:11:41:02    当前价格:7.070000 波动价格:-0.03 初始波动:-0.73,比率0.0936%
当前时间:11:41:06    当前价格:7.070000 波动价格:0.0 初始波动:-0.73,比率0.0936%
当前时间:11:41:10    当前价格:7.070000 波动价格:0.0 初始波动:-0.73,比率0.0936%
当前时间:11:41:13    当前价格:7.070000 波动价格:0.0 初始波动:-0.73,比率0.0936%
当前时间:11:41:15    当前价格:7.070000 波动价格:0.0 初始波动:-0.73,比率0.0936%
当前时间:11:41:18    当前价格:7.070000 波动价格:0.0 初始波动:-0.73,比率0.0936%
当前时间:11:41:23    当前价格:7.070000 波动价格:0.0 初始波动:-0.73,比率0.0936%
当前时间:11:41:27    当前价格:7.070000 波动价格:0.0 初始波动:-0.73,比率0.0936%
当前时间:11:41:30    当前价格:7.070000 波动价格:0.0 初始波动:-0.73,比率0.0936%
当前时间:11:41:33    当前价格:7.070000 波动价格:0.0 初始波动:-0.73,比率0.0936%
当前时间:11:41:36    当前价格:7.110000 波动价格:0.04 初始波动:-0.69,比率0.0885%
当前时间:11:41:37    当前价格:7.070000 波动价格:-0.04 初始波动:-0.73,比率0.0936%
当前时间:11:41:40    当前价格:7.070000 波动价格:0.0 初始波动:-0.73,比率0.0936%
当前时间:11:41:43    当前价格:7.070000 波动价格:0.0 初始波动:-0.73,比率0.0936%
当前时间:11:41:50    当前价格:7.070000 波动价格:0.0 初始波动:-0.73,比率0.0936%
当前时间:11:41:52    当前价格:7.070000 波动价格:0.0 初始波动:-0.73,比率0.0936%
当前时间:11:41:54    当前价格:7.070000 波动价格:0.0 初始波动:-0.73,比率0.0936%
当前时间:11:41:57    当前价格:7.070000 波动价格:0.0 初始波动:-0.73,比率0.0936%
当前时间:11:41:59    当前价格:7.070000 波动价格:0.0 初始波动:-0.73,比率0.0936%
当前时间:11:42:02    当前价格:7.070000 波动价格:0.0 初始波动:-0.73,比率0.0936%
当前时间:11:42:06    当前价格:7.060200 波动价格:-0.0098 初始波动:-0.7398,比率0.0948%
当前时间:11:42:11    当前价格:7.060200 波动价格:0.0 初始波动:-0.7398,比率0.0948%
当前时间:11:42:16    当前价格:7.060200 波动价格:0.0 初始波动:-0.7398,比率0.0948%
当前时间:11:42:23    当前价格:7.060000 波动价格:-0.0002 初始波动:-0.74,比率0.0949%
当前时间:11:42:24    当前价格:7.060000 波动价格:0.0 初始波动:-0.74,比率0.0949%
当前时间:11:42:27    当前价格:7.060000 波动价格:0.0 初始波动:-0.74,比率0.0949%
当前时间:11:42:30    当前价格:7.060000 波动价格:0.0 初始波动:-0.74,比率0.0949%
当前时间:11:42:31    当前价格:7.060000 波动价格:0.0 初始波动:-0.74,比率0.0949%
当前时间:11:42:35    当前价格:7.050000 波动价格:-0.01 初始波动:-0.75,比率0.0962%
当前时间:11:42:38    当前价格:7.060000 波动价格:0.01 初始波动:-0.74,比率0.0949%
当前时间:11:42:42    当前价格:7.050000 波动价格:-0.01 初始波动:-0.75,比率0.0962%
当前时间:11:42:45    当前价格:7.060000 波动价格:0.01 初始波动:-0.74,比率0.0949%
当前时间:11:42:46    当前价格:7.060000 波动价格:0.0 初始波动:-0.74,比率0.0949%
当前时间:11:42:47    当前价格:7.060000 波动价格:0.0 初始波动:-0.74,比率0.0949%
当前时间:11:42:50    当前价格:7.050000 波动价格:-0.01 初始波动:-0.75,比率0.0962%
当前时间:11:42:58    当前价格:7.050000 波动价格:0.0 初始波动:-0.75,比率0.0962%
当前时间:11:43:00    当前价格:7.050000 波动价格:0.0 初始波动:-0.75,比率0.0962%
当前时间:11:43:01    当前价格:7.060200 波动价格:0.0102 初始波动:-0.7398,比率0.0948%
当前时间:11:43:02    当前价格:7.050000 波动价格:-0.0102 初始波动:-0.75,比率0.0962%
当前时间:11:43:04    当前价格:7.050000 波动价格:0.0 初始波动:-0.75,比率0.0962%
当前时间:11:43:06    当前价格:7.050000 波动价格:0.0 初始波动:-0.75,比率0.0962%
当前时间:11:43:11    当前价格:7.050000 波动价格:0.0 初始波动:-0.75,比率0.0962%
当前时间:11:43:12    当前价格:7.050000 波动价格:0.0 初始波动:-0.75,比率0.0962%
当前时间:11:43:13    当前价格:7.050000 波动价格:0.0 初始波动:-0.75,比率0.0962%
当前时间:11:43:15    当前价格:7.050000 波动价格:0.0 初始波动:-0.75,比率0.0962%
当前时间:11:43:16    当前价格:7.060200 波动价格:0.0102 初始波动:-0.7398,比率0.0948%
当前时间:11:43:19    当前价格:7.050000 波动价格:-0.0102 初始波动:-0.75,比率0.0962%
当前时间:11:43:22    当前价格:7.050000 波动价格:0.0 初始波动:-0.75,比率0.0962%
当前时间:11:43:26    当前价格:7.050000 波动价格:0.0 初始波动:-0.75,比率0.0962%
当前时间:11:43:30    当前价格:7.050000 波动价格:0.0 初始波动:-0.75,比率0.0962%
当前时间:11:43:35    当前价格:7.050000 波动价格:0.0 初始波动:-0.75,比率0.0962%
当前时间:11:43:39    当前价格:7.050000 波动价格:0.0 初始波动:-0.75,比率0.0962%
当前时间:11:43:42    当前价格:7.060200 波动价格:0.0102 初始波动:-0.7398,比率0.0948%
当前时间:11:43:46    当前价格:7.050000 波动价格:-0.0102 初始波动:-0.75,比率0.0962%
当前时间:11:43:47    当前价格:7.050001 波动价格:1e-06 初始波动:-0.749999,比率0.0962%
当前时间:11:43:48    当前价格:7.060200 波动价格:0.010199 初始波动:-0.7398,比率0.0948%
当前时间:11:43:49    当前价格:7.050001 波动价格:-0.010199 初始波动:-0.749999,比率0.0962%
当前时间:11:43:54    当前价格:7.050001 波动价格:0.0 初始波动:-0.749999,比率0.0962%
当前时间:11:43:58    当前价格:7.050001 波动价格:0.0 初始波动:-0.749999,比率0.0962%
当前时间:11:44:00    当前价格:7.050001 波动价格:0.0 初始波动:-0.749999,比率0.0962%
当前时间:11:44:06    当前价格:7.050001 波动价格:0.0 初始波动:-0.749999,比率0.0962%
当前时间:11:44:10    当前价格:7.050001 波动价格:0.0 初始波动:-0.749999,比率0.0962%
当前时间:11:44:12    当前价格:7.050001 波动价格:0.0 初始波动:-0.749999,比率0.0962%
当前时间:11:44:14    当前价格:7.050000 波动价格:-1e-06 初始波动:-0.75,比率0.0962%
当前时间:11:44:17    当前价格:7.050001 波动价格:1e-06 初始波动:-0.749999,比率0.0962%
当前时间:11:44:21    当前价格:7.050001 波动价格:0.0 初始波动:-0.749999,比率0.0962%
当前时间:11:44:23    当前价格:7.050001 波动价格:0.0 初始波动:-0.749999,比率0.0962%
当前时间:11:44:24    当前价格:7.060200 波动价格:0.010199 初始波动:-0.7398,比率0.0948%
当前时间:11:44:25    当前价格:7.060200 波动价格:0.0 初始波动:-0.7398,比率0.0948%
当前时间:11:44:38    当前价格:7.050000 波动价格:-0.0102 初始波动:-0.75,比率0.0962%
当前时间:11:44:43    当前价格:7.050000 波动价格:0.0 初始波动:-0.75,比率0.0962%
当前时间:11:44:45    当前价格:7.050001 波动价格:1e-06 初始波动:-0.749999,比率0.0962%
当前时间:11:44:46    当前价格:7.050000 波动价格:-1e-06 初始波动:-0.75,比率0.0962%
当前时间:11:44:50    当前价格:7.050000 波动价格:0.0 初始波动:-0.75,比率0.0962%
当前时间:11:44:52    当前价格:7.050001 波动价格:1e-06 初始波动:-0.749999,比率0.0962%
当前时间:11:44:53    当前价格:7.050001 波动价格:0.0 初始波动:-0.749999,比率0.0962%
当前时间:11:44:56    当前价格:7.050001 波动价格:0.0 初始波动:-0.749999,比率0.0962%
当前时间:11:44:57    当前价格:7.050000 波动价格:-1e-06 初始波动:-0.75,比率0.0962%
当前时间:11:45:00    当前价格:7.050000 波动价格:0.0 初始波动:-0.75,比率0.0962%
当前时间:11:45:04    当前价格:7.050000 波动价格:0.0 初始波动:-0.75,比率0.0962%
当前时间:11:45:06    当前价格:7.050000 波动价格:0.0 初始波动:-0.75,比率0.0962%
当前时间:11:45:07    当前价格:7.050000 波动价格:0.0 初始波动:-0.75,比率0.0962%
当前时间:11:45:12    当前价格:7.051000 波动价格:0.001 初始波动:-0.749,比率0.096%
当前时间:11:45:19    当前价格:7.050000 波动价格:-0.001 初始波动:-0.75,比率0.0962%
当前时间:11:45:23    当前价格:7.050000 波动价格:0.0 初始波动:-0.75,比率0.0962%
当前时间:11:45:28    当前价格:7.050000 波动价格:0.0 初始波动:-0.75,比率0.0962%
当前时间:11:45:31    当前价格:7.050000 波动价格:0.0 初始波动:-0.75,比率0.0962%
当前时间:11:45:35    当前价格:7.050000 波动价格:0.0 初始波动:-0.75,比率0.0962%
当前时间:11:45:36    当前价格:7.050000 波动价格:0.0 初始波动:-0.75,比率0.0962%
当前时间:11:45:38    当前价格:7.051000 波动价格:0.001 初始波动:-0.749,比率0.096%
当前时间:11:45:39    当前价格:7.051000 波动价格:0.0 初始波动:-0.749,比率0.096%
当前时间:11:45:40    当前价格:7.051000 波动价格:0.0 初始波动:-0.749,比率0.096%
当前时间:11:45:44    当前价格:7.051000 波动价格:0.0 初始波动:-0.749,比率0.096%
当前时间:11:45:47    当前价格:7.051000 波动价格:0.0 初始波动:-0.749,比率0.096%
当前时间:11:45:51    当前价格:7.051000 波动价格:0.0 初始波动:-0.749,比率0.096%
当前时间:11:45:53    当前价格:7.051000 波动价格:0.0 初始波动:-0.749,比率0.096%
当前时间:11:45:55    当前价格:7.051000 波动价格:0.0 初始波动:-0.749,比率0.096%
当前时间:11:45:59    当前价格:7.050000 波动价格:-0.001 初始波动:-0.75,比率0.0962%
当前时间:11:46:00    当前价格:7.051000 波动价格:0.001 初始波动:-0.749,比率0.096%
当前时间:11:46:02    当前价格:7.051000 波动价格:0.0 初始波动:-0.749,比率0.096%
当前时间:11:46:03    当前价格:7.051000 波动价格:0.0 初始波动:-0.749,比率0.096%
当前时间:11:46:06    当前价格:7.051000 波动价格:0.0 初始波动:-0.749,比率0.096%
当前时间:11:46:10    当前价格:7.051000 波动价格:0.0 初始波动:-0.749,比率0.096%
当前时间:11:46:13    当前价格:7.051000 波动价格:0.0 初始波动:-0.749,比率0.096%
当前时间:11:46:16    当前价格:7.051000 波动价格:0.0 初始波动:-0.749,比率0.096%
当前时间:11:46:18    当前价格:7.070000 波动价格:0.019 初始波动:-0.73,比率0.0936%
当前时间:11:46:20    当前价格:7.050000 波动价格:-0.02 初始波动:-0.75,比率0.0962%
当前时间:11:46:21    当前价格:7.051000 波动价格:0.001 初始波动:-0.749,比率0.096%
当前时间:11:46:24    当前价格:7.051000 波动价格:0.0 初始波动:-0.749,比率0.096%
当前时间:11:46:29    当前价格:7.051000 波动价格:0.0 初始波动:-0.749,比率0.096%
当前时间:11:46:32    当前价格:7.051000 波动价格:0.0 初始波动:-0.749,比率0.096%
当前时间:11:46:36    当前价格:7.050000 波动价格:-0.001 初始波动:-0.75,比率0.0962%
当前时间:11:46:41    当前价格:7.051000 波动价格:0.001 初始波动:-0.749,比率0.096%
当前时间:11:46:42    当前价格:7.050000 波动价格:-0.001 初始波动:-0.75,比率0.0962%
当前时间:11:46:45    当前价格:7.050000 波动价格:0.0 初始波动:-0.75,比率0.0962%
当前时间:11:46:46    当前价格:7.050000 波动价格:0.0 初始波动:-0.75,比率0.0962%
当前时间:11:46:47    当前价格:7.051000 波动价格:0.001 初始波动:-0.749,比率0.096%
当前时间:11:46:49    当前价格:7.050000 波动价格:-0.001 初始波动:-0.75,比率0.0962%
当前时间:11:46:55    当前价格:7.050000 波动价格:0.0 初始波动:-0.75,比率0.0962%
当前时间:11:46:59    当前价格:7.051000 波动价格:0.001 初始波动:-0.749,比率0.096%
当前时间:11:47:00    当前价格:7.051000 波动价格:0.0 初始波动:-0.749,比率0.096%
当前时间:11:47:04    当前价格:7.051000 波动价格:0.0 初始波动:-0.749,比率0.096%
当前时间:11:47:11    当前价格:7.050000 波动价格:-0.001 初始波动:-0.75,比率0.0962%
当前时间:11:47:19    当前价格:7.051000 波动价格:0.001 初始波动:-0.749,比率0.096%
当前时间:11:47:24    当前价格:7.050000 波动价格:-0.001 初始波动:-0.75,比率0.0962%
当前时间:11:47:28    当前价格:7.050000 波动价格:0.0 初始波动:-0.75,比率0.0962%
当前时间:11:47:32    当前价格:7.050000 波动价格:0.0 初始波动:-0.75,比率0.0962%
当前时间:11:47:33    当前价格:7.050000 波动价格:0.0 初始波动:-0.75,比率0.0962%
当前时间:11:47:38    当前价格:7.020001 波动价格:-0.029999 初始波动:-0.779999,比率0.1%
当前时间:11:47:42    当前价格:7.020001 波动价格:0.0 初始波动:-0.779999,比率0.1%
当前时间:11:47:47    当前价格:7.020001 波动价格:0.0 初始波动:-0.779999,比率0.1%
当前时间:11:47:48    当前价格:7.051000 波动价格:0.030999 初始波动:-0.749,比率0.096%
当前时间:11:47:55    当前价格:7.020000 波动价格:-0.031 初始波动:-0.78,比率0.1%
当前时间:11:47:57    当前价格:7.020000 波动价格:0.0 初始波动:-0.78,比率0.1%
当前时间:11:47:58    当前价格:7.020000 波动价格:0.0 初始波动:-0.78,比率0.1%
当前时间:11:48:01    当前价格:7.020000 波动价格:0.0 初始波动:-0.78,比率0.1%
当前时间:11:48:02    当前价格:7.020000 波动价格:0.0 初始波动:-0.78,比率0.1%
当前时间:11:48:06    当前价格:7.010000 波动价格:-0.01 初始波动:-0.79,比率0.1013%
当前时间:11:48:07    当前价格:7.020000 波动价格:0.01 初始波动:-0.78,比率0.1%
当前时间:11:48:09    当前价格:7.010000 波动价格:-0.01 初始波动:-0.79,比率0.1013%
当前时间:11:48:18    当前价格:7.010000 波动价格:0.0 初始波动:-0.79,比率0.1013%
当前时间:11:48:21    当前价格:7.001000 波动价格:-0.009 初始波动:-0.799,比率0.1024%
当前时间:11:48:25    当前价格:7.001000 波动价格:0.0 初始波动:-0.799,比率0.1024%
当前时间:11:48:28    当前价格:7.010000 波动价格:0.009 初始波动:-0.79,比率0.1013%
当前时间:11:48:29    当前价格:7.001000 波动价格:-0.009 初始波动:-0.799,比率0.1024%
当前时间:11:48:33    当前价格:7.001000 波动价格:0.0 初始波动:-0.799,比率0.1024%
当前时间:11:48:36    当前价格:7.000010 波动价格:-0.00099 初始波动:-0.79999,比率0.1026%
当前时间:11:48:42    当前价格:7.000010 波动价格:0.0 初始波动:-0.79999,比率0.1026%
当前时间:11:48:44    当前价格:7.000001 波动价格:-9e-06 初始波动:-0.799999,比率0.1026%
当前时间:11:48:46    当前价格:7.000000 波动价格:-1e-06 初始波动:-0.8,比率0.1026%
当前时间:11:48:47    当前价格:7.000000 波动价格:0.0 初始波动:-0.8,比率0.1026%
当前时间:11:48:49    当前价格:7.000000 波动价格:0.0 初始波动:-0.8,比率0.1026%
当前时间:11:48:50    当前价格:7.000000 波动价格:0.0 初始波动:-0.8,比率0.1026%
当前时间:11:48:51    当前价格:6.920000 波动价格:-0.08 初始波动:-0.88,比率0.1128%
当前时间:11:48:53    当前价格:6.980000 波动价格:0.06 初始波动:-0.82,比率0.1051%
当前时间:11:48:54    当前价格:6.920000 波动价格:-0.06 初始波动:-0.88,比率0.1128%
当前时间:11:48:55    当前价格:6.920000 波动价格:0.0 初始波动:-0.88,比率0.1128%
当前时间:11:48:58    当前价格:6.910000 波动价格:-0.01 初始波动:-0.89,比率0.1141%
当前时间:11:49:01    当前价格:6.900000 波动价格:-0.01 初始波动:-0.9,比率0.1154%
当前时间:11:49:04    当前价格:6.900000 波动价格:0.0 初始波动:-0.9,比率0.1154%
当前时间:11:49:08    当前价格:6.900000 波动价格:0.0 初始波动:-0.9,比率0.1154%
当前时间:11:49:11    当前价格:6.900000 波动价格:0.0 初始波动:-0.9,比率0.1154%
当前时间:11:49:13    当前价格:6.900000 波动价格:0.0 初始波动:-0.9,比率0.1154%
当前时间:11:49:15    当前价格:6.900000 波动价格:0.0 初始波动:-0.9,比率0.1154%
当前时间:11:49:18    当前价格:6.900000 波动价格:0.0 初始波动:-0.9,比率0.1154%
当前时间:11:49:20    当前价格:6.900000 波动价格:0.0 初始波动:-0.9,比率0.1154%
当前时间:11:49:21    当前价格:6.900000 波动价格:0.0 初始波动:-0.9,比率0.1154%
当前时间:11:49:22    当前价格:6.890000 波动价格:-0.01 初始波动:-0.91,比率0.1167%
当前时间:11:49:24    当前价格:6.880000 波动价格:-0.01 初始波动:-0.92,比率0.1179%
当前时间:11:49:30    当前价格:6.850000 波动价格:-0.03 初始波动:-0.95,比率0.1218%
当前时间:11:49:37    当前价格:6.850000 波动价格:0.0 初始波动:-0.95,比率0.1218%
当前时间:11:49:39    当前价格:6.850000 波动价格:0.0 初始波动:-0.95,比率0.1218%
当前时间:11:49:53    当前价格:6.850000 波动价格:0.0 初始波动:-0.95,比率0.1218%
当前时间:11:49:58    当前价格:6.900000 波动价格:0.05 初始波动:-0.9,比率0.1154%
当前时间:11:50:01    当前价格:7.000000 波动价格:0.1 初始波动:-0.8,比率0.1026%
当前时间:11:50:02    当前价格:6.850000 波动价格:-0.15 初始波动:-0.95,比率0.1218%
当前时间:11:50:05    当前价格:7.000000 波动价格:0.15 初始波动:-0.8,比率0.1026%
当前时间:11:50:14    当前价格:7.000000 波动价格:0.0 初始波动:-0.8,比率0.1026%
当前时间:11:50:20    当前价格:7.000000 波动价格:0.0 初始波动:-0.8,比率0.1026%
当前时间:11:50:24    当前价格:7.000000 波动价格:0.0 初始波动:-0.8,比率0.1026%
当前时间:11:50:25    当前价格:7.000000 波动价格:0.0 初始波动:-0.8,比率0.1026%
当前时间:11:50:32    当前价格:7.000000 波动价格:0.0 初始波动:-0.8,比率0.1026%
当前时间:11:50:35    当前价格:7.000000 波动价格:0.0 初始波动:-0.8,比率0.1026%
当前时间:11:50:41    当前价格:7.000000 波动价格:0.0 初始波动:-0.8,比率0.1026%
当前时间:11:50:45    当前价格:7.000000 波动价格:0.0 初始波动:-0.8,比率0.1026%
当前时间:11:50:46    当前价格:7.000000 波动价格:0.0 初始波动:-0.8,比率0.1026%
当前时间:11:50:48    当前价格:7.000000 波动价格:0.0 初始波动:-0.8,比率0.1026%
当前时间:11:51:11    当前价格:7.070000 波动价格:0.07 初始波动:-0.73,比率0.0936%
当前时间:11:51:17    当前价格:7.100000 波动价格:0.03 初始波动:-0.7,比率0.0897%
当前时间:11:51:18    当前价格:7.100000 波动价格:0.0 初始波动:-0.7,比率0.0897%
当前时间:11:51:21    当前价格:7.100000 波动价格:0.0 初始波动:-0.7,比率0.0897%
当前时间:11:51:22    当前价格:7.100000 波动价格:0.0 初始波动:-0.7,比率0.0897%
当前时间:11:51:23    当前价格:7.110000 波动价格:0.01 初始波动:-0.69,比率0.0885%
当前时间:11:51:29    当前价格:7.110000 波动价格:0.0 初始波动:-0.69,比率0.0885%
当前时间:11:51:35    当前价格:7.120000 波动价格:0.01 初始波动:-0.68,比率0.0872%
当前时间:11:51:45    当前价格:7.170000 波动价格:0.05 初始波动:-0.63,比率0.0808%
当前时间:11:51:46    当前价格:7.120000 波动价格:-0.05 初始波动:-0.68,比率0.0872%
当前时间:11:51:49    当前价格:7.120000 波动价格:0.0 初始波动:-0.68,比率0.0872%
当前时间:11:51:50    当前价格:7.120000 波动价格:0.0 初始波动:-0.68,比率0.0872%
当前时间:11:51:51    当前价格:7.120000 波动价格:0.0 初始波动:-0.68,比率0.0872%
当前时间:11:51:53    当前价格:7.120000 波动价格:0.0 初始波动:-0.68,比率0.0872%
当前时间:11:51:54    当前价格:7.120000 波动价格:0.0 初始波动:-0.68,比率0.0872%
当前时间:11:51:56    当前价格:7.120000 波动价格:0.0 初始波动:-0.68,比率0.0872%
当前时间:11:51:57    当前价格:7.110000 波动价格:-0.01 初始波动:-0.69,比率0.0885%
当前时间:11:52:03    当前价格:7.000000 波动价格:-0.11 初始波动:-0.8,比率0.1026%
当前时间:11:52:08    当前价格:7.000000 波动价格:0.0 初始波动:-0.8,比率0.1026%
当前时间:11:52:09    当前价格:7.000000 波动价格:0.0 初始波动:-0.8,比率0.1026%
当前时间:11:52:10    当前价格:7.000000 波动价格:0.0 初始波动:-0.8,比率0.1026%
当前时间:11:52:14    当前价格:7.000000 波动价格:0.0 初始波动:-0.8,比率0.1026%
当前时间:11:52:52    当前价格:7.050000 波动价格:0.05 初始波动:-0.75,比率0.0962%
当前时间:11:53:02    当前价格:7.060000 波动价格:0.01 初始波动:-0.74,比率0.0949%
当前时间:11:53:04    当前价格:7.070000 波动价格:0.01 初始波动:-0.73,比率0.0936%
当前时间:11:53:13    当前价格:7.070000 波动价格:0.0 初始波动:-0.73,比率0.0936%
当前时间:11:53:18    当前价格:7.070000 波动价格:0.0 初始波动:-0.73,比率0.0936%
当前时间:11:53:20    当前价格:7.070000 波动价格:0.0 初始波动:-0.73,比率0.0936%
当前时间:11:53:23    当前价格:7.070000 波动价格:0.0 初始波动:-0.73,比率0.0936%
当前时间:11:53:26    当前价格:7.070000 波动价格:0.0 初始波动:-0.73,比率0.0936%
