当前时间:09:36:58    当前价格:5.500000 波动价格:0.0 初始波动:-1.0,比率0.1538%
当前时间:09:37:00    当前价格:5.500000 波动价格:0.0 初始波动:-1.0,比率0.1538%
当前时间:09:37:01    当前价格:5.460100 波动价格:-0.0399 初始波动:-1.0399,比率0.16%
当前时间:09:37:02    当前价格:5.500000 波动价格:0.0399 初始波动:-1.0,比率0.1538%
当前时间:09:37:04    当前价格:5.460000 波动价格:-0.04 初始波动:-1.04,比率0.16%
当前时间:09:37:06    当前价格:5.500000 波动价格:0.04 初始波动:-1.0,比率0.1538%
当前时间:09:37:09    当前价格:5.505010 波动价格:0.00501 初始波动:-0.99499,比率0.1531%
当前时间:09:37:11    当前价格:5.520000 波动价格:0.01499 初始波动:-0.98,比率0.1508%
当前时间:09:37:13    当前价格:5.520000 波动价格:0.0 初始波动:-0.98,比率0.1508%
当前时间:09:37:15    当前价格:5.520000 波动价格:0.0 初始波动:-0.98,比率0.1508%
当前时间:09:37:17    当前价格:5.520000 波动价格:0.0 初始波动:-0.98,比率0.1508%
当前时间:09:37:18    当前价格:5.520000 波动价格:0.0 初始波动:-0.98,比率0.1508%
当前时间:09:37:19    当前价格:5.530000 波动价格:0.01 初始波动:-0.97,比率0.1492%
当前时间:09:37:21    当前价格:5.520000 波动价格:-0.01 初始波动:-0.98,比率0.1508%
当前时间:09:37:22    当前价格:5.530000 波动价格:0.01 初始波动:0.03,比率0.0055%
当前时间:09:37:23    当前价格:5.501000 波动价格:-0.029 初始波动:0.001,比率0.0002%
当前时间:09:37:25    当前价格:5.540000 波动价格:0.039 初始波动:0.04,比率0.0073%
当前时间:09:37:26    当前价格:5.530000 波动价格:-0.01 初始波动:0.03,比率0.0055%
当前时间:09:37:28    当前价格:5.540000 波动价格:0.01 初始波动:0.04,比率0.0073%
当前时间:09:37:29    当前价格:5.530000 波动价格:-0.01 初始波动:0.03,比率0.0055%
当前时间:09:37:31    当前价格:5.500000 波动价格:-0.03 初始波动:0.0,比率0.0%
当前时间:09:37:32    当前价格:5.500000 波动价格:0.0 初始波动:0.0,比率0.0%
当前时间:09:37:34    当前价格:5.500000 波动价格:0.0 初始波动:0.0,比率0.0%
当前时间:09:37:35    当前价格:5.520000 波动价格:0.02 初始波动:0.02,比率0.0036%
当前时间:09:37:36    当前价格:5.500000 波动价格:-0.02 初始波动:0.0,比率0.0%
当前时间:09:37:38    当前价格:5.500000 波动价格:0.0 初始波动:0.0,比率0.0%
当前时间:09:37:40    当前价格:5.500000 波动价格:0.0 初始波动:0.0,比率0.0%
当前时间:09:37:41    当前价格:5.500000 波动价格:0.0 初始波动:0.0,比率0.0%
当前时间:09:37:42    当前价格:5.500000 波动价格:0.0 初始波动:0.0,比率0.0%
当前时间:09:37:44    当前价格:5.460000 波动价格:-0.04 初始波动:-0.04,比率0.0073%
当前时间:09:37:48    当前价格:5.465000 波动价格:0.005 初始波动:-0.035,比率0.0064%
当前时间:09:37:50    当前价格:5.462000 波动价格:-0.003 初始波动:-0.038,比率0.0069%
当前时间:09:37:53    当前价格:5.462000 波动价格:0.0 初始波动:-0.038,比率0.0069%
当前时间:09:37:55    当前价格:5.460000 波动价格:-0.002 初始波动:-0.04,比率0.0073%
当前时间:09:37:56    当前价格:5.480000 波动价格:0.02 初始波动:-0.02,比率0.0036%
当前时间:09:37:58    当前价格:5.480000 波动价格:0.0 初始波动:-0.02,比率0.0036%
当前时间:09:37:59    当前价格:5.480000 波动价格:0.0 初始波动:-0.02,比率0.0036%
当前时间:09:38:01    当前价格:5.460000 波动价格:-0.02 初始波动:-0.04,比率0.0073%
当前时间:09:38:02    当前价格:5.460000 波动价格:0.0 初始波动:-0.04,比率0.0073%
当前时间:09:38:06    当前价格:5.460001 波动价格:1e-06 初始波动:-0.039999,比率0.0073%
当前时间:09:38:07    当前价格:5.460000 波动价格:-1e-06 初始波动:-0.04,比率0.0073%
当前时间:09:38:10    当前价格:5.460000 波动价格:0.0 初始波动:-0.04,比率0.0073%
当前时间:09:38:13    当前价格:5.460002 波动价格:2e-06 初始波动:-0.039998,比率0.0073%
当前时间:09:38:17    当前价格:5.450100 波动价格:-0.009902 初始波动:-0.0499,比率0.0091%
当前时间:09:38:21    当前价格:5.450000 波动价格:-0.0001 初始波动:-0.05,比率0.0091%
当前时间:09:38:22    当前价格:5.450000 波动价格:0.0 初始波动:-0.05,比率0.0091%
当前时间:09:38:25    当前价格:5.450000 波动价格:0.0 初始波动:-0.05,比率0.0091%
当前时间:09:38:26    当前价格:5.450000 波动价格:0.0 初始波动:-0.05,比率0.0091%
当前时间:09:38:30    当前价格:5.450000 波动价格:0.0 初始波动:-0.05,比率0.0091%
当前时间:09:38:31    当前价格:5.427900 波动价格:-0.0221 初始波动:-0.0721,比率0.0131%
当前时间:09:38:36    当前价格:5.440000 波动价格:0.0121 初始波动:-0.06,比率0.0109%
当前时间:09:38:37    当前价格:5.420000 波动价格:-0.02 初始波动:-0.08,比率0.0145%
当前时间:09:38:40    当前价格:5.460000 波动价格:0.04 初始波动:-0.04,比率0.0073%
当前时间:09:38:41    当前价格:5.420000 波动价格:-0.04 初始波动:-0.08,比率0.0145%
当前时间:09:38:44    当前价格:5.420000 波动价格:0.0 初始波动:-0.08,比率0.0145%
当前时间:09:38:45    当前价格:5.420000 波动价格:0.0 初始波动:-0.08,比率0.0145%
当前时间:09:38:46    当前价格:5.420000 波动价格:0.0 初始波动:-0.08,比率0.0145%
当前时间:09:38:47    当前价格:5.420000 波动价格:0.0 初始波动:-0.08,比率0.0145%
当前时间:09:38:48    当前价格:5.420000 波动价格:0.0 初始波动:-0.08,比率0.0145%
当前时间:09:38:50    当前价格:5.420000 波动价格:0.0 初始波动:-0.08,比率0.0145%
当前时间:09:38:51    当前价格:5.420000 波动价格:0.0 初始波动:-0.08,比率0.0145%
当前时间:09:38:52    当前价格:5.420000 波动价格:0.0 初始波动:-0.08,比率0.0145%
当前时间:09:38:55    当前价格:5.418000 波动价格:-0.002 初始波动:-0.082,比率0.0149%
当前时间:09:38:56    当前价格:5.410000 波动价格:-0.008 初始波动:-0.09,比率0.0164%
当前时间:09:38:57    当前价格:5.460000 波动价格:0.05 初始波动:-0.04,比率0.0073%
当前时间:09:38:58    当前价格:5.410000 波动价格:-0.05 初始波动:-0.09,比率0.0164%
当前时间:09:39:00    当前价格:5.419000 波动价格:0.009 初始波动:-0.081,比率0.0147%
当前时间:09:39:01    当前价格:5.470000 波动价格:0.051 初始波动:-0.03,比率0.0055%
当前时间:09:39:02    当前价格:5.420000 波动价格:-0.05 初始波动:-0.08,比率0.0145%
当前时间:09:39:03    当前价格:5.420000 波动价格:0.0 初始波动:-0.08,比率0.0145%
当前时间:09:39:04    当前价格:5.420000 波动价格:0.0 初始波动:-0.08,比率0.0145%
当前时间:09:39:07    当前价格:5.410000 波动价格:-0.01 初始波动:-0.09,比率0.0164%
当前时间:09:39:08    当前价格:5.430000 波动价格:0.02 初始波动:-0.07,比率0.0127%
当前时间:09:39:11    当前价格:5.430000 波动价格:0.0 初始波动:-0.07,比率0.0127%
当前时间:09:39:15    当前价格:5.421000 波动价格:-0.009 初始波动:-0.079,比率0.0144%
当前时间:09:39:17    当前价格:5.430000 波动价格:0.009 初始波动:-0.07,比率0.0127%
当前时间:09:39:21    当前价格:5.430000 波动价格:0.0 初始波动:-0.07,比率0.0127%
当前时间:09:39:28    当前价格:5.430000 波动价格:0.0 初始波动:-0.07,比率0.0127%
当前时间:09:39:31    当前价格:5.420000 波动价格:-0.01 初始波动:-0.08,比率0.0145%
当前时间:09:39:36    当前价格:5.420000 波动价格:0.0 初始波动:-0.08,比率0.0145%
当前时间:09:39:40    当前价格:5.420000 波动价格:0.0 初始波动:-0.08,比率0.0145%
当前时间:09:39:45    当前价格:5.420000 波动价格:0.0 初始波动:-0.08,比率0.0145%
当前时间:09:39:47    当前价格:5.421000 波动价格:0.001 初始波动:-0.079,比率0.0144%
当前时间:09:39:49    当前价格:5.420000 波动价格:-0.001 初始波动:-0.08,比率0.0145%
当前时间:09:39:53    当前价格:5.420000 波动价格:0.0 初始波动:-0.08,比率0.0145%
当前时间:09:39:54    当前价格:5.421000 波动价格:0.001 初始波动:-0.079,比率0.0144%
当前时间:09:39:55    当前价格:5.420000 波动价格:-0.001 初始波动:-0.08,比率0.0145%
当前时间:09:39:56    当前价格:5.421000 波动价格:0.001 初始波动:-0.079,比率0.0144%
当前时间:09:39:58    当前价格:5.420000 波动价格:-0.001 初始波动:-0.08,比率0.0145%
当前时间:09:40:02    当前价格:5.421000 波动价格:0.001 初始波动:-0.079,比率0.0144%
当前时间:09:40:03    当前价格:5.431000 波动价格:0.01 初始波动:-0.069,比率0.0125%
当前时间:09:40:06    当前价格:5.410000 波动价格:-0.021 初始波动:-0.09,比率0.0164%
当前时间:09:40:08    当前价格:5.420000 波动价格:0.01 初始波动:-0.08,比率0.0145%
当前时间:09:40:11    当前价格:5.420000 波动价格:0.0 初始波动:-0.08,比率0.0145%
当前时间:09:40:12    当前价格:5.420000 波动价格:0.0 初始波动:-0.08,比率0.0145%
当前时间:09:40:14    当前价格:5.400000 波动价格:-0.02 初始波动:-0.1,比率0.0182%
当前时间:09:40:16    当前价格:5.420000 波动价格:0.02 初始波动:-0.08,比率0.0145%
当前时间:09:40:17    当前价格:5.400000 波动价格:-0.02 初始波动:-0.1,比率0.0182%
当前时间:09:40:18    当前价格:5.400000 波动价格:0.0 初始波动:-0.1,比率0.0182%
当前时间:09:40:19    当前价格:5.420000 波动价格:0.02 初始波动:-0.08,比率0.0145%
当前时间:09:40:20    当前价格:5.400000 波动价格:-0.02 初始波动:-0.1,比率0.0182%
当前时间:09:40:21    当前价格:5.400000 波动价格:0.0 初始波动:-0.1,比率0.0182%
当前时间:09:40:22    当前价格:5.400000 波动价格:0.0 初始波动:-0.1,比率0.0182%
当前时间:09:40:23    当前价格:5.400000 波动价格:0.0 初始波动:-0.1,比率0.0182%
当前时间:09:40:24    当前价格:5.390000 波动价格:-0.01 初始波动:-0.11,比率0.02%
当前时间:09:40:27    当前价格:5.390000 波动价格:0.0 初始波动:-0.11,比率0.02%
当前时间:09:40:28    当前价格:5.381000 波动价格:-0.009 初始波动:-0.119,比率0.0216%
当前时间:09:40:29    当前价格:5.391000 波动价格:0.01 初始波动:-0.109,比率0.0198%
当前时间:09:40:31    当前价格:5.390000 波动价格:-0.001 初始波动:-0.11,比率0.02%
当前时间:09:40:35    当前价格:5.370000 波动价格:-0.02 初始波动:-0.13,比率0.0236%
当前时间:09:40:37    当前价格:5.390000 波动价格:0.02 初始波动:-0.11,比率0.02%
当前时间:09:40:39    当前价格:5.370000 波动价格:-0.02 初始波动:-0.13,比率0.0236%
当前时间:09:40:40    当前价格:5.400000 波动价格:0.03 初始波动:-0.1,比率0.0182%
当前时间:09:40:42    当前价格:5.350000 波动价格:-0.05 初始波动:-0.15,比率0.0273%
当前时间:09:40:43    当前价格:5.330000 波动价格:-0.02 初始波动:-0.17,比率0.0309%
当前时间:09:40:44    当前价格:5.370000 波动价格:0.04 初始波动:-0.13,比率0.0236%
当前时间:09:40:45    当前价格:5.400000 波动价格:0.03 初始波动:-0.1,比率0.0182%
当前时间:09:40:46    当前价格:5.330000 波动价格:-0.07 初始波动:-0.17,比率0.0309%
当前时间:09:40:47    当前价格:5.330000 波动价格:0.0 初始波动:-0.17,比率0.0309%
当前时间:09:40:49    当前价格:5.350000 波动价格:0.02 初始波动:-0.15,比率0.0273%
当前时间:09:40:51    当前价格:5.370000 波动价格:0.02 初始波动:-0.13,比率0.0236%
当前时间:09:40:54    当前价格:5.330000 波动价格:-0.04 初始波动:-0.17,比率0.0309%
当前时间:09:40:55    当前价格:5.370000 波动价格:0.04 初始波动:-0.13,比率0.0236%
当前时间:09:40:58    当前价格:5.330000 波动价格:-0.04 初始波动:-0.17,比率0.0309%
当前时间:09:41:00    当前价格:5.340000 波动价格:0.01 初始波动:-0.16,比率0.0291%
当前时间:09:41:01    当前价格:5.370000 波动价格:0.03 初始波动:-0.13,比率0.0236%
当前时间:09:41:03    当前价格:5.330000 波动价格:-0.04 初始波动:-0.17,比率0.0309%
当前时间:09:41:06    当前价格:5.330000 波动价格:0.0 初始波动:-0.17,比率0.0309%
当前时间:09:41:11    当前价格:5.331000 波动价格:0.001 初始波动:-0.169,比率0.0307%
当前时间:09:41:14    当前价格:5.335000 波动价格:0.004 初始波动:-0.165,比率0.03%
当前时间:09:41:15    当前价格:5.340000 波动价格:0.005 初始波动:-0.16,比率0.0291%
当前时间:09:41:17    当前价格:5.331000 波动价格:-0.009 初始波动:-0.169,比率0.0307%
当前时间:09:41:18    当前价格:5.331000 波动价格:0.0 初始波动:-0.169,比率0.0307%
当前时间:09:41:21    当前价格:5.330000 波动价格:-0.001 初始波动:-0.17,比率0.0309%
当前时间:09:41:22    当前价格:5.330000 波动价格:0.0 初始波动:-0.17,比率0.0309%
当前时间:09:41:25    当前价格:5.330000 波动价格:0.0 初始波动:-0.17,比率0.0309%
当前时间:09:41:26    当前价格:5.330000 波动价格:0.0 初始波动:-0.17,比率0.0309%
当前时间:09:41:29    当前价格:5.330000 波动价格:0.0 初始波动:-0.17,比率0.0309%
当前时间:09:41:31    当前价格:5.330000 波动价格:0.0 初始波动:-0.17,比率0.0309%
当前时间:09:41:32    当前价格:5.300000 波动价格:-0.03 初始波动:-0.2,比率0.0364%
当前时间:09:41:33    当前价格:5.300000 波动价格:0.0 初始波动:-0.2,比率0.0364%
当前时间:09:41:34    当前价格:5.330000 波动价格:0.03 初始波动:-0.17,比率0.0309%
当前时间:09:41:36    当前价格:5.300000 波动价格:-0.03 初始波动:-0.2,比率0.0364%
当前时间:09:41:37    当前价格:5.300000 波动价格:0.0 初始波动:-0.2,比率0.0364%
当前时间:09:41:38    当前价格:5.300000 波动价格:0.0 初始波动:-0.2,比率0.0364%
当前时间:09:41:39    当前价格:5.330000 波动价格:0.03 初始波动:-0.17,比率0.0309%
当前时间:09:41:41    当前价格:5.300000 波动价格:-0.03 初始波动:-0.2,比率0.0364%
当前时间:09:41:42    当前价格:5.300000 波动价格:0.0 初始波动:-0.2,比率0.0364%
当前时间:09:41:43    当前价格:5.250000 波动价格:-0.05 初始波动:-0.25,比率0.0455%
当前时间:09:41:44    当前价格:5.300000 波动价格:0.05 初始波动:-0.2,比率0.0364%
当前时间:09:41:45    当前价格:5.300000 波动价格:0.0 初始波动:-0.2,比率0.0364%
当前时间:09:41:46    当前价格:5.300000 波动价格:0.0 初始波动:-0.2,比率0.0364%
当前时间:09:41:47    当前价格:5.300000 波动价格:0.0 初始波动:-0.2,比率0.0364%
当前时间:09:41:48    当前价格:5.300000 波动价格:0.0 初始波动:-0.2,比率0.0364%
当前时间:09:41:50    当前价格:5.230000 波动价格:-0.07 初始波动:-0.27,比率0.0491%
当前时间:09:41:51    当前价格:5.300000 波动价格:0.07 初始波动:-0.2,比率0.0364%
当前时间:09:41:53    当前价格:5.250000 波动价格:-0.05 初始波动:-0.25,比率0.0455%
当前时间:09:41:54    当前价格:5.250000 波动价格:0.0 初始波动:-0.25,比率0.0455%
当前时间:09:41:55    当前价格:5.230000 波动价格:-0.02 初始波动:-0.27,比率0.0491%
当前时间:09:41:56    当前价格:5.240000 波动价格:0.01 初始波动:-0.26,比率0.0473%
当前时间:09:41:58    当前价格:5.230000 波动价格:-0.01 初始波动:-0.27,比率0.0491%
当前时间:09:42:02    当前价格:5.250000 波动价格:0.02 初始波动:-0.25,比率0.0455%
当前时间:09:42:03    当前价格:5.240000 波动价格:-0.01 初始波动:-0.26,比率0.0473%
当前时间:09:42:06    当前价格:5.300000 波动价格:0.06 初始波动:-0.2,比率0.0364%
当前时间:09:42:10    当前价格:5.231000 波动价格:-0.069 初始波动:-0.269,比率0.0489%
当前时间:09:42:11    当前价格:5.250000 波动价格:0.019 初始波动:-0.25,比率0.0455%
当前时间:09:42:12    当前价格:5.250000 波动价格:0.0 初始波动:-0.25,比率0.0455%
当前时间:09:42:13    当前价格:5.260000 波动价格:0.01 初始波动:-0.24,比率0.0436%
当前时间:09:42:14    当前价格:5.260000 波动价格:0.0 初始波动:-0.24,比率0.0436%
当前时间:09:42:15    当前价格:5.250000 波动价格:-0.01 初始波动:-0.25,比率0.0455%
当前时间:09:42:17    当前价格:5.250000 波动价格:0.0 初始波动:-0.25,比率0.0455%
当前时间:09:42:19    当前价格:5.250000 波动价格:0.0 初始波动:-0.25,比率0.0455%
当前时间:09:42:21    当前价格:5.250000 波动价格:0.0 初始波动:-0.25,比率0.0455%
当前时间:09:42:23    当前价格:5.260000 波动价格:0.01 初始波动:-0.24,比率0.0436%
当前时间:09:42:24    当前价格:5.250000 波动价格:-0.01 初始波动:-0.25,比率0.0455%
当前时间:09:42:26    当前价格:5.250000 波动价格:0.0 初始波动:-0.25,比率0.0455%
当前时间:09:42:27    当前价格:5.250000 波动价格:0.0 初始波动:-0.25,比率0.0455%
当前时间:09:42:29    当前价格:5.250000 波动价格:0.0 初始波动:-0.25,比率0.0455%
当前时间:09:42:30    当前价格:5.250000 波动价格:0.0 初始波动:-0.25,比率0.0455%
当前时间:09:42:31    当前价格:5.250000 波动价格:0.0 初始波动:-0.25,比率0.0455%
当前时间:09:42:33    当前价格:5.250000 波动价格:0.0 初始波动:-0.25,比率0.0455%
当前时间:09:42:35    当前价格:5.250000 波动价格:0.0 初始波动:-0.25,比率0.0455%
当前时间:09:42:37    当前价格:5.250000 波动价格:0.0 初始波动:-0.25,比率0.0455%
当前时间:09:42:38    当前价格:5.250000 波动价格:0.0 初始波动:-0.25,比率0.0455%
当前时间:09:42:40    当前价格:5.259000 波动价格:0.009 初始波动:-0.241,比率0.0438%
当前时间:09:42:42    当前价格:5.250000 波动价格:-0.009 初始波动:-0.25,比率0.0455%
当前时间:09:42:46    当前价格:5.250000 波动价格:0.0 初始波动:-0.25,比率0.0455%
当前时间:09:42:47    当前价格:5.250000 波动价格:0.0 初始波动:-0.25,比率0.0455%
当前时间:09:42:48    当前价格:5.250000 波动价格:0.0 初始波动:-0.25,比率0.0455%
当前时间:09:42:49    当前价格:5.250000 波动价格:0.0 初始波动:-0.25,比率0.0455%
当前时间:09:42:50    当前价格:5.250000 波动价格:0.0 初始波动:-0.25,比率0.0455%
当前时间:09:42:53    当前价格:5.232000 波动价格:-0.018 初始波动:-0.268,比率0.0487%
当前时间:09:42:54    当前价格:5.250000 波动价格:0.018 初始波动:-0.25,比率0.0455%
当前时间:09:42:56    当前价格:5.232000 波动价格:-0.018 初始波动:-0.268,比率0.0487%
当前时间:09:42:57    当前价格:5.232000 波动价格:0.0 初始波动:-0.268,比率0.0487%
当前时间:09:42:58    当前价格:5.232000 波动价格:0.0 初始波动:-0.268,比率0.0487%
当前时间:09:43:00    当前价格:5.232000 波动价格:0.0 初始波动:-0.268,比率0.0487%
当前时间:09:43:01    当前价格:5.232000 波动价格:0.0 初始波动:-0.268,比率0.0487%
当前时间:09:43:02    当前价格:5.232999 波动价格:0.000999 初始波动:-0.267001,比率0.0485%
当前时间:09:43:04    当前价格:5.233000 波动价格:1e-06 初始波动:-0.267,比率0.0485%
当前时间:09:43:07    当前价格:5.240000 波动价格:0.007 初始波动:-0.26,比率0.0473%
当前时间:09:43:08    当前价格:5.240000 波动价格:0.0 初始波动:-0.26,比率0.0473%
当前时间:09:43:11    当前价格:5.233000 波动价格:-0.007 初始波动:-0.267,比率0.0485%
当前时间:09:43:12    当前价格:5.240000 波动价格:0.007 初始波动:-0.26,比率0.0473%
当前时间:09:43:14    当前价格:5.233000 波动价格:-0.007 初始波动:-0.267,比率0.0485%
当前时间:09:43:16    当前价格:5.233000 波动价格:0.0 初始波动:-0.267,比率0.0485%
当前时间:09:43:17    当前价格:5.233000 波动价格:0.0 初始波动:-0.267,比率0.0485%
当前时间:09:43:18    当前价格:5.233000 波动价格:0.0 初始波动:-0.267,比率0.0485%
当前时间:09:43:20    当前价格:5.234000 波动价格:0.001 初始波动:-0.266,比率0.0484%
当前时间:09:43:23    当前价格:5.240000 波动价格:0.006 初始波动:-0.26,比率0.0473%
当前时间:09:43:24    当前价格:5.232100 波动价格:-0.0079 初始波动:-0.2679,比率0.0487%
当前时间:09:43:25    当前价格:5.233000 波动价格:0.0009 初始波动:-0.267,比率0.0485%
当前时间:09:43:27    当前价格:5.231000 波动价格:-0.002 初始波动:-0.269,比率0.0489%
当前时间:09:43:29    当前价格:5.238000 波动价格:0.007 初始波动:-0.262,比率0.0476%
当前时间:09:43:30    当前价格:5.230010 波动价格:-0.00799 初始波动:-0.26999,比率0.0491%
当前时间:09:43:31    当前价格:5.230000 波动价格:-1e-05 初始波动:-0.27,比率0.0491%
当前时间:09:43:32    当前价格:5.230000 波动价格:0.0 初始波动:-0.27,比率0.0491%
当前时间:09:43:34    当前价格:5.231000 波动价格:0.001 初始波动:-0.269,比率0.0489%
当前时间:09:43:36    当前价格:5.231000 波动价格:0.0 初始波动:-0.269,比率0.0489%
当前时间:09:43:37    当前价格:5.231000 波动价格:0.0 初始波动:-0.269,比率0.0489%
当前时间:09:43:38    当前价格:5.230000 波动价格:-0.001 初始波动:-0.27,比率0.0491%
当前时间:09:43:39    当前价格:5.230000 波动价格:0.0 初始波动:-0.27,比率0.0491%
当前时间:09:43:43    当前价格:5.232140 波动价格:0.00214 初始波动:-0.26786,比率0.0487%
当前时间:09:43:44    当前价格:5.250000 波动价格:0.01786 初始波动:-0.25,比率0.0455%
当前时间:09:43:45    当前价格:5.250000 波动价格:0.0 初始波动:-0.25,比率0.0455%
当前时间:09:43:46    当前价格:5.230000 波动价格:-0.02 初始波动:-0.27,比率0.0491%
当前时间:09:43:47    当前价格:5.230000 波动价格:0.0 初始波动:-0.27,比率0.0491%
当前时间:09:43:50    当前价格:5.230000 波动价格:0.0 初始波动:-0.27,比率0.0491%
当前时间:09:43:51    当前价格:5.230000 波动价格:0.0 初始波动:-0.27,比率0.0491%
当前时间:09:43:54    当前价格:5.230000 波动价格:0.0 初始波动:-0.27,比率0.0491%
当前时间:09:43:55    当前价格:5.230000 波动价格:0.0 初始波动:-0.27,比率0.0491%
当前时间:09:43:57    当前价格:5.230000 波动价格:0.0 初始波动:-0.27,比率0.0491%
当前时间:09:43:59    当前价格:5.233000 波动价格:0.003 初始波动:-0.267,比率0.0485%
当前时间:09:44:04    当前价格:5.233000 波动价格:0.0 初始波动:-0.267,比率0.0485%
当前时间:09:44:05    当前价格:5.230000 波动价格:-0.003 初始波动:-0.27,比率0.0491%
当前时间:09:44:06    当前价格:5.230000 波动价格:0.0 初始波动:-0.27,比率0.0491%
当前时间:09:44:08    当前价格:5.230000 波动价格:0.0 初始波动:-0.27,比率0.0491%
当前时间:09:44:09    当前价格:5.230000 波动价格:0.0 初始波动:-0.27,比率0.0491%
当前时间:09:44:11    当前价格:5.230000 波动价格:0.0 初始波动:-0.27,比率0.0491%
当前时间:09:44:13    当前价格:5.233000 波动价格:0.003 初始波动:-0.267,比率0.0485%
当前时间:09:44:15    当前价格:5.230000 波动价格:-0.003 初始波动:-0.27,比率0.0491%
当前时间:09:44:17    当前价格:5.233000 波动价格:0.003 初始波动:-0.267,比率0.0485%
当前时间:09:44:18    当前价格:5.230000 波动价格:-0.003 初始波动:-0.27,比率0.0491%
当前时间:09:44:19    当前价格:5.230000 波动价格:0.0 初始波动:-0.27,比率0.0491%
当前时间:09:44:21    当前价格:5.230000 波动价格:0.0 初始波动:-0.27,比率0.0491%
当前时间:09:44:22    当前价格:5.230000 波动价格:0.0 初始波动:-0.27,比率0.0491%
当前时间:09:44:24    当前价格:5.233000 波动价格:0.003 初始波动:-0.267,比率0.0485%
当前时间:09:44:26    当前价格:5.231000 波动价格:-0.002 初始波动:-0.269,比率0.0489%
当前时间:09:44:28    当前价格:5.233000 波动价格:0.002 初始波动:-0.267,比率0.0485%
当前时间:09:44:29    当前价格:5.233000 波动价格:0.0 初始波动:-0.267,比率0.0485%
当前时间:09:44:31    当前价格:5.232000 波动价格:-0.001 初始波动:-0.268,比率0.0487%
当前时间:09:44:32    当前价格:5.235000 波动价格:0.003 初始波动:-0.265,比率0.0482%
当前时间:09:44:33    当前价格:5.230000 波动价格:-0.005 初始波动:-0.27,比率0.0491%
当前时间:09:44:35    当前价格:5.234000 波动价格:0.004 初始波动:-0.266,比率0.0484%
当前时间:09:44:36    当前价格:5.230000 波动价格:-0.004 初始波动:-0.27,比率0.0491%
当前时间:09:44:39    当前价格:5.234000 波动价格:0.004 初始波动:-0.266,比率0.0484%
当前时间:09:44:41    当前价格:5.230000 波动价格:-0.004 初始波动:-0.27,比率0.0491%
当前时间:09:44:42    当前价格:5.230000 波动价格:0.0 初始波动:-0.27,比率0.0491%
当前时间:09:44:43    当前价格:5.230000 波动价格:0.0 初始波动:-0.27,比率0.0491%
当前时间:09:44:44    当前价格:5.230000 波动价格:0.0 初始波动:-0.27,比率0.0491%
当前时间:09:44:45    当前价格:5.230000 波动价格:0.0 初始波动:-0.27,比率0.0491%
当前时间:09:44:47    当前价格:5.221000 波动价格:-0.009 初始波动:-0.279,比率0.0507%
当前时间:09:44:48    当前价格:5.230000 波动价格:0.009 初始波动:-0.27,比率0.0491%
当前时间:09:44:50    当前价格:5.221000 波动价格:-0.009 初始波动:-0.279,比率0.0507%
当前时间:09:44:51    当前价格:5.220000 波动价格:-0.001 初始波动:-0.28,比率0.0509%
当前时间:09:44:53    当前价格:5.230000 波动价格:0.01 初始波动:-0.27,比率0.0491%
当前时间:09:44:55    当前价格:5.222000 波动价格:-0.008 初始波动:-0.278,比率0.0505%
当前时间:09:44:56    当前价格:5.230000 波动价格:0.008 初始波动:-0.27,比率0.0491%
当前时间:09:44:57    当前价格:5.230000 波动价格:0.0 初始波动:-0.27,比率0.0491%
当前时间:09:44:59    当前价格:5.213000 波动价格:-0.017 初始波动:-0.287,比率0.0522%
当前时间:09:45:01    当前价格:5.211100 波动价格:-0.0019 初始波动:-0.2889,比率0.0525%
当前时间:09:45:02    当前价格:5.213000 波动价格:0.0019 初始波动:-0.287,比率0.0522%
当前时间:09:45:04    当前价格:5.211100 波动价格:-0.0019 初始波动:-0.2889,比率0.0525%
当前时间:09:45:05    当前价格:5.211100 波动价格:0.0 初始波动:-0.2889,比率0.0525%
当前时间:09:45:09    当前价格:5.210000 波动价格:-0.0011 初始波动:-0.29,比率0.0527%
当前时间:09:45:10    当前价格:5.213000 波动价格:0.003 初始波动:-0.287,比率0.0522%
当前时间:09:45:11    当前价格:5.210000 波动价格:-0.003 初始波动:-0.29,比率0.0527%
当前时间:09:45:12    当前价格:5.210000 波动价格:0.0 初始波动:-0.29,比率0.0527%
当前时间:09:45:13    当前价格:5.210000 波动价格:0.0 初始波动:-0.29,比率0.0527%
当前时间:09:45:14    当前价格:5.200000 波动价格:-0.01 初始波动:-0.3,比率0.0545%
当前时间:09:45:15    当前价格:5.200000 波动价格:0.0 初始波动:-0.3,比率0.0545%
当前时间:09:45:16    当前价格:5.200000 波动价格:0.0 初始波动:-0.3,比率0.0545%
当前时间:09:45:17    当前价格:5.200000 波动价格:0.0 初始波动:-0.3,比率0.0545%
当前时间:09:45:18    当前价格:5.201000 波动价格:0.001 初始波动:-0.299,比率0.0544%
当前时间:09:45:19    当前价格:5.200000 波动价格:-0.001 初始波动:-0.3,比率0.0545%
当前时间:09:45:21    当前价格:5.200000 波动价格:0.0 初始波动:-0.3,比率0.0545%
当前时间:09:45:22    当前价格:5.200000 波动价格:0.0 初始波动:-0.3,比率0.0545%
当前时间:09:45:23    当前价格:5.200000 波动价格:0.0 初始波动:-0.3,比率0.0545%
当前时间:09:45:24    当前价格:5.200000 波动价格:0.0 初始波动:-0.3,比率0.0545%
当前时间:09:45:25    当前价格:5.201100 波动价格:0.0011 初始波动:-0.2989,比率0.0543%
当前时间:09:45:28    当前价格:5.180000 波动价格:-0.0211 初始波动:-0.32,比率0.0582%
当前时间:09:45:29    当前价格:5.200000 波动价格:0.02 初始波动:-0.3,比率0.0545%
当前时间:09:45:30    当前价格:5.180000 波动价格:-0.02 初始波动:-0.32,比率0.0582%
当前时间:09:45:31    当前价格:5.180000 波动价格:0.0 初始波动:-0.32,比率0.0582%
当前时间:09:45:32    当前价格:5.180000 波动价格:0.0 初始波动:-0.32,比率0.0582%
当前时间:09:45:33    当前价格:5.180000 波动价格:0.0 初始波动:-0.32,比率0.0582%
当前时间:09:45:34    当前价格:5.180000 波动价格:0.0 初始波动:-0.32,比率0.0582%
当前时间:09:45:36    当前价格:5.170010 波动价格:-0.00999 初始波动:-0.32999,比率0.06%
当前时间:09:45:37    当前价格:5.180000 波动价格:0.00999 初始波动:-0.32,比率0.0582%
当前时间:09:45:38    当前价格:5.180000 波动价格:0.0 初始波动:-0.32,比率0.0582%
当前时间:09:45:39    当前价格:5.180000 波动价格:0.0 初始波动:-0.32,比率0.0582%
当前时间:09:45:40    当前价格:5.170000 波动价格:-0.01 初始波动:-0.33,比率0.06%
当前时间:09:45:41    当前价格:5.180000 波动价格:0.01 初始波动:-0.32,比率0.0582%
当前时间:09:45:43    当前价格:5.180000 波动价格:0.0 初始波动:-0.32,比率0.0582%
当前时间:09:45:44    当前价格:5.180000 波动价格:0.0 初始波动:-0.32,比率0.0582%
当前时间:09:45:45    当前价格:5.168000 波动价格:-0.012 初始波动:-0.332,比率0.0604%
当前时间:09:45:47    当前价格:5.168000 波动价格:0.0 初始波动:-0.332,比率0.0604%
当前时间:09:45:49    当前价格:5.161000 波动价格:-0.007 初始波动:-0.339,比率0.0616%
当前时间:09:45:51    当前价格:5.168000 波动价格:0.007 初始波动:-0.332,比率0.0604%
当前时间:09:45:52    当前价格:5.161000 波动价格:-0.007 初始波动:-0.339,比率0.0616%
当前时间:09:45:55    当前价格:5.160200 波动价格:-0.0008 初始波动:-0.3398,比率0.0618%
当前时间:09:45:56    当前价格:5.161000 波动价格:0.0008 初始波动:-0.339,比率0.0616%
当前时间:09:45:57    当前价格:5.161000 波动价格:0.0 初始波动:-0.339,比率0.0616%
当前时间:09:45:58    当前价格:5.161000 波动价格:0.0 初始波动:-0.339,比率0.0616%
当前时间:09:45:59    当前价格:5.160200 波动价格:-0.0008 初始波动:-0.3398,比率0.0618%
当前时间:09:46:03    当前价格:5.160010 波动价格:-0.00019 初始波动:-0.33999,比率0.0618%
当前时间:09:46:05    当前价格:5.161000 波动价格:0.00099 初始波动:-0.339,比率0.0616%
当前时间:09:46:06    当前价格:5.161000 波动价格:0.0 初始波动:-0.339,比率0.0616%
当前时间:09:46:07    当前价格:5.160300 波动价格:-0.0007 初始波动:-0.3397,比率0.0618%
当前时间:09:46:09    当前价格:5.162000 波动价格:0.0017 初始波动:-0.338,比率0.0615%
当前时间:09:46:10    当前价格:5.162000 波动价格:0.0 初始波动:-0.338,比率0.0615%
当前时间:09:46:11    当前价格:5.162000 波动价格:0.0 初始波动:-0.338,比率0.0615%
当前时间:09:46:13    当前价格:5.161001 波动价格:-0.000999 初始波动:-0.338999,比率0.0616%
当前时间:09:46:14    当前价格:5.161000 波动价格:-1e-06 初始波动:-0.339,比率0.0616%
当前时间:09:46:15    当前价格:5.161000 波动价格:0.0 初始波动:-0.339,比率0.0616%
当前时间:09:46:16    当前价格:5.160300 波动价格:-0.0007 初始波动:-0.3397,比率0.0618%
当前时间:09:46:17    当前价格:5.170000 波动价格:0.0097 初始波动:-0.33,比率0.06%
当前时间:09:46:18    当前价格:5.160300 波动价格:-0.0097 初始波动:-0.3397,比率0.0618%
当前时间:09:46:20    当前价格:5.160300 波动价格:0.0 初始波动:-0.3397,比率0.0618%
当前时间:09:46:21    当前价格:5.180000 波动价格:0.0197 初始波动:-0.32,比率0.0582%
当前时间:09:46:22    当前价格:5.160310 波动价格:-0.01969 初始波动:-0.33969,比率0.0618%
当前时间:09:46:23    当前价格:5.180000 波动价格:0.01969 初始波动:-0.32,比率0.0582%
当前时间:09:46:24    当前价格:5.162400 波动价格:-0.0176 初始波动:-0.3376,比率0.0614%
当前时间:09:46:25    当前价格:5.162400 波动价格:0.0 初始波动:-0.3376,比率0.0614%
当前时间:09:46:26    当前价格:5.162400 波动价格:0.0 初始波动:-0.3376,比率0.0614%
当前时间:09:46:27    当前价格:5.190000 波动价格:0.0276 初始波动:-0.31,比率0.0564%
当前时间:09:46:28    当前价格:5.180000 波动价格:-0.01 初始波动:-0.32,比率0.0582%
当前时间:09:46:29    当前价格:5.163000 波动价格:-0.017 初始波动:-0.337,比率0.0613%
当前时间:09:46:30    当前价格:5.163000 波动价格:0.0 初始波动:-0.337,比率0.0613%
当前时间:09:46:33    当前价格:5.163000 波动价格:0.0 初始波动:-0.337,比率0.0613%
当前时间:09:46:35    当前价格:5.165000 波动价格:0.002 初始波动:-0.335,比率0.0609%
当前时间:09:46:36    当前价格:5.165000 波动价格:0.0 初始波动:-0.335,比率0.0609%
当前时间:09:46:41    当前价格:5.165000 波动价格:0.0 初始波动:-0.335,比率0.0609%
当前时间:09:46:42    当前价格:5.166000 波动价格:0.001 初始波动:-0.334,比率0.0607%
当前时间:09:46:46    当前价格:5.166000 波动价格:0.0 初始波动:-0.334,比率0.0607%
当前时间:09:46:47    当前价格:5.168000 波动价格:0.002 初始波动:-0.332,比率0.0604%
当前时间:09:46:50    当前价格:5.166000 波动价格:-0.002 初始波动:-0.334,比率0.0607%
当前时间:09:46:52    当前价格:5.176000 波动价格:0.01 初始波动:-0.324,比率0.0589%
当前时间:09:46:53    当前价格:5.200000 波动价格:0.024 初始波动:-0.3,比率0.0545%
当前时间:09:46:56    当前价格:5.200000 波动价格:0.0 初始波动:-0.3,比率0.0545%
当前时间:09:46:57    当前价格:5.200000 波动价格:0.0 初始波动:-0.3,比率0.0545%
当前时间:09:46:58    当前价格:5.200000 波动价格:0.0 初始波动:-0.3,比率0.0545%
当前时间:09:47:01    当前价格:5.180000 波动价格:-0.02 初始波动:-0.32,比率0.0582%
当前时间:09:47:02    当前价格:5.200000 波动价格:0.02 初始波动:-0.3,比率0.0545%
当前时间:09:47:03    当前价格:5.200000 波动价格:0.0 初始波动:-0.3,比率0.0545%
当前时间:09:47:05    当前价格:5.200000 波动价格:0.0 初始波动:-0.3,比率0.0545%
当前时间:09:47:06    当前价格:5.200000 波动价格:0.0 初始波动:-0.3,比率0.0545%
当前时间:09:47:08    当前价格:5.170010 波动价格:-0.02999 初始波动:-0.32999,比率0.06%
当前时间:09:47:09    当前价格:5.200000 波动价格:0.02999 初始波动:-0.3,比率0.0545%
当前时间:09:47:10    当前价格:5.200000 波动价格:0.0 初始波动:-0.3,比率0.0545%
当前时间:09:47:11    当前价格:5.180000 波动价格:-0.02 初始波动:-0.32,比率0.0582%
当前时间:09:47:12    当前价格:5.200000 波动价格:0.02 初始波动:-0.3,比率0.0545%
当前时间:09:47:13    当前价格:5.200000 波动价格:0.0 初始波动:-0.3,比率0.0545%
当前时间:09:47:14    当前价格:5.200000 波动价格:0.0 初始波动:-0.3,比率0.0545%
当前时间:09:47:15    当前价格:5.200000 波动价格:0.0 初始波动:-0.3,比率0.0545%
当前时间:09:47:16    当前价格:5.200000 波动价格:0.0 初始波动:-0.3,比率0.0545%
当前时间:09:47:17    当前价格:5.200000 波动价格:0.0 初始波动:-0.3,比率0.0545%
当前时间:09:47:18    当前价格:5.213000 波动价格:0.013 初始波动:-0.287,比率0.0522%
当前时间:09:47:20    当前价格:5.200000 波动价格:-0.013 初始波动:-0.3,比率0.0545%
当前时间:09:47:21    当前价格:5.200000 波动价格:0.0 初始波动:-0.3,比率0.0545%
当前时间:09:47:24    当前价格:5.200500 波动价格:0.0005 初始波动:-0.2995,比率0.0545%
当前时间:09:47:25    当前价格:5.201100 波动价格:0.0006 初始波动:-0.2989,比率0.0543%
当前时间:09:47:26    当前价格:5.201100 波动价格:0.0 初始波动:-0.2989,比率0.0543%
当前时间:09:47:28    当前价格:5.201100 波动价格:0.0 初始波动:-0.2989,比率0.0543%
当前时间:09:47:29    当前价格:5.200000 波动价格:-0.0011 初始波动:-0.3,比率0.0545%
当前时间:09:47:30    当前价格:5.200000 波动价格:0.0 初始波动:-0.3,比率0.0545%
当前时间:09:47:31    当前价格:5.210000 波动价格:0.01 初始波动:-0.29,比率0.0527%
当前时间:09:47:33    当前价格:5.200000 波动价格:-0.01 初始波动:-0.3,比率0.0545%
当前时间:09:47:34    当前价格:5.200000 波动价格:0.0 初始波动:-0.3,比率0.0545%
当前时间:09:47:35    当前价格:5.200000 波动价格:0.0 初始波动:-0.3,比率0.0545%
当前时间:09:47:36    当前价格:5.200000 波动价格:0.0 初始波动:-0.3,比率0.0545%
当前时间:09:47:37    当前价格:5.200000 波动价格:0.0 初始波动:-0.3,比率0.0545%
当前时间:09:47:38    当前价格:5.200000 波动价格:0.0 初始波动:-0.3,比率0.0545%
当前时间:09:47:39    当前价格:5.200000 波动价格:0.0 初始波动:-0.3,比率0.0545%
当前时间:09:47:40    当前价格:5.180000 波动价格:-0.02 初始波动:-0.32,比率0.0582%
当前时间:09:47:42    当前价格:5.200000 波动价格:0.02 初始波动:-0.3,比率0.0545%
当前时间:09:47:45    当前价格:5.200000 波动价格:0.0 初始波动:-0.3,比率0.0545%
当前时间:09:47:49    当前价格:5.200000 波动价格:0.0 初始波动:-0.3,比率0.0545%
当前时间:09:47:52    当前价格:5.200000 波动价格:0.0 初始波动:-0.3,比率0.0545%
当前时间:09:47:59    当前价格:5.180000 波动价格:-0.02 初始波动:-0.32,比率0.0582%
当前时间:09:48:04    当前价格:5.185000 波动价格:0.005 初始波动:-0.315,比率0.0573%
当前时间:09:48:05    当前价格:5.185000 波动价格:0.0 初始波动:-0.315,比率0.0573%
当前时间:09:48:06    当前价格:5.185000 波动价格:0.0 初始波动:-0.315,比率0.0573%
当前时间:09:48:07    当前价格:5.189000 波动价格:0.004 初始波动:-0.311,比率0.0565%
当前时间:09:48:10    当前价格:5.180000 波动价格:-0.009 初始波动:-0.32,比率0.0582%
当前时间:09:48:11    当前价格:5.190000 波动价格:0.01 初始波动:-0.31,比率0.0564%
当前时间:09:48:13    当前价格:5.182600 波动价格:-0.0074 初始波动:-0.3174,比率0.0577%
当前时间:09:48:15    当前价格:5.190000 波动价格:0.0074 初始波动:-0.31,比率0.0564%
当前时间:09:48:18    当前价格:5.190000 波动价格:0.0 初始波动:-0.31,比率0.0564%
当前时间:09:48:19    当前价格:5.199000 波动价格:0.009 初始波动:-0.301,比率0.0547%
当前时间:09:48:20    当前价格:5.199000 波动价格:0.0 初始波动:-0.301,比率0.0547%
当前时间:09:48:23    当前价格:5.182500 波动价格:-0.0165 初始波动:-0.3175,比率0.0577%
当前时间:09:48:27    当前价格:5.182500 波动价格:0.0 初始波动:-0.3175,比率0.0577%
当前时间:09:48:29    当前价格:5.200000 波动价格:0.0175 初始波动:-0.3,比率0.0545%
当前时间:09:48:35    当前价格:5.200000 波动价格:0.0 初始波动:-0.3,比率0.0545%
当前时间:09:48:38    当前价格:5.195000 波动价格:-0.005 初始波动:-0.305,比率0.0555%
当前时间:09:48:39    当前价格:5.195000 波动价格:0.0 初始波动:-0.305,比率0.0555%
当前时间:09:48:46    当前价格:5.183000 波动价格:-0.012 初始波动:-0.317,比率0.0576%
当前时间:09:48:48    当前价格:5.191000 波动价格:0.008 初始波动:-0.309,比率0.0562%
当前时间:09:48:49    当前价格:5.200000 波动价格:0.009 初始波动:-0.3,比率0.0545%
当前时间:09:48:50    当前价格:5.200000 波动价格:0.0 初始波动:-0.3,比率0.0545%
当前时间:09:48:51    当前价格:5.200000 波动价格:0.0 初始波动:-0.3,比率0.0545%
当前时间:09:48:52    当前价格:5.200000 波动价格:0.0 初始波动:-0.3,比率0.0545%
当前时间:09:48:53    当前价格:5.194000 波动价格:-0.006 初始波动:-0.306,比率0.0556%
当前时间:09:48:55    当前价格:5.191000 波动价格:-0.003 初始波动:-0.309,比率0.0562%
当前时间:09:48:57    当前价格:5.190000 波动价格:-0.001 初始波动:-0.31,比率0.0564%
当前时间:09:48:58    当前价格:5.191000 波动价格:0.001 初始波动:-0.309,比率0.0562%
当前时间:09:49:01    当前价格:5.191000 波动价格:0.0 初始波动:-0.309,比率0.0562%
当前时间:09:49:02    当前价格:5.191000 波动价格:0.0 初始波动:-0.309,比率0.0562%
当前时间:09:49:03    当前价格:5.190000 波动价格:-0.001 初始波动:-0.31,比率0.0564%
当前时间:09:49:06    当前价格:5.183000 波动价格:-0.007 初始波动:-0.317,比率0.0576%
当前时间:09:49:07    当前价格:5.190000 波动价格:0.007 初始波动:-0.31,比率0.0564%
当前时间:09:49:08    当前价格:5.190000 波动价格:0.0 初始波动:-0.31,比率0.0564%
当前时间:09:49:09    当前价格:5.190000 波动价格:0.0 初始波动:-0.31,比率0.0564%
当前时间:09:49:10    当前价格:5.190000 波动价格:0.0 初始波动:-0.31,比率0.0564%
当前时间:09:49:14    当前价格:5.191100 波动价格:0.0011 初始波动:-0.3089,比率0.0562%
当前时间:09:49:17    当前价格:5.190000 波动价格:-0.0011 初始波动:-0.31,比率0.0564%
当前时间:09:49:18    当前价格:5.190000 波动价格:0.0 初始波动:-0.31,比率0.0564%
当前时间:09:49:20    当前价格:5.190000 波动价格:0.0 初始波动:-0.31,比率0.0564%
当前时间:09:49:21    当前价格:5.200000 波动价格:0.01 初始波动:-0.3,比率0.0545%
当前时间:09:49:23    当前价格:5.190050 波动价格:-0.00995 初始波动:-0.30995,比率0.0564%
当前时间:09:49:24    当前价格:5.190000 波动价格:-5e-05 初始波动:-0.31,比率0.0564%
当前时间:09:49:25    当前价格:5.200000 波动价格:0.01 初始波动:-0.3,比率0.0545%
当前时间:09:49:29    当前价格:5.190000 波动价格:-0.01 初始波动:-0.31,比率0.0564%
当前时间:09:49:31    当前价格:5.190000 波动价格:0.0 初始波动:-0.31,比率0.0564%
当前时间:09:49:33    当前价格:5.190000 波动价格:0.0 初始波动:-0.31,比率0.0564%
当前时间:09:49:35    当前价格:5.190000 波动价格:0.0 初始波动:-0.31,比率0.0564%
当前时间:09:49:36    当前价格:5.190000 波动价格:0.0 初始波动:-0.31,比率0.0564%
当前时间:09:49:37    当前价格:5.200000 波动价格:0.01 初始波动:-0.3,比率0.0545%
当前时间:09:49:39    当前价格:5.200000 波动价格:0.0 初始波动:-0.3,比率0.0545%
当前时间:09:49:45    当前价格:5.190000 波动价格:-0.01 初始波动:-0.31,比率0.0564%
当前时间:09:49:52    当前价格:5.195000 波动价格:0.005 初始波动:-0.305,比率0.0555%
当前时间:09:49:53    当前价格:5.199000 波动价格:0.004 初始波动:-0.301,比率0.0547%
当前时间:09:49:58    当前价格:5.200000 波动价格:0.001 初始波动:-0.3,比率0.0545%
当前时间:09:50:02    当前价格:5.190000 波动价格:-0.01 初始波动:-0.31,比率0.0564%
当前时间:09:50:03    当前价格:5.190000 波动价格:0.0 初始波动:-0.31,比率0.0564%
当前时间:09:50:07    当前价格:5.192000 波动价格:0.002 初始波动:-0.308,比率0.056%
当前时间:09:50:14    当前价格:5.190001 波动价格:-0.001999 初始波动:-0.309999,比率0.0564%
当前时间:09:50:15    当前价格:5.199000 波动价格:0.008999 初始波动:-0.301,比率0.0547%
当前时间:09:50:16    当前价格:5.200000 波动价格:0.001 初始波动:-0.3,比率0.0545%
当前时间:09:50:17    当前价格:5.199000 波动价格:-0.001 初始波动:-0.301,比率0.0547%
当前时间:09:50:18    当前价格:5.199000 波动价格:0.0 初始波动:-0.301,比率0.0547%
当前时间:09:50:20    当前价格:5.199000 波动价格:0.0 初始波动:-0.301,比率0.0547%
当前时间:09:50:21    当前价格:5.190001 波动价格:-0.008999 初始波动:-0.309999,比率0.0564%
当前时间:09:50:22    当前价格:5.190001 波动价格:0.0 初始波动:-0.309999,比率0.0564%
当前时间:09:50:25    当前价格:5.190001 波动价格:0.0 初始波动:-0.309999,比率0.0564%
当前时间:09:50:26    当前价格:5.190001 波动价格:0.0 初始波动:-0.309999,比率0.0564%
当前时间:09:50:28    当前价格:5.190001 波动价格:0.0 初始波动:-0.309999,比率0.0564%
当前时间:09:50:31    当前价格:5.190000 波动价格:-1e-06 初始波动:-0.31,比率0.0564%
当前时间:09:50:35    当前价格:5.190000 波动价格:0.0 初始波动:-0.31,比率0.0564%
当前时间:09:50:37    当前价格:5.190010 波动价格:1e-05 初始波动:-0.30999,比率0.0564%
当前时间:09:50:41    当前价格:5.200000 波动价格:0.00999 初始波动:-0.3,比率0.0545%
当前时间:09:50:43    当前价格:5.190000 波动价格:-0.01 初始波动:-0.31,比率0.0564%
当前时间:09:50:48    当前价格:5.190000 波动价格:0.0 初始波动:-0.31,比率0.0564%
当前时间:09:50:52    当前价格:5.195000 波动价格:0.005 初始波动:-0.305,比率0.0555%
当前时间:09:50:56    当前价格:5.191000 波动价格:-0.004 初始波动:-0.309,比率0.0562%
当前时间:09:50:57    当前价格:5.191000 波动价格:0.0 初始波动:-0.309,比率0.0562%
当前时间:09:50:58    当前价格:5.200000 波动价格:0.009 初始波动:-0.3,比率0.0545%
当前时间:09:51:00    当前价格:5.194000 波动价格:-0.006 初始波动:-0.306,比率0.0556%
当前时间:09:51:03    当前价格:5.194000 波动价格:0.0 初始波动:-0.306,比率0.0556%
当前时间:09:51:05    当前价格:5.200000 波动价格:0.006 初始波动:-0.3,比率0.0545%
当前时间:09:51:06    当前价格:5.200000 波动价格:0.0 初始波动:-0.3,比率0.0545%
当前时间:09:51:07    当前价格:5.196000 波动价格:-0.004 初始波动:-0.304,比率0.0553%
当前时间:09:51:08    当前价格:5.190000 波动价格:-0.006 初始波动:-0.31,比率0.0564%
当前时间:09:51:12    当前价格:5.200000 波动价格:0.01 初始波动:-0.3,比率0.0545%
当前时间:09:51:13    当前价格:5.190000 波动价格:-0.01 初始波动:-0.31,比率0.0564%
当前时间:09:51:17    当前价格:5.196000 波动价格:0.006 初始波动:-0.304,比率0.0553%
当前时间:09:51:21    当前价格:5.190000 波动价格:-0.006 初始波动:-0.31,比率0.0564%
当前时间:09:51:26    当前价格:5.195000 波动价格:0.005 初始波动:-0.305,比率0.0555%
当前时间:09:51:28    当前价格:5.199000 波动价格:0.004 初始波动:-0.301,比率0.0547%
当前时间:09:51:29    当前价格:5.198000 波动价格:-0.001 初始波动:-0.302,比率0.0549%
当前时间:09:51:32    当前价格:5.195000 波动价格:-0.003 初始波动:-0.305,比率0.0555%
当前时间:09:51:34    当前价格:5.194000 波动价格:-0.001 初始波动:-0.306,比率0.0556%
当前时间:09:51:37    当前价格:5.197000 波动价格:0.003 初始波动:-0.303,比率0.0551%
当前时间:09:51:38    当前价格:5.199000 波动价格:0.002 初始波动:-0.301,比率0.0547%
当前时间:09:51:48    当前价格:5.194100 波动价格:-0.0049 初始波动:-0.3059,比率0.0556%
当前时间:09:51:50    当前价格:5.190010 波动价格:-0.00409 初始波动:-0.30999,比率0.0564%
当前时间:09:51:54    当前价格:5.194100 波动价格:0.00409 初始波动:-0.3059,比率0.0556%
当前时间:09:51:58    当前价格:5.194100 波动价格:0.0 初始波动:-0.3059,比率0.0556%
当前时间:09:52:01    当前价格:5.190010 波动价格:-0.00409 初始波动:-0.30999,比率0.0564%
当前时间:09:52:03    当前价格:5.199000 波动价格:0.00899 初始波动:-0.301,比率0.0547%
当前时间:09:52:06    当前价格:5.195000 波动价格:-0.004 初始波动:-0.305,比率0.0555%
当前时间:09:52:10    当前价格:5.195000 波动价格:0.0 初始波动:-0.305,比率0.0555%
当前时间:09:52:18    当前价格:5.195000 波动价格:0.0 初始波动:-0.305,比率0.0555%
当前时间:09:52:21    当前价格:5.190010 波动价格:-0.00499 初始波动:-0.30999,比率0.0564%
当前时间:09:52:23    当前价格:5.193000 波动价格:0.00299 初始波动:-0.307,比率0.0558%
当前时间:09:52:29    当前价格:5.190030 波动价格:-0.00297 初始波动:-0.30997,比率0.0564%
当前时间:09:52:30    当前价格:5.197000 波动价格:0.00697 初始波动:-0.303,比率0.0551%
当前时间:09:52:31    当前价格:5.190030 波动价格:-0.00697 初始波动:-0.30997,比率0.0564%
当前时间:09:52:35    当前价格:5.190030 波动价格:0.0 初始波动:-0.30997,比率0.0564%
当前时间:09:52:36    当前价格:5.190011 波动价格:-1.9e-05 初始波动:-0.309989,比率0.0564%
当前时间:09:52:39    当前价格:5.195000 波动价格:0.004989 初始波动:-0.305,比率0.0555%
当前时间:09:52:43    当前价格:5.191000 波动价格:-0.004 初始波动:-0.309,比率0.0562%
当前时间:09:52:46    当前价格:5.191000 波动价格:0.0 初始波动:-0.309,比率0.0562%
当前时间:09:52:51    当前价格:5.190011 波动价格:-0.000989 初始波动:-0.309989,比率0.0564%
当前时间:09:52:52    当前价格:5.195000 波动价格:0.004989 初始波动:-0.305,比率0.0555%
当前时间:09:52:54    当前价格:5.194000 波动价格:-0.001 初始波动:-0.306,比率0.0556%
当前时间:09:52:55    当前价格:5.190011 波动价格:-0.003989 初始波动:-0.309989,比率0.0564%
当前时间:09:52:57    当前价格:5.192000 波动价格:0.001989 初始波动:-0.308,比率0.056%
当前时间:09:52:58    当前价格:5.195000 波动价格:0.003 初始波动:-0.305,比率0.0555%
当前时间:09:52:59    当前价格:5.193000 波动价格:-0.002 初始波动:-0.307,比率0.0558%
当前时间:09:53:03    当前价格:5.193000 波动价格:0.0 初始波动:-0.307,比率0.0558%
当前时间:09:53:07    当前价格:5.193000 波动价格:0.0 初始波动:-0.307,比率0.0558%
当前时间:09:53:12    当前价格:5.193000 波动价格:0.0 初始波动:-0.307,比率0.0558%
当前时间:09:53:19    当前价格:5.193000 波动价格:0.0 初始波动:-0.307,比率0.0558%
当前时间:09:53:21    当前价格:5.195000 波动价格:0.002 初始波动:-0.305,比率0.0555%
当前时间:09:53:22    当前价格:5.193000 波动价格:-0.002 初始波动:-0.307,比率0.0558%
当前时间:09:53:26    当前价格:5.193000 波动价格:0.0 初始波动:-0.307,比率0.0558%
当前时间:09:53:27    当前价格:5.193000 波动价格:0.0 初始波动:-0.307,比率0.0558%
当前时间:09:53:28    当前价格:5.195000 波动价格:0.002 初始波动:-0.305,比率0.0555%
当前时间:09:53:30    当前价格:5.193000 波动价格:-0.002 初始波动:-0.307,比率0.0558%
当前时间:09:53:37    当前价格:5.193000 波动价格:0.0 初始波动:-0.307,比率0.0558%
当前时间:09:53:41    当前价格:5.193010 波动价格:1e-05 初始波动:-0.30699,比率0.0558%
当前时间:09:53:42    当前价格:5.195000 波动价格:0.00199 初始波动:-0.305,比率0.0555%
当前时间:09:53:45    当前价格:5.193000 波动价格:-0.002 初始波动:-0.307,比率0.0558%
当前时间:09:53:49    当前价格:5.193000 波动价格:0.0 初始波动:-0.307,比率0.0558%
当前时间:09:53:56    当前价格:5.193000 波动价格:0.0 初始波动:-0.307,比率0.0558%
当前时间:09:53:57    当前价格:5.195000 波动价格:0.002 初始波动:-0.305,比率0.0555%
当前时间:09:54:05    当前价格:5.194000 波动价格:-0.001 初始波动:-0.306,比率0.0556%
当前时间:09:54:08    当前价格:5.195000 波动价格:0.001 初始波动:-0.305,比率0.0555%
当前时间:09:54:13    当前价格:5.194400 波动价格:-0.0006 初始波动:-0.3056,比率0.0556%
当前时间:09:54:16    当前价格:5.195000 波动价格:0.0006 初始波动:-0.305,比率0.0555%
当前时间:09:54:17    当前价格:5.195000 波动价格:0.0 初始波动:-0.305,比率0.0555%
当前时间:09:54:23    当前价格:5.194000 波动价格:-0.001 初始波动:-0.306,比率0.0556%
当前时间:09:54:34    当前价格:5.194800 波动价格:0.0008 初始波动:-0.3052,比率0.0555%
当前时间:09:54:40    当前价格:5.194100 波动价格:-0.0007 初始波动:-0.3059,比率0.0556%
当前时间:09:54:48    当前价格:5.193100 波动价格:-0.001 初始波动:-0.3069,比率0.0558%
当前时间:09:54:55    当前价格:5.193110 波动价格:1e-05 初始波动:-0.30689,比率0.0558%
当前时间:09:54:56    当前价格:5.193100 波动价格:-1e-05 初始波动:-0.3069,比率0.0558%
当前时间:09:55:06    当前价格:5.193100 波动价格:0.0 初始波动:-0.3069,比率0.0558%
当前时间:09:55:09    当前价格:5.193110 波动价格:1e-05 初始波动:-0.30689,比率0.0558%
当前时间:09:55:10    当前价格:5.193100 波动价格:-1e-05 初始波动:-0.3069,比率0.0558%
当前时间:09:55:14    当前价格:5.193100 波动价格:0.0 初始波动:-0.3069,比率0.0558%
当前时间:09:55:15    当前价格:5.193110 波动价格:1e-05 初始波动:-0.30689,比率0.0558%
当前时间:09:55:16    当前价格:5.193100 波动价格:-1e-05 初始波动:-0.3069,比率0.0558%
当前时间:09:55:17    当前价格:5.193110 波动价格:1e-05 初始波动:-0.30689,比率0.0558%
当前时间:09:55:20    当前价格:5.193110 波动价格:0.0 初始波动:-0.30689,比率0.0558%
当前时间:09:55:21    当前价格:5.193110 波动价格:0.0 初始波动:-0.30689,比率0.0558%
当前时间:09:55:24    当前价格:5.193120 波动价格:1e-05 初始波动:-0.30688,比率0.0558%
当前时间:09:55:25    当前价格:5.193120 波动价格:0.0 初始波动:-0.30688,比率0.0558%
当前时间:09:55:26    当前价格:5.193200 波动价格:8e-05 初始波动:-0.3068,比率0.0558%
当前时间:09:55:29    当前价格:5.193200 波动价格:0.0 初始波动:-0.3068,比率0.0558%
当前时间:09:55:30    当前价格:5.195000 波动价格:0.0018 初始波动:-0.305,比率0.0555%
当前时间:09:55:33    当前价格:5.193200 波动价格:-0.0018 初始波动:-0.3068,比率0.0558%
当前时间:09:55:34    当前价格:5.193110 波动价格:-9e-05 初始波动:-0.30689,比率0.0558%
当前时间:09:55:38    当前价格:5.193110 波动价格:0.0 初始波动:-0.30689,比率0.0558%
当前时间:09:55:40    当前价格:5.195000 波动价格:0.00189 初始波动:-0.305,比率0.0555%
当前时间:09:55:42    当前价格:5.193110 波动价格:-0.00189 初始波动:-0.30689,比率0.0558%
当前时间:09:55:43    当前价格:5.195000 波动价格:0.00189 初始波动:-0.305,比率0.0555%
当前时间:09:55:44    当前价格:5.195000 波动价格:0.0 初始波动:-0.305,比率0.0555%
当前时间:09:55:53    当前价格:5.194000 波动价格:-0.001 初始波动:-0.306,比率0.0556%
当前时间:09:55:55    当前价格:5.195000 波动价格:0.001 初始波动:-0.305,比率0.0555%
当前时间:09:55:57    当前价格:5.195000 波动价格:0.0 初始波动:-0.305,比率0.0555%
当前时间:09:55:58    当前价格:5.194000 波动价格:-0.001 初始波动:-0.306,比率0.0556%
当前时间:09:56:06    当前价格:5.194100 波动价格:0.0001 初始波动:-0.3059,比率0.0556%
当前时间:09:56:09    当前价格:5.194100 波动价格:0.0 初始波动:-0.3059,比率0.0556%
当前时间:09:56:11    当前价格:5.194100 波动价格:0.0 初始波动:-0.3059,比率0.0556%
当前时间:09:56:14    当前价格:5.195000 波动价格:0.0009 初始波动:-0.305,比率0.0555%
当前时间:09:56:15    当前价格:5.194000 波动价格:-0.001 初始波动:-0.306,比率0.0556%
当前时间:09:56:18    当前价格:5.194000 波动价格:0.0 初始波动:-0.306,比率0.0556%
当前时间:09:56:20    当前价格:5.195000 波动价格:0.001 初始波动:-0.305,比率0.0555%
当前时间:09:56:22    当前价格:5.195000 波动价格:0.0 初始波动:-0.305,比率0.0555%
当前时间:09:56:24    当前价格:5.194000 波动价格:-0.001 初始波动:-0.306,比率0.0556%
当前时间:09:56:27    当前价格:5.194000 波动价格:0.0 初始波动:-0.306,比率0.0556%
当前时间:09:56:29    当前价格:5.195000 波动价格:0.001 初始波动:-0.305,比率0.0555%
当前时间:09:56:33    当前价格:5.195000 波动价格:0.0 初始波动:-0.305,比率0.0555%
当前时间:09:56:38    当前价格:5.195000 波动价格:0.0 初始波动:-0.305,比率0.0555%
当前时间:09:56:40    当前价格:5.194000 波动价格:-0.001 初始波动:-0.306,比率0.0556%
当前时间:09:56:41    当前价格:5.194100 波动价格:0.0001 初始波动:-0.3059,比率0.0556%
当前时间:09:56:42    当前价格:5.194000 波动价格:-0.0001 初始波动:-0.306,比率0.0556%
当前时间:09:56:44    当前价格:5.194100 波动价格:0.0001 初始波动:-0.3059,比率0.0556%
当前时间:09:56:46    当前价格:5.194000 波动价格:-0.0001 初始波动:-0.306,比率0.0556%
当前时间:09:56:49    当前价格:5.194100 波动价格:0.0001 初始波动:-0.3059,比率0.0556%
当前时间:09:56:54    当前价格:5.194400 波动价格:0.0003 初始波动:-0.3056,比率0.0556%
当前时间:09:56:57    当前价格:5.194100 波动价格:-0.0003 初始波动:-0.3059,比率0.0556%
当前时间:09:56:58    当前价格:5.195000 波动价格:0.0009 初始波动:-0.305,比率0.0555%
当前时间:09:57:00    当前价格:5.195000 波动价格:0.0 初始波动:-0.305,比率0.0555%
当前时间:09:57:06    当前价格:5.194000 波动价格:-0.001 初始波动:-0.306,比率0.0556%
当前时间:09:57:13    当前价格:5.194100 波动价格:0.0001 初始波动:-0.3059,比率0.0556%
当前时间:09:57:23    当前价格:5.194100 波动价格:0.0 初始波动:-0.3059,比率0.0556%
当前时间:09:57:24    当前价格:5.194100 波动价格:0.0 初始波动:-0.3059,比率0.0556%
当前时间:09:57:27    当前价格:5.194100 波动价格:0.0 初始波动:-0.3059,比率0.0556%
当前时间:09:57:37    当前价格:5.194100 波动价格:0.0 初始波动:-0.3059,比率0.0556%
当前时间:09:57:38    当前价格:5.195000 波动价格:0.0009 初始波动:-0.305,比率0.0555%
当前时间:09:57:42    当前价格:5.194100 波动价格:-0.0009 初始波动:-0.3059,比率0.0556%
当前时间:09:57:44    当前价格:5.195000 波动价格:0.0009 初始波动:-0.305,比率0.0555%
当前时间:09:57:46    当前价格:5.195000 波动价格:0.0 初始波动:-0.305,比率0.0555%
当前时间:09:57:47    当前价格:5.195000 波动价格:0.0 初始波动:-0.305,比率0.0555%
当前时间:09:57:48    当前价格:5.194100 波动价格:-0.0009 初始波动:-0.3059,比率0.0556%
当前时间:09:57:54    当前价格:5.195000 波动价格:0.0009 初始波动:-0.305,比率0.0555%
当前时间:09:57:57    当前价格:5.194500 波动价格:-0.0005 初始波动:-0.3055,比率0.0555%
当前时间:09:57:58    当前价格:5.195000 波动价格:0.0005 初始波动:-0.305,比率0.0555%
当前时间:09:57:59    当前价格:5.195000 波动价格:0.0 初始波动:-0.305,比率0.0555%
当前时间:09:58:01    当前价格:5.194250 波动价格:-0.00075 初始波动:-0.30575,比率0.0556%
当前时间:09:58:02    当前价格:5.194200 波动价格:-5e-05 初始波动:-0.3058,比率0.0556%
当前时间:09:58:05    当前价格:5.195000 波动价格:0.0008 初始波动:-0.305,比率0.0555%
当前时间:09:58:09    当前价格:5.194240 波动价格:-0.00076 初始波动:-0.30576,比率0.0556%
当前时间:09:58:10    当前价格:5.194200 波动价格:-4e-05 初始波动:-0.3058,比率0.0556%
当前时间:09:58:16    当前价格:5.194240 波动价格:4e-05 初始波动:-0.30576,比率0.0556%
当前时间:09:58:17    当前价格:5.194240 波动价格:0.0 初始波动:-0.30576,比率0.0556%
当前时间:09:58:24    当前价格:5.194300 波动价格:6e-05 初始波动:-0.3057,比率0.0556%
当前时间:09:58:25    当前价格:5.194300 波动价格:0.0 初始波动:-0.3057,比率0.0556%
当前时间:09:58:32    当前价格:5.194240 波动价格:-6e-05 初始波动:-0.30576,比率0.0556%
当前时间:09:58:33    当前价格:5.194230 波动价格:-1e-05 初始波动:-0.30577,比率0.0556%
当前时间:09:58:36    当前价格:5.194230 波动价格:0.0 初始波动:-0.30577,比率0.0556%
当前时间:09:58:37    当前价格:5.194300 波动价格:7e-05 初始波动:-0.3057,比率0.0556%
当前时间:09:58:43    当前价格:5.194300 波动价格:0.0 初始波动:-0.3057,比率0.0556%
当前时间:09:58:45    当前价格:5.194300 波动价格:0.0 初始波动:-0.3057,比率0.0556%
当前时间:09:58:55    当前价格:5.194700 波动价格:0.0004 初始波动:-0.3053,比率0.0555%
当前时间:09:59:01    当前价格:5.194300 波动价格:-0.0004 初始波动:-0.3057,比率0.0556%
当前时间:09:59:08    当前价格:5.194300 波动价格:0.0 初始波动:-0.3057,比率0.0556%
当前时间:09:59:11    当前价格:5.194400 波动价格:0.0001 初始波动:-0.3056,比率0.0556%
当前时间:09:59:16    当前价格:5.194300 波动价格:-0.0001 初始波动:-0.3057,比率0.0556%
当前时间:09:59:18    当前价格:5.194400 波动价格:0.0001 初始波动:-0.3056,比率0.0556%
当前时间:09:59:19    当前价格:5.195000 波动价格:0.0006 初始波动:-0.305,比率0.0555%
当前时间:09:59:20    当前价格:5.194400 波动价格:-0.0006 初始波动:-0.3056,比率0.0556%
当前时间:09:59:22    当前价格:5.194300 波动价格:-0.0001 初始波动:-0.3057,比率0.0556%
当前时间:09:59:24    当前价格:5.195000 波动价格:0.0007 初始波动:-0.305,比率0.0555%
当前时间:09:59:25    当前价格:5.194300 波动价格:-0.0007 初始波动:-0.3057,比率0.0556%
当前时间:09:59:32    当前价格:5.195000 波动价格:0.0007 初始波动:-0.305,比率0.0555%
当前时间:09:59:39    当前价格:5.194302 波动价格:-0.000698 初始波动:-0.305698,比率0.0556%
当前时间:09:59:45    当前价格:5.194310 波动价格:8e-06 初始波动:-0.30569,比率0.0556%
当前时间:09:59:50    当前价格:5.195000 波动价格:0.00069 初始波动:-0.305,比率0.0555%
当前时间:09:59:51    当前价格:5.194310 波动价格:-0.00069 初始波动:-0.30569,比率0.0556%
当前时间:09:59:54    当前价格:5.195000 波动价格:0.00069 初始波动:-0.305,比率0.0555%
当前时间:09:59:58    当前价格:5.194900 波动价格:-0.0001 初始波动:-0.3051,比率0.0555%
当前时间:10:00:00    当前价格:5.195000 波动价格:0.0001 初始波动:-0.305,比率0.0555%
当前时间:10:00:13    当前价格:5.195000 波动价格:0.0 初始波动:-0.305,比率0.0555%
当前时间:10:00:15    当前价格:5.195000 波动价格:0.0 初始波动:-0.305,比率0.0555%
当前时间:10:00:16    当前价格:5.195000 波动价格:0.0 初始波动:-0.305,比率0.0555%
当前时间:10:00:20    当前价格:5.195000 波动价格:0.0 初始波动:-0.305,比率0.0555%
当前时间:10:00:21    当前价格:5.195000 波动价格:0.0 初始波动:-0.305,比率0.0555%
当前时间:10:00:24    当前价格:5.195000 波动价格:0.0 初始波动:-0.305,比率0.0555%
当前时间:10:00:25    当前价格:5.195000 波动价格:0.0 初始波动:-0.305,比率0.0555%
当前时间:10:00:26    当前价格:5.195000 波动价格:0.0 初始波动:-0.305,比率0.0555%
当前时间:10:00:27    当前价格:5.195000 波动价格:0.0 初始波动:-0.305,比率0.0555%
当前时间:10:00:29    当前价格:5.195000 波动价格:0.0 初始波动:-0.305,比率0.0555%
当前时间:10:00:30    当前价格:5.195000 波动价格:0.0 初始波动:-0.305,比率0.0555%
当前时间:10:00:32    当前价格:5.195000 波动价格:0.0 初始波动:-0.305,比率0.0555%
当前时间:10:00:34    当前价格:5.195000 波动价格:0.0 初始波动:-0.305,比率0.0555%
当前时间:10:00:36    当前价格:5.198000 波动价格:0.003 初始波动:-0.302,比率0.0549%
当前时间:10:00:39    当前价格:5.198000 波动价格:0.0 初始波动:-0.302,比率0.0549%
当前时间:10:00:40    当前价格:5.199000 波动价格:0.001 初始波动:-0.301,比率0.0547%
当前时间:10:00:43    当前价格:5.195000 波动价格:-0.004 初始波动:-0.305,比率0.0555%
当前时间:10:00:45    当前价格:5.195000 波动价格:0.0 初始波动:-0.305,比率0.0555%
当前时间:10:00:48    当前价格:5.195000 波动价格:0.0 初始波动:-0.305,比率0.0555%
当前时间:10:00:57    当前价格:5.196000 波动价格:0.001 初始波动:-0.304,比率0.0553%
当前时间:10:01:00    当前价格:5.195900 波动价格:-0.0001 初始波动:-0.3041,比率0.0553%
当前时间:10:01:01    当前价格:5.200000 波动价格:0.0041 初始波动:-0.3,比率0.0545%
当前时间:10:01:04    当前价格:5.200000 波动价格:0.0 初始波动:-0.3,比率0.0545%
当前时间:10:01:06    当前价格:5.200000 波动价格:0.0 初始波动:-0.3,比率0.0545%
当前时间:10:01:07    当前价格:5.200000 波动价格:0.0 初始波动:-0.3,比率0.0545%
当前时间:10:01:10    当前价格:5.200000 波动价格:0.0 初始波动:-0.3,比率0.0545%
当前时间:10:01:21    当前价格:5.196000 波动价格:-0.004 初始波动:-0.304,比率0.0553%
当前时间:10:01:23    当前价格:5.200000 波动价格:0.004 初始波动:-0.3,比率0.0545%
当前时间:10:01:24    当前价格:5.200000 波动价格:0.0 初始波动:-0.3,比率0.0545%
当前时间:10:01:27    当前价格:5.196000 波动价格:-0.004 初始波动:-0.304,比率0.0553%
当前时间:10:01:33    当前价格:5.196000 波动价格:0.0 初始波动:-0.304,比率0.0553%
当前时间:10:01:36    当前价格:5.197000 波动价格:0.001 初始波动:-0.303,比率0.0551%
当前时间:10:01:41    当前价格:5.198000 波动价格:0.001 初始波动:-0.302,比率0.0549%
当前时间:10:01:46    当前价格:5.200000 波动价格:0.002 初始波动:-0.3,比率0.0545%
当前时间:10:01:48    当前价格:5.198000 波动价格:-0.002 初始波动:-0.302,比率0.0549%
当前时间:10:01:50    当前价格:5.200000 波动价格:0.002 初始波动:-0.3,比率0.0545%
当前时间:10:01:56    当前价格:5.200000 波动价格:0.0 初始波动:-0.3,比率0.0545%
当前时间:10:01:57    当前价格:5.200000 波动价格:0.0 初始波动:-0.3,比率0.0545%
当前时间:10:02:03    当前价格:5.200000 波动价格:0.0 初始波动:-0.3,比率0.0545%
当前时间:10:02:04    当前价格:5.200000 波动价格:0.0 初始波动:-0.3,比率0.0545%
当前时间:10:02:06    当前价格:5.200000 波动价格:0.0 初始波动:-0.3,比率0.0545%
当前时间:10:02:16    当前价格:5.198000 波动价格:-0.002 初始波动:-0.302,比率0.0549%
当前时间:10:02:17    当前价格:5.200000 波动价格:0.002 初始波动:-0.3,比率0.0545%
当前时间:10:02:23    当前价格:5.197500 波动价格:-0.0025 初始波动:-0.3025,比率0.055%
当前时间:10:02:30    当前价格:5.200000 波动价格:0.0025 初始波动:-0.3,比率0.0545%
当前时间:10:02:42    当前价格:5.200000 波动价格:0.0 初始波动:-0.3,比率0.0545%
当前时间:10:02:46    当前价格:5.198100 波动价格:-0.0019 初始波动:-0.3019,比率0.0549%
当前时间:10:02:48    当前价格:5.198100 波动价格:0.0 初始波动:-0.3019,比率0.0549%
当前时间:10:02:58    当前价格:5.198150 波动价格:5e-05 初始波动:-0.30185,比率0.0549%
当前时间:10:02:59    当前价格:5.198150 波动价格:0.0 初始波动:-0.30185,比率0.0549%
当前时间:10:03:00    当前价格:5.198150 波动价格:0.0 初始波动:-0.30185,比率0.0549%
当前时间:10:03:01    当前价格:5.198150 波动价格:0.0 初始波动:-0.30185,比率0.0549%
当前时间:10:03:15    当前价格:5.198151 波动价格:1e-06 初始波动:-0.301849,比率0.0549%
当前时间:10:03:16    当前价格:5.198150 波动价格:-1e-06 初始波动:-0.30185,比率0.0549%
当前时间:10:03:20    当前价格:5.198150 波动价格:0.0 初始波动:-0.30185,比率0.0549%
当前时间:10:03:22    当前价格:5.198151 波动价格:1e-06 初始波动:-0.301849,比率0.0549%
当前时间:10:03:23    当前价格:5.198150 波动价格:-1e-06 初始波动:-0.30185,比率0.0549%
当前时间:10:03:24    当前价格:5.198152 波动价格:2e-06 初始波动:-0.301848,比率0.0549%
当前时间:10:03:29    当前价格:5.198200 波动价格:4.8e-05 初始波动:-0.3018,比率0.0549%
当前时间:10:03:32    当前价格:5.198900 波动价格:0.0007 初始波动:-0.3011,比率0.0547%
当前时间:10:03:34    当前价格:5.198200 波动价格:-0.0007 初始波动:-0.3018,比率0.0549%
当前时间:10:03:36    当前价格:5.198200 波动价格:0.0 初始波动:-0.3018,比率0.0549%
当前时间:10:03:39    当前价格:5.198200 波动价格:0.0 初始波动:-0.3018,比率0.0549%
当前时间:10:03:42    当前价格:5.198200 波动价格:0.0 初始波动:-0.3018,比率0.0549%
当前时间:10:03:55    当前价格:5.198200 波动价格:0.0 初始波动:-0.3018,比率0.0549%
当前时间:10:03:57    当前价格:5.198300 波动价格:0.0001 初始波动:-0.3017,比率0.0549%
当前时间:10:04:02    当前价格:5.198600 波动价格:0.0003 初始波动:-0.3014,比率0.0548%
当前时间:10:04:23    当前价格:5.198700 波动价格:0.0001 初始波动:-0.3013,比率0.0548%
当前时间:10:04:25    当前价格:5.198300 波动价格:-0.0004 初始波动:-0.3017,比率0.0549%
当前时间:10:04:26    当前价格:5.198300 波动价格:0.0 初始波动:-0.3017,比率0.0549%
当前时间:10:04:46    当前价格:5.198400 波动价格:0.0001 初始波动:-0.3016,比率0.0548%
当前时间:10:04:47    当前价格:5.198200 波动价格:-0.0002 初始波动:-0.3018,比率0.0549%
当前时间:10:04:48    当前价格:5.198100 波动价格:-0.0001 初始波动:-0.3019,比率0.0549%
当前时间:10:04:53    当前价格:5.198000 波动价格:-0.0001 初始波动:-0.302,比率0.0549%
当前时间:10:04:56    当前价格:5.198000 波动价格:0.0 初始波动:-0.302,比率0.0549%
当前时间:10:05:00    当前价格:5.198200 波动价格:0.0002 初始波动:-0.3018,比率0.0549%
当前时间:10:05:08    当前价格:5.198000 波动价格:-0.0002 初始波动:-0.302,比率0.0549%
当前时间:10:05:09    当前价格:5.198200 波动价格:0.0002 初始波动:-0.3018,比率0.0549%
当前时间:10:05:11    当前价格:5.198000 波动价格:-0.0002 初始波动:-0.302,比率0.0549%
当前时间:10:05:13    当前价格:5.198200 波动价格:0.0002 初始波动:-0.3018,比率0.0549%
当前时间:10:05:23    当前价格:5.198100 波动价格:-0.0001 初始波动:-0.3019,比率0.0549%
当前时间:10:05:26    当前价格:5.198100 波动价格:0.0 初始波动:-0.3019,比率0.0549%
当前时间:10:05:33    当前价格:5.198200 波动价格:0.0001 初始波动:-0.3018,比率0.0549%
当前时间:10:05:38    当前价格:5.198200 波动价格:0.0 初始波动:-0.3018,比率0.0549%
当前时间:10:05:40    当前价格:5.198400 波动价格:0.0002 初始波动:-0.3016,比率0.0548%
当前时间:10:05:42    当前价格:5.198900 波动价格:0.0005 初始波动:-0.3011,比率0.0547%
当前时间:10:05:53    当前价格:5.198200 波动价格:-0.0007 初始波动:-0.3018,比率0.0549%
当前时间:10:05:54    当前价格:5.198200 波动价格:0.0 初始波动:-0.3018,比率0.0549%
当前时间:10:06:03    当前价格:5.198250 波动价格:5e-05 初始波动:-0.30175,比率0.0549%
当前时间:10:06:06    当前价格:5.198200 波动价格:-5e-05 初始波动:-0.3018,比率0.0549%
当前时间:10:06:07    当前价格:5.198300 波动价格:0.0001 初始波动:-0.3017,比率0.0549%
当前时间:10:06:21    当前价格:5.198200 波动价格:-0.0001 初始波动:-0.3018,比率0.0549%
当前时间:10:06:23    当前价格:5.198201 波动价格:1e-06 初始波动:-0.301799,比率0.0549%
当前时间:10:06:38    当前价格:5.198200 波动价格:-1e-06 初始波动:-0.3018,比率0.0549%
当前时间:10:06:41    当前价格:5.198201 波动价格:1e-06 初始波动:-0.301799,比率0.0549%
当前时间:10:06:44    当前价格:5.198200 波动价格:-1e-06 初始波动:-0.3018,比率0.0549%
当前时间:10:06:47    当前价格:5.198200 波动价格:0.0 初始波动:-0.3018,比率0.0549%
当前时间:10:06:50    当前价格:5.198200 波动价格:0.0 初始波动:-0.3018,比率0.0549%
当前时间:10:07:07    当前价格:5.198200 波动价格:0.0 初始波动:-0.3018,比率0.0549%
当前时间:10:07:08    当前价格:5.198300 波动价格:0.0001 初始波动:-0.3017,比率0.0549%
当前时间:10:07:10    当前价格:5.198200 波动价格:-0.0001 初始波动:-0.3018,比率0.0549%
当前时间:10:07:14    当前价格:5.198300 波动价格:0.0001 初始波动:-0.3017,比率0.0549%
当前时间:10:07:17    当前价格:5.198200 波动价格:-0.0001 初始波动:-0.3018,比率0.0549%
当前时间:10:07:25    当前价格:5.198200 波动价格:0.0 初始波动:-0.3018,比率0.0549%
当前时间:10:07:37    当前价格:5.198200 波动价格:0.0 初始波动:-0.3018,比率0.0549%
当前时间:10:07:38    当前价格:5.198250 波动价格:5e-05 初始波动:-0.30175,比率0.0549%
当前时间:10:07:40    当前价格:5.198200 波动价格:-5e-05 初始波动:-0.3018,比率0.0549%
当前时间:10:07:47    当前价格:5.198250 波动价格:5e-05 初始波动:-0.30175,比率0.0549%
当前时间:10:08:03    当前价格:5.198400 波动价格:0.00015 初始波动:-0.3016,比率0.0548%
当前时间:10:08:11    当前价格:5.198250 波动价格:-0.00015 初始波动:-0.30175,比率0.0549%
当前时间:10:08:45    当前价格:5.198200 波动价格:-5e-05 初始波动:-0.3018,比率0.0549%
当前时间:10:08:47    当前价格:5.198210 波动价格:1e-05 初始波动:-0.30179,比率0.0549%
当前时间:10:08:50    当前价格:5.198200 波动价格:-1e-05 初始波动:-0.3018,比率0.0549%
当前时间:10:08:51    当前价格:5.198210 波动价格:1e-05 初始波动:-0.30179,比率0.0549%
当前时间:10:08:56    当前价格:5.198210 波动价格:0.0 初始波动:-0.30179,比率0.0549%
当前时间:10:09:07    当前价格:5.198210 波动价格:0.0 初始波动:-0.30179,比率0.0549%
当前时间:10:09:19    当前价格:5.198210 波动价格:0.0 初始波动:-0.30179,比率0.0549%
当前时间:10:09:25    当前价格:5.198210 波动价格:0.0 初始波动:-0.30179,比率0.0549%
当前时间:10:09:31    当前价格:5.198210 波动价格:0.0 初始波动:-0.30179,比率0.0549%
当前时间:10:09:53    当前价格:5.198210 波动价格:0.0 初始波动:-0.30179,比率0.0549%
当前时间:10:09:57    当前价格:5.198200 波动价格:-1e-05 初始波动:-0.3018,比率0.0549%
当前时间:10:10:01    当前价格:5.198200 波动价格:0.0 初始波动:-0.3018,比率0.0549%
当前时间:10:10:02    当前价格:5.198200 波动价格:0.0 初始波动:-0.3018,比率0.0549%
当前时间:10:10:05    当前价格:5.198210 波动价格:1e-05 初始波动:-0.30179,比率0.0549%
当前时间:10:10:09    当前价格:5.198210 波动价格:0.0 初始波动:-0.30179,比率0.0549%
当前时间:10:10:37    当前价格:5.198210 波动价格:0.0 初始波动:-0.30179,比率0.0549%
当前时间:10:10:45    当前价格:5.198210 波动价格:0.0 初始波动:-0.30179,比率0.0549%
当前时间:10:10:53    当前价格:5.198230 波动价格:2e-05 初始波动:-0.30177,比率0.0549%
当前时间:10:10:54    当前价格:5.198210 波动价格:-2e-05 初始波动:-0.30179,比率0.0549%
当前时间:10:10:59    当前价格:5.198210 波动价格:0.0 初始波动:-0.30179,比率0.0549%
当前时间:10:11:09    当前价格:5.198210 波动价格:0.0 初始波动:-0.30179,比率0.0549%
当前时间:10:11:10    当前价格:5.198210 波动价格:0.0 初始波动:-0.30179,比率0.0549%
当前时间:10:11:23    当前价格:5.198600 波动价格:0.00039 初始波动:-0.3014,比率0.0548%
当前时间:10:11:32    当前价格:5.198220 波动价格:-0.00038 初始波动:-0.30178,比率0.0549%
当前时间:10:11:37    当前价格:5.198230 波动价格:1e-05 初始波动:-0.30177,比率0.0549%
当前时间:10:11:46    当前价格:5.198220 波动价格:-1e-05 初始波动:-0.30178,比率0.0549%
当前时间:10:11:49    当前价格:5.198200 波动价格:-2e-05 初始波动:-0.3018,比率0.0549%
当前时间:10:11:53    当前价格:5.198200 波动价格:0.0 初始波动:-0.3018,比率0.0549%
当前时间:10:11:54    当前价格:5.198200 波动价格:0.0 初始波动:-0.3018,比率0.0549%
当前时间:10:11:56    当前价格:5.198200 波动价格:0.0 初始波动:-0.3018,比率0.0549%
当前时间:10:11:57    当前价格:5.198000 波动价格:-0.0002 初始波动:-0.302,比率0.0549%
当前时间:10:12:01    当前价格:5.198200 波动价格:0.0002 初始波动:-0.3018,比率0.0549%
当前时间:10:12:07    当前价格:5.198200 波动价格:0.0 初始波动:-0.3018,比率0.0549%
当前时间:10:12:10    当前价格:5.198200 波动价格:0.0 初始波动:-0.3018,比率0.0549%
当前时间:10:12:14    当前价格:5.198000 波动价格:-0.0002 初始波动:-0.302,比率0.0549%
当前时间:10:12:18    当前价格:5.198200 波动价格:0.0002 初始波动:-0.3018,比率0.0549%
当前时间:10:12:19    当前价格:5.198200 波动价格:0.0 初始波动:-0.3018,比率0.0549%
当前时间:10:12:32    当前价格:5.198200 波动价格:0.0 初始波动:-0.3018,比率0.0549%
当前时间:10:12:34    当前价格:5.198001 波动价格:-0.000199 初始波动:-0.301999,比率0.0549%
当前时间:10:12:41    当前价格:5.198200 波动价格:0.000199 初始波动:-0.3018,比率0.0549%
当前时间:10:12:45    当前价格:5.198100 波动价格:-0.0001 初始波动:-0.3019,比率0.0549%
当前时间:10:12:49    当前价格:5.198001 波动价格:-9.9e-05 初始波动:-0.301999,比率0.0549%
当前时间:10:12:53    当前价格:5.198001 波动价格:0.0 初始波动:-0.301999,比率0.0549%
当前时间:10:12:58    当前价格:5.198001 波动价格:0.0 初始波动:-0.301999,比率0.0549%
当前时间:10:13:01    当前价格:5.198001 波动价格:0.0 初始波动:-0.301999,比率0.0549%
当前时间:10:13:09    当前价格:5.198100 波动价格:9.9e-05 初始波动:-0.3019,比率0.0549%
当前时间:10:13:11    当前价格:5.198001 波动价格:-9.9e-05 初始波动:-0.301999,比率0.0549%
当前时间:10:13:12    当前价格:5.198001 波动价格:0.0 初始波动:-0.301999,比率0.0549%
当前时间:10:13:26    当前价格:5.198001 波动价格:0.0 初始波动:-0.301999,比率0.0549%
当前时间:10:13:27    当前价格:5.198001 波动价格:0.0 初始波动:-0.301999,比率0.0549%
当前时间:10:13:28    当前价格:5.198001 波动价格:0.0 初始波动:-0.301999,比率0.0549%
当前时间:10:13:34    当前价格:5.198001 波动价格:0.0 初始波动:-0.301999,比率0.0549%
当前时间:10:13:39    当前价格:5.198100 波动价格:9.9e-05 初始波动:-0.3019,比率0.0549%
当前时间:10:13:41    当前价格:5.198001 波动价格:-9.9e-05 初始波动:-0.301999,比率0.0549%
当前时间:10:13:44    当前价格:5.198001 波动价格:0.0 初始波动:-0.301999,比率0.0549%
当前时间:10:13:45    当前价格:5.198000 波动价格:-1e-06 初始波动:-0.302,比率0.0549%
当前时间:10:13:49    当前价格:5.198000 波动价格:0.0 初始波动:-0.302,比率0.0549%
当前时间:10:13:51    当前价格:5.198100 波动价格:0.0001 初始波动:-0.3019,比率0.0549%
当前时间:10:13:53    当前价格:5.198000 波动价格:-0.0001 初始波动:-0.302,比率0.0549%
当前时间:10:14:00    当前价格:5.195010 波动价格:-0.00299 初始波动:-0.30499,比率0.0555%
当前时间:10:14:04    当前价格:5.195000 波动价格:-1e-05 初始波动:-0.305,比率0.0555%
当前时间:10:14:07    当前价格:5.195000 波动价格:0.0 初始波动:-0.305,比率0.0555%
当前时间:10:14:08    当前价格:5.195000 波动价格:0.0 初始波动:-0.305,比率0.0555%
当前时间:10:14:09    当前价格:5.195000 波动价格:0.0 初始波动:-0.305,比率0.0555%
当前时间:10:14:12    当前价格:5.194000 波动价格:-0.001 初始波动:-0.306,比率0.0556%
当前时间:10:14:15    当前价格:5.194310 波动价格:0.00031 初始波动:-0.30569,比率0.0556%
当前时间:10:14:16    当前价格:5.190010 波动价格:-0.0043 初始波动:-0.30999,比率0.0564%
当前时间:10:14:19    当前价格:5.190000 波动价格:-1e-05 初始波动:-0.31,比率0.0564%
当前时间:10:14:20    当前价格:5.193000 波动价格:0.003 初始波动:-0.307,比率0.0558%
当前时间:10:14:23    当前价格:5.190000 波动价格:-0.003 初始波动:-0.31,比率0.0564%
当前时间:10:14:24    当前价格:5.180000 波动价格:-0.01 初始波动:-0.32,比率0.0582%
当前时间:10:14:27    当前价格:5.180000 波动价格:0.0 初始波动:-0.32,比率0.0582%
当前时间:10:14:29    当前价格:5.180000 波动价格:0.0 初始波动:-0.32,比率0.0582%
当前时间:10:14:30    当前价格:5.180000 波动价格:0.0 初始波动:-0.32,比率0.0582%
当前时间:10:14:31    当前价格:5.170100 波动价格:-0.0099 初始波动:-0.3299,比率0.06%
当前时间:10:14:34    当前价格:5.170000 波动价格:-0.0001 初始波动:-0.33,比率0.06%
当前时间:10:14:35    当前价格:5.170000 波动价格:0.0 初始波动:-0.33,比率0.06%
当前时间:10:14:39    当前价格:5.170000 波动价格:0.0 初始波动:-0.33,比率0.06%
当前时间:10:14:40    当前价格:5.170000 波动价格:0.0 初始波动:-0.33,比率0.06%
当前时间:10:14:43    当前价格:5.170000 波动价格:0.0 初始波动:-0.33,比率0.06%
当前时间:10:14:46    当前价格:5.170000 波动价格:0.0 初始波动:-0.33,比率0.06%
当前时间:10:14:49    当前价格:5.165000 波动价格:-0.005 初始波动:-0.335,比率0.0609%
当前时间:10:14:52    当前价格:5.160320 波动价格:-0.00468 初始波动:-0.33968,比率0.0618%
当前时间:10:14:54    当前价格:5.161000 波动价格:0.00068 初始波动:-0.339,比率0.0616%
当前时间:10:14:55    当前价格:5.160011 波动价格:-0.000989 初始波动:-0.339989,比率0.0618%
当前时间:10:14:59    当前价格:5.160010 波动价格:-1e-06 初始波动:-0.33999,比率0.0618%
当前时间:10:15:00    当前价格:5.160010 波动价格:0.0 初始波动:-0.33999,比率0.0618%
当前时间:10:15:02    当前价格:5.160010 波动价格:0.0 初始波动:-0.33999,比率0.0618%
当前时间:10:15:04    当前价格:5.160000 波动价格:-1e-05 初始波动:-0.34,比率0.0618%
当前时间:10:15:05    当前价格:5.160000 波动价格:0.0 初始波动:-0.34,比率0.0618%
当前时间:10:15:06    当前价格:5.160000 波动价格:0.0 初始波动:-0.34,比率0.0618%
当前时间:10:15:07    当前价格:5.160000 波动价格:0.0 初始波动:-0.34,比率0.0618%
当前时间:10:15:09    当前价格:5.160000 波动价格:0.0 初始波动:-0.34,比率0.0618%
当前时间:10:15:10    当前价格:5.160000 波动价格:0.0 初始波动:-0.34,比率0.0618%
当前时间:10:15:11    当前价格:5.160000 波动价格:0.0 初始波动:-0.34,比率0.0618%
当前时间:10:15:13    当前价格:5.160000 波动价格:0.0 初始波动:-0.34,比率0.0618%
当前时间:10:15:14    当前价格:5.160000 波动价格:0.0 初始波动:-0.34,比率0.0618%
当前时间:10:15:15    当前价格:5.160000 波动价格:0.0 初始波动:-0.34,比率0.0618%
当前时间:10:15:16    当前价格:5.160000 波动价格:0.0 初始波动:-0.34,比率0.0618%
当前时间:10:15:19    当前价格:5.160000 波动价格:0.0 初始波动:-0.34,比率0.0618%
当前时间:10:15:20    当前价格:5.160000 波动价格:0.0 初始波动:-0.34,比率0.0618%
当前时间:10:15:24    当前价格:5.160000 波动价格:0.0 初始波动:-0.34,比率0.0618%
当前时间:10:15:33    当前价格:5.160000 波动价格:0.0 初始波动:-0.34,比率0.0618%
当前时间:10:15:34    当前价格:5.160000 波动价格:0.0 初始波动:-0.34,比率0.0618%
当前时间:10:15:36    当前价格:5.160000 波动价格:0.0 初始波动:-0.34,比率0.0618%
当前时间:10:15:40    当前价格:5.160000 波动价格:0.0 初始波动:-0.34,比率0.0618%
当前时间:10:15:45    当前价格:5.160000 波动价格:0.0 初始波动:-0.34,比率0.0618%
当前时间:10:15:49    当前价格:5.160000 波动价格:0.0 初始波动:-0.34,比率0.0618%
当前时间:10:15:57    当前价格:5.160000 波动价格:0.0 初始波动:-0.34,比率0.0618%
当前时间:10:15:58    当前价格:5.160000 波动价格:0.0 初始波动:-0.34,比率0.0618%
当前时间:10:16:03    当前价格:5.160000 波动价格:0.0 初始波动:-0.34,比率0.0618%
当前时间:10:16:07    当前价格:5.160000 波动价格:0.0 初始波动:-0.34,比率0.0618%
当前时间:10:16:16    当前价格:5.160000 波动价格:0.0 初始波动:-0.34,比率0.0618%
当前时间:10:16:17    当前价格:5.160000 波动价格:0.0 初始波动:-0.34,比率0.0618%
当前时间:10:16:22    当前价格:5.160000 波动价格:0.0 初始波动:-0.34,比率0.0618%
当前时间:10:16:26    当前价格:5.160000 波动价格:0.0 初始波动:-0.34,比率0.0618%
当前时间:10:16:29    当前价格:5.160000 波动价格:0.0 初始波动:-0.34,比率0.0618%
当前时间:10:16:32    当前价格:5.160000 波动价格:0.0 初始波动:-0.34,比率0.0618%
当前时间:10:16:38    当前价格:5.160000 波动价格:0.0 初始波动:-0.34,比率0.0618%
当前时间:10:16:42    当前价格:5.160000 波动价格:0.0 初始波动:-0.34,比率0.0618%
当前时间:10:16:57    当前价格:5.160000 波动价格:0.0 初始波动:-0.34,比率0.0618%
当前时间:10:16:58    当前价格:5.160000 波动价格:0.0 初始波动:-0.34,比率0.0618%
当前时间:10:17:02    当前价格:5.160000 波动价格:0.0 初始波动:-0.34,比率0.0618%
当前时间:10:17:11    当前价格:5.160000 波动价格:0.0 初始波动:-0.34,比率0.0618%
当前时间:10:17:19    当前价格:5.160000 波动价格:0.0 初始波动:-0.34,比率0.0618%
当前时间:10:17:22    当前价格:5.160000 波动价格:0.0 初始波动:-0.34,比率0.0618%
当前时间:10:17:27    当前价格:5.160000 波动价格:0.0 初始波动:-0.34,比率0.0618%
当前时间:10:17:30    当前价格:5.160000 波动价格:0.0 初始波动:-0.34,比率0.0618%
当前时间:10:17:32    当前价格:5.160000 波动价格:0.0 初始波动:-0.34,比率0.0618%
当前时间:10:17:35    当前价格:5.160000 波动价格:0.0 初始波动:-0.34,比率0.0618%
当前时间:10:17:37    当前价格:5.160000 波动价格:0.0 初始波动:-0.34,比率0.0618%
当前时间:10:17:47    当前价格:5.160000 波动价格:0.0 初始波动:-0.34,比率0.0618%
当前时间:10:17:52    当前价格:5.160000 波动价格:0.0 初始波动:-0.34,比率0.0618%
当前时间:10:17:53    当前价格:5.160000 波动价格:0.0 初始波动:-0.34,比率0.0618%
当前时间:10:18:01    当前价格:5.160000 波动价格:0.0 初始波动:-0.34,比率0.0618%
当前时间:10:18:02    当前价格:5.160000 波动价格:0.0 初始波动:-0.34,比率0.0618%
当前时间:10:18:03    当前价格:5.160000 波动价格:0.0 初始波动:-0.34,比率0.0618%
当前时间:10:18:08    当前价格:5.160000 波动价格:0.0 初始波动:-0.34,比率0.0618%
当前时间:10:18:23    当前价格:5.160000 波动价格:0.0 初始波动:-0.34,比率0.0618%
当前时间:10:18:31    当前价格:5.160000 波动价格:0.0 初始波动:-0.34,比率0.0618%
当前时间:10:18:40    当前价格:5.160000 波动价格:0.0 初始波动:-0.34,比率0.0618%
当前时间:10:18:45    当前价格:5.160000 波动价格:0.0 初始波动:-0.34,比率0.0618%
当前时间:10:19:02    当前价格:5.160000 波动价格:0.0 初始波动:-0.34,比率0.0618%
当前时间:10:19:08    当前价格:5.160000 波动价格:0.0 初始波动:-0.34,比率0.0618%
当前时间:10:19:16    当前价格:5.160000 波动价格:0.0 初始波动:-0.34,比率0.0618%
当前时间:10:19:20    当前价格:5.160000 波动价格:0.0 初始波动:-0.34,比率0.0618%
当前时间:10:19:40    当前价格:5.160000 波动价格:0.0 初始波动:-0.34,比率0.0618%
当前时间:10:19:54    当前价格:5.160000 波动价格:0.0 初始波动:-0.34,比率0.0618%
当前时间:10:19:55    当前价格:5.160000 波动价格:0.0 初始波动:-0.34,比率0.0618%
当前时间:10:20:06    当前价格:5.160000 波动价格:0.0 初始波动:-0.34,比率0.0618%
当前时间:10:20:14    当前价格:5.160000 波动价格:0.0 初始波动:-0.34,比率0.0618%
当前时间:10:20:20    当前价格:5.160000 波动价格:0.0 初始波动:-0.34,比率0.0618%
当前时间:10:20:27    当前价格:5.160000 波动价格:0.0 初始波动:-0.34,比率0.0618%
当前时间:10:20:36    当前价格:5.160000 波动价格:0.0 初始波动:-0.34,比率0.0618%
当前时间:10:20:37    当前价格:5.160000 波动价格:0.0 初始波动:-0.34,比率0.0618%
当前时间:10:20:41    当前价格:5.160000 波动价格:0.0 初始波动:-0.34,比率0.0618%
当前时间:10:20:45    当前价格:5.160000 波动价格:0.0 初始波动:-0.34,比率0.0618%
当前时间:10:21:05    当前价格:5.160000 波动价格:0.0 初始波动:-0.34,比率0.0618%
当前时间:10:21:34    当前价格:5.160000 波动价格:0.0 初始波动:-0.34,比率0.0618%
当前时间:10:21:35    当前价格:5.160000 波动价格:0.0 初始波动:-0.34,比率0.0618%
当前时间:10:21:45    当前价格:5.160000 波动价格:0.0 初始波动:-0.34,比率0.0618%
当前时间:10:21:50    当前价格:5.160000 波动价格:0.0 初始波动:-0.34,比率0.0618%
当前时间:10:21:57    当前价格:5.160000 波动价格:0.0 初始波动:-0.34,比率0.0618%
当前时间:10:22:28    当前价格:5.160000 波动价格:0.0 初始波动:-0.34,比率0.0618%
当前时间:10:22:32    当前价格:5.160000 波动价格:0.0 初始波动:-0.34,比率0.0618%
当前时间:10:22:35    当前价格:5.160000 波动价格:0.0 初始波动:-0.34,比率0.0618%
当前时间:10:22:39    当前价格:5.160000 波动价格:0.0 初始波动:-0.34,比率0.0618%
当前时间:10:22:56    当前价格:5.160000 波动价格:0.0 初始波动:-0.34,比率0.0618%
当前时间:10:23:14    当前价格:5.160000 波动价格:0.0 初始波动:-0.34,比率0.0618%
当前时间:10:23:25    当前价格:5.160000 波动价格:0.0 初始波动:-0.34,比率0.0618%
当前时间:10:23:35    当前价格:5.160000 波动价格:0.0 初始波动:-0.34,比率0.0618%
当前时间:10:23:38    当前价格:5.160000 波动价格:0.0 初始波动:-0.34,比率0.0618%
当前时间:10:23:39    当前价格:5.160000 波动价格:0.0 初始波动:-0.34,比率0.0618%
当前时间:10:23:49    当前价格:5.160000 波动价格:0.0 初始波动:-0.34,比率0.0618%
当前时间:10:24:08    当前价格:5.160000 波动价格:0.0 初始波动:-0.34,比率0.0618%
当前时间:10:24:12    当前价格:5.160000 波动价格:0.0 初始波动:-0.34,比率0.0618%
当前时间:10:24:16    当前价格:5.160000 波动价格:0.0 初始波动:-0.34,比率0.0618%
当前时间:10:24:35    当前价格:5.160000 波动价格:0.0 初始波动:-0.34,比率0.0618%
当前时间:10:24:36    当前价格:5.160000 波动价格:0.0 初始波动:-0.34,比率0.0618%
当前时间:10:24:41    当前价格:5.160000 波动价格:0.0 初始波动:-0.34,比率0.0618%
当前时间:10:24:47    当前价格:5.160000 波动价格:0.0 初始波动:-0.34,比率0.0618%
当前时间:10:24:49    当前价格:5.160000 波动价格:0.0 初始波动:-0.34,比率0.0618%
当前时间:10:25:06    当前价格:5.160000 波动价格:0.0 初始波动:-0.34,比率0.0618%
当前时间:10:25:16    当前价格:5.160000 波动价格:0.0 初始波动:-0.34,比率0.0618%
当前时间:10:25:19    当前价格:5.160000 波动价格:0.0 初始波动:-0.34,比率0.0618%
当前时间:10:25:40    当前价格:5.160000 波动价格:0.0 初始波动:-0.34,比率0.0618%
当前时间:10:25:44    当前价格:5.160000 波动价格:0.0 初始波动:-0.34,比率0.0618%
当前时间:10:25:49    当前价格:5.160000 波动价格:0.0 初始波动:-0.34,比率0.0618%
当前时间:10:25:50    当前价格:5.160000 波动价格:0.0 初始波动:-0.34,比率0.0618%
当前时间:10:26:28    当前价格:5.160000 波动价格:0.0 初始波动:-0.34,比率0.0618%
当前时间:10:26:53    当前价格:5.160000 波动价格:0.0 初始波动:-0.34,比率0.0618%
当前时间:10:27:11    当前价格:5.160000 波动价格:0.0 初始波动:-0.34,比率0.0618%
当前时间:10:27:12    当前价格:5.160000 波动价格:0.0 初始波动:-0.34,比率0.0618%
当前时间:10:28:02    当前价格:5.160000 波动价格:0.0 初始波动:-0.34,比率0.0618%
当前时间:10:28:28    当前价格:5.160000 波动价格:0.0 初始波动:-0.34,比率0.0618%
当前时间:10:28:32    当前价格:5.160000 波动价格:0.0 初始波动:-0.34,比率0.0618%
当前时间:10:29:41    当前价格:5.160000 波动价格:0.0 初始波动:-0.34,比率0.0618%
当前时间:10:29:46    当前价格:5.160000 波动价格:0.0 初始波动:-0.34,比率0.0618%
当前时间:10:30:10    当前价格:5.160000 波动价格:0.0 初始波动:-0.34,比率0.0618%
当前时间:10:30:30    当前价格:5.160000 波动价格:0.0 初始波动:-0.34,比率0.0618%
当前时间:10:30:55    当前价格:5.160000 波动价格:0.0 初始波动:-0.34,比率0.0618%
当前时间:10:30:57    当前价格:5.160000 波动价格:0.0 初始波动:-0.34,比率0.0618%
当前时间:10:31:06    当前价格:5.160000 波动价格:0.0 初始波动:-0.34,比率0.0618%
当前时间:10:31:10    当前价格:5.160000 波动价格:0.0 初始波动:-0.34,比率0.0618%
当前时间:10:31:31    当前价格:5.160000 波动价格:0.0 初始波动:-0.34,比率0.0618%
当前时间:10:31:34    当前价格:5.160000 波动价格:0.0 初始波动:-0.34,比率0.0618%
当前时间:10:31:35    当前价格:5.160000 波动价格:0.0 初始波动:-0.34,比率0.0618%
当前时间:10:31:41    当前价格:5.160000 波动价格:0.0 初始波动:-0.34,比率0.0618%
当前时间:10:31:58    当前价格:5.160000 波动价格:0.0 初始波动:-0.34,比率0.0618%
当前时间:10:32:14    当前价格:5.160000 波动价格:0.0 初始波动:-0.34,比率0.0618%
当前时间:10:32:51    当前价格:5.160000 波动价格:0.0 初始波动:-0.34,比率0.0618%
当前时间:10:32:53    当前价格:5.160000 波动价格:0.0 初始波动:-0.34,比率0.0618%
当前时间:10:33:30    当前价格:5.160000 波动价格:0.0 初始波动:-0.34,比率0.0618%
当前时间:10:33:44    当前价格:5.160000 波动价格:0.0 初始波动:-0.34,比率0.0618%
当前时间:10:34:05    当前价格:5.160000 波动价格:0.0 初始波动:-0.34,比率0.0618%
当前时间:10:34:13    当前价格:5.160000 波动价格:0.0 初始波动:-0.34,比率0.0618%
当前时间:10:34:32    当前价格:5.160000 波动价格:0.0 初始波动:-0.34,比率0.0618%
当前时间:10:35:10    当前价格:5.160000 波动价格:0.0 初始波动:-0.34,比率0.0618%
当前时间:10:35:29    当前价格:5.160000 波动价格:0.0 初始波动:-0.34,比率0.0618%
当前时间:10:36:11    当前价格:5.160000 波动价格:0.0 初始波动:-0.34,比率0.0618%
当前时间:10:36:17    当前价格:5.160000 波动价格:0.0 初始波动:-0.34,比率0.0618%
当前时间:10:36:29    当前价格:5.160000 波动价格:0.0 初始波动:-0.34,比率0.0618%
当前时间:10:36:37    当前价格:5.160000 波动价格:0.0 初始波动:-0.34,比率0.0618%
当前时间:10:36:48    当前价格:5.160000 波动价格:0.0 初始波动:-0.34,比率0.0618%
当前时间:10:37:05    当前价格:5.160000 波动价格:0.0 初始波动:-0.34,比率0.0618%
当前时间:10:38:00    当前价格:5.160000 波动价格:0.0 初始波动:-0.34,比率0.0618%
当前时间:10:38:47    当前价格:5.160000 波动价格:0.0 初始波动:-0.34,比率0.0618%
当前时间:10:39:32    当前价格:5.160000 波动价格:0.0 初始波动:-0.34,比率0.0618%
当前时间:10:39:36    当前价格:5.160000 波动价格:0.0 初始波动:-0.34,比率0.0618%
当前时间:10:39:46    当前价格:5.160000 波动价格:0.0 初始波动:-0.34,比率0.0618%
当前时间:10:39:57    当前价格:5.160000 波动价格:0.0 初始波动:-0.34,比率0.0618%
当前时间:10:39:59    当前价格:5.160000 波动价格:0.0 初始波动:-0.34,比率0.0618%
当前时间:10:40:25    当前价格:5.160000 波动价格:0.0 初始波动:-0.34,比率0.0618%
当前时间:10:40:32    当前价格:5.160000 波动价格:0.0 初始波动:-0.34,比率0.0618%
当前时间:10:40:37    当前价格:5.160000 波动价格:0.0 初始波动:-0.34,比率0.0618%
当前时间:10:41:01    当前价格:5.160000 波动价格:0.0 初始波动:-0.34,比率0.0618%
当前时间:10:41:07    当前价格:5.160000 波动价格:0.0 初始波动:-0.34,比率0.0618%
当前时间:10:41:11    当前价格:5.160000 波动价格:0.0 初始波动:-0.34,比率0.0618%
当前时间:10:41:15    当前价格:5.160000 波动价格:0.0 初始波动:-0.34,比率0.0618%
当前时间:10:41:32    当前价格:5.160000 波动价格:0.0 初始波动:-0.34,比率0.0618%
当前时间:10:42:02    当前价格:5.160000 波动价格:0.0 初始波动:-0.34,比率0.0618%
当前时间:10:42:03    当前价格:5.160000 波动价格:0.0 初始波动:-0.34,比率0.0618%
当前时间:10:42:23    当前价格:5.160000 波动价格:0.0 初始波动:-0.34,比率0.0618%
当前时间:10:42:32    当前价格:5.160000 波动价格:0.0 初始波动:-0.34,比率0.0618%
当前时间:10:42:42    当前价格:5.160000 波动价格:0.0 初始波动:-0.34,比率0.0618%
当前时间:10:42:45    当前价格:5.160000 波动价格:0.0 初始波动:-0.34,比率0.0618%
当前时间:10:42:49    当前价格:5.160000 波动价格:0.0 初始波动:-0.34,比率0.0618%
当前时间:10:43:09    当前价格:5.160000 波动价格:0.0 初始波动:-0.34,比率0.0618%
当前时间:10:43:18    当前价格:5.160000 波动价格:0.0 初始波动:-0.34,比率0.0618%
当前时间:10:43:51    当前价格:5.160000 波动价格:0.0 初始波动:-0.34,比率0.0618%
当前时间:10:43:54    当前价格:5.160000 波动价格:0.0 初始波动:-0.34,比率0.0618%
当前时间:10:44:06    当前价格:5.160000 波动价格:0.0 初始波动:-0.34,比率0.0618%
当前时间:10:44:22    当前价格:5.160000 波动价格:0.0 初始波动:-0.34,比率0.0618%
当前时间:10:44:29    当前价格:5.160000 波动价格:0.0 初始波动:-0.34,比率0.0618%
当前时间:10:44:30    当前价格:5.160000 波动价格:0.0 初始波动:-0.34,比率0.0618%
当前时间:10:45:15    当前价格:5.160000 波动价格:0.0 初始波动:-0.34,比率0.0618%
当前时间:10:46:00    当前价格:5.160000 波动价格:0.0 初始波动:-0.34,比率0.0618%
当前时间:10:46:22    当前价格:5.160000 波动价格:0.0 初始波动:-0.34,比率0.0618%
当前时间:10:46:24    当前价格:5.160000 波动价格:0.0 初始波动:-0.34,比率0.0618%
当前时间:10:46:47    当前价格:5.160000 波动价格:0.0 初始波动:-0.34,比率0.0618%
当前时间:10:46:48    当前价格:5.160000 波动价格:0.0 初始波动:-0.34,比率0.0618%
当前时间:10:46:56    当前价格:5.160000 波动价格:0.0 初始波动:-0.34,比率0.0618%
当前时间:10:47:14    当前价格:5.160000 波动价格:0.0 初始波动:-0.34,比率0.0618%
当前时间:10:47:18    当前价格:5.160000 波动价格:0.0 初始波动:-0.34,比率0.0618%
当前时间:10:48:13    当前价格:5.160000 波动价格:0.0 初始波动:-0.34,比率0.0618%
当前时间:10:48:28    当前价格:5.160000 波动价格:0.0 初始波动:-0.34,比率0.0618%
当前时间:10:48:35    当前价格:5.160000 波动价格:0.0 初始波动:-0.34,比率0.0618%
当前时间:10:48:37    当前价格:5.160000 波动价格:0.0 初始波动:-0.34,比率0.0618%
当前时间:10:48:44    当前价格:5.160000 波动价格:0.0 初始波动:-0.34,比率0.0618%
当前时间:10:49:29    当前价格:5.160000 波动价格:0.0 初始波动:-0.34,比率0.0618%
当前时间:10:49:56    当前价格:5.160000 波动价格:0.0 初始波动:-0.34,比率0.0618%
当前时间:10:50:30    当前价格:5.160000 波动价格:0.0 初始波动:-0.34,比率0.0618%
当前时间:10:51:36    当前价格:5.160000 波动价格:0.0 初始波动:-0.34,比率0.0618%
当前时间:10:51:54    当前价格:5.160000 波动价格:0.0 初始波动:-0.34,比率0.0618%
当前时间:10:52:12    当前价格:5.160000 波动价格:0.0 初始波动:-0.34,比率0.0618%
当前时间:10:52:15    当前价格:5.160000 波动价格:0.0 初始波动:-0.34,比率0.0618%
当前时间:10:52:20    当前价格:5.160000 波动价格:0.0 初始波动:-0.34,比率0.0618%
当前时间:10:52:34    当前价格:5.160000 波动价格:0.0 初始波动:-0.34,比率0.0618%
当前时间:10:53:26    当前价格:5.160000 波动价格:0.0 初始波动:-0.34,比率0.0618%
当前时间:10:54:20    当前价格:5.160000 波动价格:0.0 初始波动:-0.34,比率0.0618%
当前时间:10:54:23    当前价格:5.160000 波动价格:0.0 初始波动:-0.34,比率0.0618%
当前时间:10:54:52    当前价格:5.160000 波动价格:0.0 初始波动:-0.34,比率0.0618%
当前时间:10:55:08    当前价格:5.160000 波动价格:0.0 初始波动:-0.34,比率0.0618%
当前时间:10:55:15    当前价格:5.160000 波动价格:0.0 初始波动:-0.34,比率0.0618%
当前时间:10:55:30    当前价格:5.160000 波动价格:0.0 初始波动:-0.34,比率0.0618%
当前时间:10:55:46    当前价格:5.160000 波动价格:0.0 初始波动:-0.34,比率0.0618%
当前时间:10:56:02    当前价格:5.160000 波动价格:0.0 初始波动:-0.34,比率0.0618%
当前时间:10:56:34    当前价格:5.160000 波动价格:0.0 初始波动:-0.34,比率0.0618%
当前时间:10:56:38    当前价格:5.160000 波动价格:0.0 初始波动:-0.34,比率0.0618%
当前时间:10:56:51    当前价格:5.160000 波动价格:0.0 初始波动:-0.34,比率0.0618%
当前时间:10:57:15    当前价格:5.160000 波动价格:0.0 初始波动:-0.34,比率0.0618%
当前时间:10:58:00    当前价格:5.160000 波动价格:0.0 初始波动:-0.34,比率0.0618%
当前时间:10:58:08    当前价格:5.160000 波动价格:0.0 初始波动:-0.34,比率0.0618%
当前时间:10:59:39    当前价格:5.160000 波动价格:0.0 初始波动:-0.34,比率0.0618%
当前时间:10:59:46    当前价格:5.160000 波动价格:0.0 初始波动:-0.34,比率0.0618%
当前时间:11:00:01    当前价格:5.160000 波动价格:0.0 初始波动:-0.34,比率0.0618%
当前时间:11:00:29    当前价格:5.160000 波动价格:0.0 初始波动:-0.34,比率0.0618%
当前时间:11:00:39    当前价格:5.160000 波动价格:0.0 初始波动:-0.34,比率0.0618%
当前时间:11:00:49    当前价格:5.160000 波动价格:0.0 初始波动:-0.34,比率0.0618%
当前时间:11:01:56    当前价格:5.160000 波动价格:0.0 初始波动:-0.34,比率0.0618%
当前时间:11:05:31    当前价格:5.160000 波动价格:0.0 初始波动:-0.34,比率0.0618%
当前时间:11:05:56    当前价格:5.160000 波动价格:0.0 初始波动:-0.34,比率0.0618%
当前时间:11:07:02    当前价格:5.160000 波动价格:0.0 初始波动:-0.34,比率0.0618%
当前时间:11:08:04    当前价格:5.160000 波动价格:0.0 初始波动:-0.34,比率0.0618%
当前时间:11:08:18    当前价格:5.160000 波动价格:0.0 初始波动:-0.34,比率0.0618%
当前时间:11:08:24    当前价格:5.160000 波动价格:0.0 初始波动:-0.34,比率0.0618%
当前时间:11:08:52    当前价格:5.160000 波动价格:0.0 初始波动:-0.34,比率0.0618%
当前时间:11:09:04    当前价格:5.160000 波动价格:0.0 初始波动:-0.34,比率0.0618%
当前时间:11:10:56    当前价格:5.160000 波动价格:0.0 初始波动:-0.34,比率0.0618%
当前时间:11:11:00    当前价格:5.160000 波动价格:0.0 初始波动:-0.34,比率0.0618%
当前时间:11:11:06    当前价格:5.160000 波动价格:0.0 初始波动:-0.34,比率0.0618%
当前时间:11:12:59    当前价格:5.160000 波动价格:0.0 初始波动:-0.34,比率0.0618%
当前时间:11:14:28    当前价格:5.160000 波动价格:0.0 初始波动:-0.34,比率0.0618%
当前时间:11:14:36    当前价格:5.160000 波动价格:0.0 初始波动:-0.34,比率0.0618%
当前时间:11:14:38    当前价格:5.160000 波动价格:0.0 初始波动:-0.34,比率0.0618%
当前时间:11:14:47    当前价格:5.160000 波动价格:0.0 初始波动:-0.34,比率0.0618%
当前时间:11:15:09    当前价格:5.160000 波动价格:0.0 初始波动:-0.34,比率0.0618%
当前时间:11:15:17    当前价格:5.160000 波动价格:0.0 初始波动:-0.34,比率0.0618%
当前时间:11:15:21    当前价格:5.160000 波动价格:0.0 初始波动:-0.34,比率0.0618%
当前时间:11:15:27    当前价格:5.160000 波动价格:0.0 初始波动:-0.34,比率0.0618%
当前时间:11:15:45    当前价格:5.160000 波动价格:0.0 初始波动:-0.34,比率0.0618%
当前时间:11:16:09    当前价格:5.160000 波动价格:0.0 初始波动:-0.34,比率0.0618%
当前时间:11:17:50    当前价格:5.160000 波动价格:0.0 初始波动:-0.34,比率0.0618%
当前时间:11:20:58    当前价格:5.160000 波动价格:0.0 初始波动:-0.34,比率0.0618%
当前时间:11:21:45    当前价格:5.160000 波动价格:0.0 初始波动:-0.34,比率0.0618%
当前时间:11:22:21    当前价格:5.160000 波动价格:0.0 初始波动:-0.34,比率0.0618%
当前时间:11:22:58    当前价格:5.160000 波动价格:0.0 初始波动:-0.34,比率0.0618%
当前时间:11:23:05    当前价格:5.160000 波动价格:0.0 初始波动:-0.34,比率0.0618%
当前时间:11:23:08    当前价格:5.160000 波动价格:0.0 初始波动:-0.34,比率0.0618%
当前时间:11:23:12    当前价格:5.160000 波动价格:0.0 初始波动:-0.34,比率0.0618%
当前时间:11:23:18    当前价格:5.160000 波动价格:0.0 初始波动:-0.34,比率0.0618%
当前时间:11:23:19    当前价格:5.160000 波动价格:0.0 初始波动:-0.34,比率0.0618%
当前时间:11:23:34    当前价格:5.160000 波动价格:0.0 初始波动:-0.34,比率0.0618%
当前时间:11:23:37    当前价格:5.160000 波动价格:0.0 初始波动:-0.34,比率0.0618%
当前时间:11:24:01    当前价格:5.160000 波动价格:0.0 初始波动:-0.34,比率0.0618%
当前时间:11:24:18    当前价格:5.160000 波动价格:0.0 初始波动:-0.34,比率0.0618%
当前时间:11:24:38    当前价格:5.160000 波动价格:0.0 初始波动:-0.34,比率0.0618%
当前时间:11:28:51    当前价格:5.160000 波动价格:0.0 初始波动:-0.34,比率0.0618%
当前时间:11:29:56    当前价格:5.160000 波动价格:0.0 初始波动:-0.34,比率0.0618%
当前时间:11:33:41    当前价格:5.160000 波动价格:0.0 初始波动:-0.34,比率0.0618%
当前时间:11:34:57    当前价格:5.160000 波动价格:0.0 初始波动:-0.34,比率0.0618%
当前时间:11:35:54    当前价格:5.160000 波动价格:0.0 初始波动:-0.34,比率0.0618%
当前时间:11:36:51    当前价格:5.160000 波动价格:0.0 初始波动:-0.34,比率0.0618%
当前时间:11:36:56    当前价格:5.160000 波动价格:0.0 初始波动:-0.34,比率0.0618%
当前时间:11:37:29    当前价格:5.160000 波动价格:0.0 初始波动:-0.34,比率0.0618%
当前时间:11:39:31    当前价格:5.160000 波动价格:0.0 初始波动:-0.34,比率0.0618%
当前时间:11:40:02    当前价格:5.160000 波动价格:0.0 初始波动:-0.34,比率0.0618%
当前时间:11:40:12    当前价格:5.160000 波动价格:0.0 初始波动:-0.34,比率0.0618%
当前时间:11:40:42    当前价格:5.160000 波动价格:0.0 初始波动:-0.34,比率0.0618%
当前时间:11:42:11    当前价格:5.160000 波动价格:0.0 初始波动:-0.34,比率0.0618%
当前时间:11:43:05    当前价格:5.160000 波动价格:0.0 初始波动:-0.34,比率0.0618%
当前时间:11:43:38    当前价格:5.160000 波动价格:0.0 初始波动:-0.34,比率0.0618%
当前时间:11:43:47    当前价格:5.160000 波动价格:0.0 初始波动:-0.34,比率0.0618%
当前时间:11:43:59    当前价格:5.160000 波动价格:0.0 初始波动:-0.34,比率0.0618%
当前时间:11:44:17    当前价格:5.160000 波动价格:0.0 初始波动:-0.34,比率0.0618%
当前时间:11:44:48    当前价格:5.160000 波动价格:0.0 初始波动:-0.34,比率0.0618%
当前时间:11:45:06    当前价格:5.160000 波动价格:0.0 初始波动:-0.34,比率0.0618%
当前时间:11:48:03    当前价格:5.160000 波动价格:0.0 初始波动:-0.34,比率0.0618%
当前时间:11:48:22    当前价格:5.160000 波动价格:0.0 初始波动:-0.34,比率0.0618%
当前时间:11:48:38    当前价格:5.160000 波动价格:0.0 初始波动:-0.34,比率0.0618%
当前时间:11:50:24    当前价格:5.160000 波动价格:0.0 初始波动:-0.34,比率0.0618%
当前时间:11:52:16    当前价格:5.160000 波动价格:0.0 初始波动:-0.34,比率0.0618%
当前时间:11:52:33    当前价格:5.160000 波动价格:0.0 初始波动:-0.34,比率0.0618%
当前时间:11:52:46    当前价格:5.160000 波动价格:0.0 初始波动:-0.34,比率0.0618%
当前时间:11:52:52    当前价格:5.160000 波动价格:0.0 初始波动:-0.34,比率0.0618%
当前时间:11:53:53    当前价格:5.160000 波动价格:0.0 初始波动:-0.34,比率0.0618%
当前时间:11:54:05    当前价格:5.160000 波动价格:0.0 初始波动:-0.34,比率0.0618%
当前时间:11:54:37    当前价格:5.160000 波动价格:0.0 初始波动:-0.34,比率0.0618%
当前时间:11:55:08    当前价格:5.160000 波动价格:0.0 初始波动:-0.34,比率0.0618%
当前时间:11:55:22    当前价格:5.160000 波动价格:0.0 初始波动:-0.34,比率0.0618%
当前时间:11:55:51    当前价格:5.160000 波动价格:0.0 初始波动:-0.34,比率0.0618%
当前时间:11:58:14    当前价格:5.160000 波动价格:0.0 初始波动:-0.34,比率0.0618%
当前时间:11:58:39    当前价格:5.160000 波动价格:0.0 初始波动:-0.34,比率0.0618%
当前时间:11:59:47    当前价格:5.160000 波动价格:0.0 初始波动:-0.34,比率0.0618%
当前时间:12:01:34    当前价格:5.160000 波动价格:0.0 初始波动:-0.34,比率0.0618%
当前时间:12:02:15    当前价格:5.160000 波动价格:0.0 初始波动:-0.34,比率0.0618%
当前时间:12:02:27    当前价格:5.160000 波动价格:0.0 初始波动:-0.34,比率0.0618%
当前时间:12:04:56    当前价格:5.160000 波动价格:0.0 初始波动:-0.34,比率0.0618%
当前时间:12:05:01    当前价格:5.160000 波动价格:0.0 初始波动:-0.34,比率0.0618%
当前时间:12:05:03    当前价格:5.160000 波动价格:0.0 初始波动:-0.34,比率0.0618%
当前时间:12:05:19    当前价格:5.160000 波动价格:0.0 初始波动:-0.34,比率0.0618%
当前时间:12:05:23    当前价格:5.160000 波动价格:0.0 初始波动:-0.34,比率0.0618%
当前时间:12:05:35    当前价格:5.160000 波动价格:0.0 初始波动:-0.34,比率0.0618%
当前时间:12:05:41    当前价格:5.160000 波动价格:0.0 初始波动:-0.34,比率0.0618%
当前时间:12:05:48    当前价格:5.160000 波动价格:0.0 初始波动:-0.34,比率0.0618%
当前时间:12:05:50    当前价格:5.160000 波动价格:0.0 初始波动:-0.34,比率0.0618%
当前时间:12:06:01    当前价格:5.160000 波动价格:0.0 初始波动:-0.34,比率0.0618%
当前时间:12:06:02    当前价格:5.160000 波动价格:0.0 初始波动:-0.34,比率0.0618%
当前时间:12:06:10    当前价格:5.160000 波动价格:0.0 初始波动:-0.34,比率0.0618%
当前时间:12:06:18    当前价格:5.160000 波动价格:0.0 初始波动:-0.34,比率0.0618%
当前时间:12:06:48    当前价格:5.160000 波动价格:0.0 初始波动:-0.34,比率0.0618%
当前时间:12:06:56    当前价格:5.160000 波动价格:0.0 初始波动:-0.34,比率0.0618%
当前时间:12:07:14    当前价格:5.160000 波动价格:0.0 初始波动:-0.34,比率0.0618%
当前时间:12:07:20    当前价格:5.160000 波动价格:0.0 初始波动:-0.34,比率0.0618%
当前时间:12:07:46    当前价格:5.160000 波动价格:0.0 初始波动:-0.34,比率0.0618%
当前时间:12:07:49    当前价格:5.160000 波动价格:0.0 初始波动:-0.34,比率0.0618%
当前时间:12:07:52    当前价格:5.160000 波动价格:0.0 初始波动:-0.34,比率0.0618%
当前时间:12:08:18    当前价格:5.160000 波动价格:0.0 初始波动:-0.34,比率0.0618%
当前时间:12:08:50    当前价格:5.160000 波动价格:0.0 初始波动:-0.34,比率0.0618%
当前时间:12:09:04    当前价格:5.160000 波动价格:0.0 初始波动:-0.34,比率0.0618%
当前时间:12:09:15    当前价格:5.160000 波动价格:0.0 初始波动:-0.34,比率0.0618%
当前时间:12:09:26    当前价格:5.160000 波动价格:0.0 初始波动:-0.34,比率0.0618%
当前时间:12:09:32    当前价格:5.160000 波动价格:0.0 初始波动:-0.34,比率0.0618%
当前时间:12:09:44    当前价格:5.160000 波动价格:0.0 初始波动:-0.34,比率0.0618%
当前时间:12:09:45    当前价格:5.160000 波动价格:0.0 初始波动:-0.34,比率0.0618%
当前时间:12:09:47    当前价格:5.160000 波动价格:0.0 初始波动:-0.34,比率0.0618%
当前时间:12:10:28    当前价格:5.160000 波动价格:0.0 初始波动:-0.34,比率0.0618%
当前时间:12:10:31    当前价格:5.160000 波动价格:0.0 初始波动:-0.34,比率0.0618%
当前时间:12:10:34    当前价格:5.160000 波动价格:0.0 初始波动:-0.34,比率0.0618%
当前时间:12:11:00    当前价格:5.160000 波动价格:0.0 初始波动:-0.34,比率0.0618%
当前时间:12:11:17    当前价格:5.160000 波动价格:0.0 初始波动:-0.34,比率0.0618%
当前时间:12:11:27    当前价格:5.160000 波动价格:0.0 初始波动:-0.34,比率0.0618%
当前时间:12:11:30    当前价格:5.160000 波动价格:0.0 初始波动:-0.34,比率0.0618%
当前时间:12:12:03    当前价格:5.160000 波动价格:0.0 初始波动:-0.34,比率0.0618%
当前时间:12:12:14    当前价格:5.160000 波动价格:0.0 初始波动:-0.34,比率0.0618%
当前时间:12:12:23    当前价格:5.160000 波动价格:0.0 初始波动:-0.34,比率0.0618%
当前时间:12:12:28    当前价格:5.160000 波动价格:0.0 初始波动:-0.34,比率0.0618%
当前时间:12:12:34    当前价格:5.160000 波动价格:0.0 初始波动:-0.34,比率0.0618%
当前时间:12:12:48    当前价格:5.160000 波动价格:0.0 初始波动:-0.34,比率0.0618%
当前时间:12:13:04    当前价格:5.160000 波动价格:0.0 初始波动:-0.34,比率0.0618%
当前时间:12:13:11    当前价格:5.160000 波动价格:0.0 初始波动:-0.34,比率0.0618%
当前时间:12:13:21    当前价格:5.160000 波动价格:0.0 初始波动:-0.34,比率0.0618%
当前时间:12:13:27    当前价格:5.160000 波动价格:0.0 初始波动:-0.34,比率0.0618%
当前时间:12:13:28    当前价格:5.160000 波动价格:0.0 初始波动:-0.34,比率0.0618%
当前时间:12:13:37    当前价格:5.160000 波动价格:0.0 初始波动:-0.34,比率0.0618%
当前时间:12:13:54    当前价格:5.160000 波动价格:0.0 初始波动:-0.34,比率0.0618%
当前时间:12:13:59    当前价格:5.160000 波动价格:0.0 初始波动:-0.34,比率0.0618%
当前时间:12:14:08    当前价格:5.160000 波动价格:0.0 初始波动:-0.34,比率0.0618%
当前时间:12:14:17    当前价格:5.160000 波动价格:0.0 初始波动:-0.34,比率0.0618%
当前时间:12:14:24    当前价格:5.160000 波动价格:0.0 初始波动:-0.34,比率0.0618%
当前时间:12:14:25    当前价格:5.160000 波动价格:0.0 初始波动:-0.34,比率0.0618%
当前时间:12:14:43    当前价格:5.160000 波动价格:0.0 初始波动:-0.34,比率0.0618%
当前时间:12:14:47    当前价格:5.160000 波动价格:0.0 初始波动:-0.34,比率0.0618%
当前时间:12:14:57    当前价格:5.160000 波动价格:0.0 初始波动:-0.34,比率0.0618%
当前时间:12:15:04    当前价格:5.160000 波动价格:0.0 初始波动:-0.34,比率0.0618%
当前时间:12:15:32    当前价格:5.160000 波动价格:0.0 初始波动:-0.34,比率0.0618%
当前时间:12:15:43    当前价格:5.160000 波动价格:0.0 初始波动:-0.34,比率0.0618%
当前时间:12:15:54    当前价格:5.160000 波动价格:0.0 初始波动:-0.34,比率0.0618%
当前时间:12:16:04    当前价格:5.160000 波动价格:0.0 初始波动:-0.34,比率0.0618%
当前时间:12:16:10    当前价格:5.160000 波动价格:0.0 初始波动:-0.34,比率0.0618%
当前时间:12:16:11    当前价格:5.160000 波动价格:0.0 初始波动:-0.34,比率0.0618%
当前时间:12:16:37    当前价格:5.160000 波动价格:0.0 初始波动:-0.34,比率0.0618%
当前时间:12:16:41    当前价格:5.160000 波动价格:0.0 初始波动:-0.34,比率0.0618%
当前时间:12:16:47    当前价格:5.160000 波动价格:0.0 初始波动:-0.34,比率0.0618%
当前时间:12:16:56    当前价格:5.160000 波动价格:0.0 初始波动:-0.34,比率0.0618%
当前时间:12:17:15    当前价格:5.160000 波动价格:0.0 初始波动:-0.34,比率0.0618%
当前时间:12:17:20    当前价格:5.160000 波动价格:0.0 初始波动:-0.34,比率0.0618%
当前时间:12:17:23    当前价格:5.160000 波动价格:0.0 初始波动:-0.34,比率0.0618%
当前时间:12:17:27    当前价格:5.160000 波动价格:0.0 初始波动:-0.34,比率0.0618%
当前时间:12:17:37    当前价格:5.160000 波动价格:0.0 初始波动:-0.34,比率0.0618%
当前时间:12:17:41    当前价格:5.160000 波动价格:0.0 初始波动:-0.34,比率0.0618%
当前时间:12:18:13    当前价格:5.160000 波动价格:0.0 初始波动:-0.34,比率0.0618%
当前时间:12:18:17    当前价格:5.160000 波动价格:0.0 初始波动:-0.34,比率0.0618%
当前时间:12:18:18    当前价格:5.160000 波动价格:0.0 初始波动:-0.34,比率0.0618%
当前时间:12:18:31    当前价格:5.160000 波动价格:0.0 初始波动:-0.34,比率0.0618%
当前时间:12:18:39    当前价格:5.160000 波动价格:0.0 初始波动:-0.34,比率0.0618%
当前时间:12:18:45    当前价格:5.160000 波动价格:0.0 初始波动:-0.34,比率0.0618%
当前时间:12:18:46    当前价格:5.160000 波动价格:0.0 初始波动:-0.34,比率0.0618%
当前时间:12:19:45    当前价格:5.160000 波动价格:0.0 初始波动:-0.34,比率0.0618%
当前时间:12:20:01    当前价格:5.160000 波动价格:0.0 初始波动:-0.34,比率0.0618%
当前时间:12:20:07    当前价格:5.160000 波动价格:0.0 初始波动:-0.34,比率0.0618%
当前时间:12:20:24    当前价格:5.160000 波动价格:0.0 初始波动:-0.34,比率0.0618%
当前时间:12:20:48    当前价格:5.160000 波动价格:0.0 初始波动:-0.34,比率0.0618%
当前时间:12:21:17    当前价格:5.160000 波动价格:0.0 初始波动:-0.34,比率0.0618%
当前时间:12:21:19    当前价格:5.160000 波动价格:0.0 初始波动:-0.34,比率0.0618%
当前时间:12:21:20    当前价格:5.160000 波动价格:0.0 初始波动:-0.34,比率0.0618%
当前时间:12:21:39    当前价格:5.160000 波动价格:0.0 初始波动:-0.34,比率0.0618%
当前时间:12:22:54    当前价格:5.160000 波动价格:0.0 初始波动:-0.34,比率0.0618%
当前时间:12:23:17    当前价格:5.160000 波动价格:0.0 初始波动:-0.34,比率0.0618%
当前时间:12:23:30    当前价格:5.160000 波动价格:0.0 初始波动:-0.34,比率0.0618%
当前时间:12:23:42    当前价格:5.160000 波动价格:0.0 初始波动:-0.34,比率0.0618%
当前时间:12:24:23    当前价格:5.160000 波动价格:0.0 初始波动:-0.34,比率0.0618%
当前时间:12:24:29    当前价格:5.160000 波动价格:0.0 初始波动:-0.34,比率0.0618%
当前时间:12:24:30    当前价格:5.160000 波动价格:0.0 初始波动:-0.34,比率0.0618%
当前时间:12:24:33    当前价格:5.160000 波动价格:0.0 初始波动:-0.34,比率0.0618%
当前时间:12:24:43    当前价格:5.160000 波动价格:0.0 初始波动:-0.34,比率0.0618%
当前时间:12:24:45    当前价格:5.160000 波动价格:0.0 初始波动:-0.34,比率0.0618%
当前时间:12:24:49    当前价格:5.160000 波动价格:0.0 初始波动:-0.34,比率0.0618%
当前时间:12:24:53    当前价格:5.160000 波动价格:0.0 初始波动:-0.34,比率0.0618%
当前时间:12:24:59    当前价格:5.160000 波动价格:0.0 初始波动:-0.34,比率0.0618%
当前时间:12:25:25    当前价格:5.160000 波动价格:0.0 初始波动:-0.34,比率0.0618%
当前时间:12:25:30    当前价格:5.160000 波动价格:0.0 初始波动:-0.34,比率0.0618%
当前时间:12:25:31    当前价格:5.160000 波动价格:0.0 初始波动:-0.34,比率0.0618%
当前时间:12:25:41    当前价格:5.160000 波动价格:0.0 初始波动:-0.34,比率0.0618%
当前时间:12:25:50    当前价格:5.160000 波动价格:0.0 初始波动:-0.34,比率0.0618%
当前时间:12:26:35    当前价格:5.160000 波动价格:0.0 初始波动:-0.34,比率0.0618%
当前时间:12:26:38    当前价格:5.160000 波动价格:0.0 初始波动:-0.34,比率0.0618%
当前时间:12:26:49    当前价格:5.160000 波动价格:0.0 初始波动:-0.34,比率0.0618%
当前时间:12:27:12    当前价格:5.160000 波动价格:0.0 初始波动:-0.34,比率0.0618%
当前时间:12:27:58    当前价格:5.160000 波动价格:0.0 初始波动:-0.34,比率0.0618%
当前时间:12:28:03    当前价格:5.160000 波动价格:0.0 初始波动:-0.34,比率0.0618%
当前时间:12:28:05    当前价格:5.160000 波动价格:0.0 初始波动:-0.34,比率0.0618%
当前时间:12:28:08    当前价格:5.160000 波动价格:0.0 初始波动:-0.34,比率0.0618%
当前时间:12:28:58    当前价格:5.160000 波动价格:0.0 初始波动:-0.34,比率0.0618%
当前时间:12:29:12    当前价格:5.160000 波动价格:0.0 初始波动:-0.34,比率0.0618%
当前时间:12:29:28    当前价格:5.160000 波动价格:0.0 初始波动:-0.34,比率0.0618%
当前时间:12:29:42    当前价格:5.160000 波动价格:0.0 初始波动:-0.34,比率0.0618%
当前时间:12:30:00    当前价格:5.160000 波动价格:0.0 初始波动:-0.34,比率0.0618%
